CRITICAL - 2021-07-24 09:49:35 --> Use of undefined constant APPATH - assumed 'APPATH' (this will throw an Error in a future version of PHP)
#0 /var/www/dev.ramin.online/workspace/dashboard/app/Views/header.php(9): CodeIgniter\Debug\Exceptions->errorHandler()
#1 /var/www/dev.ramin.online/workspace/dashboard/system/View/View.php(230): include('/var/www/dev.ra...')
#2 /var/www/dev.ramin.online/workspace/dashboard/system/View/View.php(232): CodeIgniter\View\View->CodeIgniter\View\{closure}()
#3 /var/www/dev.ramin.online/workspace/dashboard/system/Common.php(1271): CodeIgniter\View\View->render()
#4 /var/www/dev.ramin.online/workspace/dashboard/app/Controllers/Home.php(32): view()
#5 /var/www/dev.ramin.online/workspace/dashboard/system/CodeIgniter.php(928): App\Controllers\Home->index()
#6 /var/www/dev.ramin.online/workspace/dashboard/system/CodeIgniter.php(436): CodeIgniter\CodeIgniter->runController()
#7 /var/www/dev.ramin.online/workspace/dashboard/system/CodeIgniter.php(336): CodeIgniter\CodeIgniter->handleRequest()
#8 /var/www/dev.ramin.online/workspace/dashboard/public/index.php(37): CodeIgniter\CodeIgniter->run()
#9 {main}
CRITICAL - 2021-07-24 09:51:23 --> Use of undefined constant APPATH - assumed 'APPATH' (this will throw an Error in a future version of PHP)
#0 /var/www/dev.ramin.online/workspace/dashboard/app/Views/header.php(9): CodeIgniter\Debug\Exceptions->errorHandler()
#1 /var/www/dev.ramin.online/workspace/dashboard/system/View/View.php(230): include('/var/www/dev.ra...')
#2 /var/www/dev.ramin.online/workspace/dashboard/system/View/View.php(232): CodeIgniter\View\View->CodeIgniter\View\{closure}()
#3 /var/www/dev.ramin.online/workspace/dashboard/system/Common.php(1271): CodeIgniter\View\View->render()
#4 /var/www/dev.ramin.online/workspace/dashboard/app/Controllers/Home.php(32): view()
#5 /var/www/dev.ramin.online/workspace/dashboard/system/CodeIgniter.php(928): App\Controllers\Home->index()
#6 /var/www/dev.ramin.online/workspace/dashboard/system/CodeIgniter.php(436): CodeIgniter\CodeIgniter->runController()
#7 /var/www/dev.ramin.online/workspace/dashboard/system/CodeIgniter.php(336): CodeIgniter\CodeIgniter->handleRequest()
#8 /var/www/dev.ramin.online/workspace/dashboard/public/index.php(37): CodeIgniter\CodeIgniter->run()
#9 {main}
CRITICAL - 2021-07-24 10:18:15 --> syntax error, unexpected '' (T_ENCAPSED_AND_WHITESPACE), expecting '-' or identifier (T_STRING) or variable (T_VARIABLE) or number (T_NUM_STRING)
#0 /var/www/dev.ramin.online/workspace/dashboard/system/View/View.php(232): CodeIgniter\View\View->CodeIgniter\View\{closure}()
#1 /var/www/dev.ramin.online/workspace/dashboard/system/Common.php(1271): CodeIgniter\View\View->render()
#2 /var/www/dev.ramin.online/workspace/dashboard/app/Controllers/Home.php(33): view()
#3 /var/www/dev.ramin.online/workspace/dashboard/system/CodeIgniter.php(928): App\Controllers\Home->index()
#4 /var/www/dev.ramin.online/workspace/dashboard/system/CodeIgniter.php(436): CodeIgniter\CodeIgniter->runController()
#5 /var/www/dev.ramin.online/workspace/dashboard/system/CodeIgniter.php(336): CodeIgniter\CodeIgniter->handleRequest()
#6 /var/www/dev.ramin.online/workspace/dashboard/public/index.php(37): CodeIgniter\CodeIgniter->run()
#7 {main}
CRITICAL - 2021-07-24 10:22:00 --> Invalid file: links_view.php
#0 /var/www/dev.ramin.online/workspace/dashboard/system/View/View.php(213): CodeIgniter\Exceptions\FrameworkException::forInvalidFile()
#1 /var/www/dev.ramin.online/workspace/dashboard/system/Common.php(1271): CodeIgniter\View\View->render()
#2 /var/www/dev.ramin.online/workspace/dashboard/app/Controllers/SiteLinksCrud.php(14): view()
#3 /var/www/dev.ramin.online/workspace/dashboard/system/CodeIgniter.php(928): App\Controllers\SiteLinksCrud->index()
#4 /var/www/dev.ramin.online/workspace/dashboard/system/CodeIgniter.php(436): CodeIgniter\CodeIgniter->runController()
#5 /var/www/dev.ramin.online/workspace/dashboard/system/CodeIgniter.php(336): CodeIgniter\CodeIgniter->handleRequest()
#6 /var/www/dev.ramin.online/workspace/dashboard/public/index.php(37): CodeIgniter\CodeIgniter->run()
#7 {main}
CRITICAL - 2021-07-24 10:36:56 --> Too few arguments to function App\Controllers\SiteLinksCrud::index(), 0 passed in /var/www/dev.ramin.online/workspace/dashboard/system/CodeIgniter.php on line 928 and exactly 1 expected
#0 /var/www/dev.ramin.online/workspace/dashboard/system/CodeIgniter.php(928): App\Controllers\SiteLinksCrud->index()
#1 /var/www/dev.ramin.online/workspace/dashboard/system/CodeIgniter.php(436): CodeIgniter\CodeIgniter->runController()
#2 /var/www/dev.ramin.online/workspace/dashboard/system/CodeIgniter.php(336): CodeIgniter\CodeIgniter->handleRequest()
#3 /var/www/dev.ramin.online/workspace/dashboard/public/index.php(37): CodeIgniter\CodeIgniter->run()
#4 {main}
CRITICAL - 2021-07-24 10:38:09 --> Too few arguments to function App\Controllers\SiteLinksCrud::index(), 0 passed in /var/www/dev.ramin.online/workspace/dashboard/system/CodeIgniter.php on line 928 and exactly 1 expected
#0 /var/www/dev.ramin.online/workspace/dashboard/system/CodeIgniter.php(928): App\Controllers\SiteLinksCrud->index()
#1 /var/www/dev.ramin.online/workspace/dashboard/system/CodeIgniter.php(436): CodeIgniter\CodeIgniter->runController()
#2 /var/www/dev.ramin.online/workspace/dashboard/system/CodeIgniter.php(336): CodeIgniter\CodeIgniter->handleRequest()
#3 /var/www/dev.ramin.online/workspace/dashboard/public/index.php(37): CodeIgniter\CodeIgniter->run()
#4 {main}
CRITICAL - 2021-07-24 10:38:32 --> Too few arguments to function App\Controllers\SiteLinksCrud::index(), 0 passed in /var/www/dev.ramin.online/workspace/dashboard/system/CodeIgniter.php on line 928 and exactly 1 expected
#0 /var/www/dev.ramin.online/workspace/dashboard/system/CodeIgniter.php(928): App\Controllers\SiteLinksCrud->index()
#1 /var/www/dev.ramin.online/workspace/dashboard/system/CodeIgniter.php(436): CodeIgniter\CodeIgniter->runController()
#2 /var/www/dev.ramin.online/workspace/dashboard/system/CodeIgniter.php(336): CodeIgniter\CodeIgniter->handleRequest()
#3 /var/www/dev.ramin.online/workspace/dashboard/public/index.php(37): CodeIgniter\CodeIgniter->run()
#4 {main}
CRITICAL - 2021-07-24 10:38:43 --> Too few arguments to function App\Controllers\SiteLinksCrud::index(), 0 passed in /var/www/dev.ramin.online/workspace/dashboard/system/CodeIgniter.php on line 928 and exactly 1 expected
#0 /var/www/dev.ramin.online/workspace/dashboard/system/CodeIgniter.php(928): App\Controllers\SiteLinksCrud->index()
#1 /var/www/dev.ramin.online/workspace/dashboard/system/CodeIgniter.php(436): CodeIgniter\CodeIgniter->runController()
#2 /var/www/dev.ramin.online/workspace/dashboard/system/CodeIgniter.php(336): CodeIgniter\CodeIgniter->handleRequest()
#3 /var/www/dev.ramin.online/workspace/dashboard/public/index.php(37): CodeIgniter\CodeIgniter->run()
#4 {main}
CRITICAL - 2021-07-24 10:41:57 --> Invalid file: links_view.php
#0 /var/www/dev.ramin.online/workspace/dashboard/system/View/View.php(213): CodeIgniter\Exceptions\FrameworkException::forInvalidFile()
#1 /var/www/dev.ramin.online/workspace/dashboard/system/Common.php(1271): CodeIgniter\View\View->render()
#2 /var/www/dev.ramin.online/workspace/dashboard/app/Controllers/SiteLinksCrud.php(14): view()
#3 /var/www/dev.ramin.online/workspace/dashboard/system/CodeIgniter.php(928): App\Controllers\SiteLinksCrud->index()
#4 /var/www/dev.ramin.online/workspace/dashboard/system/CodeIgniter.php(436): CodeIgniter\CodeIgniter->runController()
#5 /var/www/dev.ramin.online/workspace/dashboard/system/CodeIgniter.php(336): CodeIgniter\CodeIgniter->handleRequest()
#6 /var/www/dev.ramin.online/workspace/dashboard/public/index.php(37): CodeIgniter\CodeIgniter->run()
#7 {main}
CRITICAL - 2021-07-24 10:54:15 --> Call to a member function ASC() on array
#0 /var/www/dev.ramin.online/workspace/dashboard/system/CodeIgniter.php(928): App\Controllers\SiteLinksCrud->index()
#1 /var/www/dev.ramin.online/workspace/dashboard/system/CodeIgniter.php(436): CodeIgniter\CodeIgniter->runController()
#2 /var/www/dev.ramin.online/workspace/dashboard/system/CodeIgniter.php(336): CodeIgniter\CodeIgniter->handleRequest()
#3 /var/www/dev.ramin.online/workspace/dashboard/public/index.php(37): CodeIgniter\CodeIgniter->run()
#4 {main}
CRITICAL - 2021-07-24 10:54:55 --> Call to a member function orderBy() on array
#0 /var/www/dev.ramin.online/workspace/dashboard/system/CodeIgniter.php(928): App\Controllers\SiteLinksCrud->index()
#1 /var/www/dev.ramin.online/workspace/dashboard/system/CodeIgniter.php(436): CodeIgniter\CodeIgniter->runController()
#2 /var/www/dev.ramin.online/workspace/dashboard/system/CodeIgniter.php(336): CodeIgniter\CodeIgniter->handleRequest()
#3 /var/www/dev.ramin.online/workspace/dashboard/public/index.php(37): CodeIgniter\CodeIgniter->run()
#4 {main}
CRITICAL - 2021-07-24 14:15:55 --> syntax error, unexpected 'return' (T_RETURN)
#0 /var/www/dev.ramin.online/workspace/dashboard/system/Autoloader/Autoloader.php(273): CodeIgniter\Autoloader\Autoloader->includeFile()
#1 /var/www/dev.ramin.online/workspace/dashboard/system/Autoloader/Autoloader.php(247): CodeIgniter\Autoloader\Autoloader->loadInNamespace()
#2 [internal function]: CodeIgniter\Autoloader\Autoloader->loadClass()
#3 [internal function]: spl_autoload_call()
#4 /var/www/dev.ramin.online/workspace/dashboard/system/CodeIgniter.php(885): class_exists()
#5 /var/www/dev.ramin.online/workspace/dashboard/system/CodeIgniter.php(421): CodeIgniter\CodeIgniter->startController()
#6 /var/www/dev.ramin.online/workspace/dashboard/system/CodeIgniter.php(336): CodeIgniter\CodeIgniter->handleRequest()
#7 /var/www/dev.ramin.online/workspace/dashboard/public/index.php(37): CodeIgniter\CodeIgniter->run()
#8 {main}
CRITICAL - 2021-07-24 14:16:20 --> syntax error, unexpected 'return' (T_RETURN)
#0 /var/www/dev.ramin.online/workspace/dashboard/system/Autoloader/Autoloader.php(273): CodeIgniter\Autoloader\Autoloader->includeFile()
#1 /var/www/dev.ramin.online/workspace/dashboard/system/Autoloader/Autoloader.php(247): CodeIgniter\Autoloader\Autoloader->loadInNamespace()
#2 [internal function]: CodeIgniter\Autoloader\Autoloader->loadClass()
#3 [internal function]: spl_autoload_call()
#4 /var/www/dev.ramin.online/workspace/dashboard/system/CodeIgniter.php(885): class_exists()
#5 /var/www/dev.ramin.online/workspace/dashboard/system/CodeIgniter.php(421): CodeIgniter\CodeIgniter->startController()
#6 /var/www/dev.ramin.online/workspace/dashboard/system/CodeIgniter.php(336): CodeIgniter\CodeIgniter->handleRequest()
#7 /var/www/dev.ramin.online/workspace/dashboard/public/index.php(37): CodeIgniter\CodeIgniter->run()
#8 {main}
CRITICAL - 2021-07-24 14:16:23 --> syntax error, unexpected 'return' (T_RETURN)
#0 /var/www/dev.ramin.online/workspace/dashboard/system/Router/Router.php(169): CodeIgniter\Router\Router->autoRoute()
#1 /var/www/dev.ramin.online/workspace/dashboard/system/CodeIgniter.php(809): CodeIgniter\Router\Router->handle()
#2 /var/www/dev.ramin.online/workspace/dashboard/system/CodeIgniter.php(389): CodeIgniter\CodeIgniter->tryToRouteIt()
#3 /var/www/dev.ramin.online/workspace/dashboard/system/CodeIgniter.php(336): CodeIgniter\CodeIgniter->handleRequest()
#4 /var/www/dev.ramin.online/workspace/dashboard/public/index.php(37): CodeIgniter\CodeIgniter->run()
#5 {main}
CRITICAL - 2021-07-24 14:16:28 --> syntax error, unexpected 'return' (T_RETURN)
#0 /var/www/dev.ramin.online/workspace/dashboard/system/Router/Router.php(169): CodeIgniter\Router\Router->autoRoute()
#1 /var/www/dev.ramin.online/workspace/dashboard/system/CodeIgniter.php(809): CodeIgniter\Router\Router->handle()
#2 /var/www/dev.ramin.online/workspace/dashboard/system/CodeIgniter.php(389): CodeIgniter\CodeIgniter->tryToRouteIt()
#3 /var/www/dev.ramin.online/workspace/dashboard/system/CodeIgniter.php(336): CodeIgniter\CodeIgniter->handleRequest()
#4 /var/www/dev.ramin.online/workspace/dashboard/public/index.php(37): CodeIgniter\CodeIgniter->run()
#5 {main}
CRITICAL - 2021-07-24 14:16:59 --> syntax error, unexpected 'return' (T_RETURN)
#0 /var/www/dev.ramin.online/workspace/dashboard/system/Router/Router.php(169): CodeIgniter\Router\Router->autoRoute()
#1 /var/www/dev.ramin.online/workspace/dashboard/system/CodeIgniter.php(809): CodeIgniter\Router\Router->handle()
#2 /var/www/dev.ramin.online/workspace/dashboard/system/CodeIgniter.php(389): CodeIgniter\CodeIgniter->tryToRouteIt()
#3 /var/www/dev.ramin.online/workspace/dashboard/system/CodeIgniter.php(336): CodeIgniter\CodeIgniter->handleRequest()
#4 /var/www/dev.ramin.online/workspace/dashboard/public/index.php(37): CodeIgniter\CodeIgniter->run()
#5 {main}
CRITICAL - 2021-07-24 14:17:05 --> syntax error, unexpected 'return' (T_RETURN)
#0 /var/www/dev.ramin.online/workspace/dashboard/system/Router/Router.php(169): CodeIgniter\Router\Router->autoRoute()
#1 /var/www/dev.ramin.online/workspace/dashboard/system/CodeIgniter.php(809): CodeIgniter\Router\Router->handle()
#2 /var/www/dev.ramin.online/workspace/dashboard/system/CodeIgniter.php(389): CodeIgniter\CodeIgniter->tryToRouteIt()
#3 /var/www/dev.ramin.online/workspace/dashboard/system/CodeIgniter.php(336): CodeIgniter\CodeIgniter->handleRequest()
#4 /var/www/dev.ramin.online/workspace/dashboard/public/index.php(37): CodeIgniter\CodeIgniter->run()
#5 {main}
CRITICAL - 2021-07-24 14:27:42 --> Too few arguments to function App\Controllers\Sites::update(), 0 passed in /var/www/dev.ramin.online/workspace/dashboard/system/CodeIgniter.php on line 928 and exactly 1 expected
#0 /var/www/dev.ramin.online/workspace/dashboard/system/CodeIgniter.php(928): App\Controllers\Sites->update()
#1 /var/www/dev.ramin.online/workspace/dashboard/system/CodeIgniter.php(436): CodeIgniter\CodeIgniter->runController()
#2 /var/www/dev.ramin.online/workspace/dashboard/system/CodeIgniter.php(336): CodeIgniter\CodeIgniter->handleRequest()
#3 /var/www/dev.ramin.online/workspace/dashboard/public/index.php(37): CodeIgniter\CodeIgniter->run()
#4 {main}
CRITICAL - 2021-07-24 14:29:13 --> syntax error, unexpected '<'
#0 /var/www/dev.ramin.online/workspace/dashboard/system/View/View.php(232): CodeIgniter\View\View->CodeIgniter\View\{closure}()
#1 /var/www/dev.ramin.online/workspace/dashboard/system/Common.php(1271): CodeIgniter\View\View->render()
#2 /var/www/dev.ramin.online/workspace/dashboard/app/Controllers/Sites.php(19): view()
#3 /var/www/dev.ramin.online/workspace/dashboard/system/CodeIgniter.php(928): App\Controllers\Sites->singleSite()
#4 /var/www/dev.ramin.online/workspace/dashboard/system/CodeIgniter.php(436): CodeIgniter\CodeIgniter->runController()
#5 /var/www/dev.ramin.online/workspace/dashboard/system/CodeIgniter.php(336): CodeIgniter\CodeIgniter->handleRequest()
#6 /var/www/dev.ramin.online/workspace/dashboard/public/index.php(37): CodeIgniter\CodeIgniter->run()
#7 {main}
CRITICAL - 2021-07-24 14:29:19 --> syntax error, unexpected '<'
#0 /var/www/dev.ramin.online/workspace/dashboard/system/View/View.php(232): CodeIgniter\View\View->CodeIgniter\View\{closure}()
#1 /var/www/dev.ramin.online/workspace/dashboard/system/Common.php(1271): CodeIgniter\View\View->render()
#2 /var/www/dev.ramin.online/workspace/dashboard/app/Controllers/Sites.php(19): view()
#3 /var/www/dev.ramin.online/workspace/dashboard/system/CodeIgniter.php(928): App\Controllers\Sites->singleSite()
#4 /var/www/dev.ramin.online/workspace/dashboard/system/CodeIgniter.php(436): CodeIgniter\CodeIgniter->runController()
#5 /var/www/dev.ramin.online/workspace/dashboard/system/CodeIgniter.php(336): CodeIgniter\CodeIgniter->handleRequest()
#6 /var/www/dev.ramin.online/workspace/dashboard/public/index.php(37): CodeIgniter\CodeIgniter->run()
#7 {main}
CRITICAL - 2021-07-24 14:38:29 --> Call to a member function getVar() on null
#0 /var/www/dev.ramin.online/workspace/dashboard/system/CodeIgniter.php(928): App\Controllers\Sites->update()
#1 /var/www/dev.ramin.online/workspace/dashboard/system/CodeIgniter.php(436): CodeIgniter\CodeIgniter->runController()
#2 /var/www/dev.ramin.online/workspace/dashboard/system/CodeIgniter.php(336): CodeIgniter\CodeIgniter->handleRequest()
#3 /var/www/dev.ramin.online/workspace/dashboard/public/index.php(37): CodeIgniter\CodeIgniter->run()
#4 {main}
CRITICAL - 2021-07-24 14:38:52 --> Call to a member function getVar() on null
#0 /var/www/dev.ramin.online/workspace/dashboard/system/CodeIgniter.php(928): App\Controllers\Sites->update()
#1 /var/www/dev.ramin.online/workspace/dashboard/system/CodeIgniter.php(436): CodeIgniter\CodeIgniter->runController()
#2 /var/www/dev.ramin.online/workspace/dashboard/system/CodeIgniter.php(336): CodeIgniter\CodeIgniter->handleRequest()
#3 /var/www/dev.ramin.online/workspace/dashboard/public/index.php(37): CodeIgniter\CodeIgniter->run()
#4 {main}
CRITICAL - 2021-07-24 14:48:18 --> Too few arguments to function App\Controllers\Sites::update(), 0 passed in /var/www/dev.ramin.online/workspace/dashboard/system/CodeIgniter.php on line 928 and exactly 1 expected
#0 /var/www/dev.ramin.online/workspace/dashboard/system/CodeIgniter.php(928): App\Controllers\Sites->update()
#1 /var/www/dev.ramin.online/workspace/dashboard/system/CodeIgniter.php(436): CodeIgniter\CodeIgniter->runController()
#2 /var/www/dev.ramin.online/workspace/dashboard/system/CodeIgniter.php(336): CodeIgniter\CodeIgniter->handleRequest()
#3 /var/www/dev.ramin.online/workspace/dashboard/public/index.php(37): CodeIgniter\CodeIgniter->run()
#4 {main}
CRITICAL - 2021-07-24 14:53:13 --> Class 'App\Controllers\SiteModel' not found
#0 /var/www/dev.ramin.online/workspace/dashboard/system/CodeIgniter.php(928): App\Controllers\Sites->delete()
#1 /var/www/dev.ramin.online/workspace/dashboard/system/CodeIgniter.php(436): CodeIgniter\CodeIgniter->runController()
#2 /var/www/dev.ramin.online/workspace/dashboard/system/CodeIgniter.php(336): CodeIgniter\CodeIgniter->handleRequest()
#3 /var/www/dev.ramin.online/workspace/dashboard/public/index.php(37): CodeIgniter\CodeIgniter->run()
#4 {main}
CRITICAL - 2021-07-24 14:53:35 --> Call to a member function where() on null
#0 /var/www/dev.ramin.online/workspace/dashboard/system/CodeIgniter.php(928): App\Controllers\Sites->delete()
#1 /var/www/dev.ramin.online/workspace/dashboard/system/CodeIgniter.php(436): CodeIgniter\CodeIgniter->runController()
#2 /var/www/dev.ramin.online/workspace/dashboard/system/CodeIgniter.php(336): CodeIgniter\CodeIgniter->handleRequest()
#3 /var/www/dev.ramin.online/workspace/dashboard/public/index.php(37): CodeIgniter\CodeIgniter->run()
#4 {main}
CRITICAL - 2021-07-24 14:54:52 --> Call to a member function where() on null
#0 /var/www/dev.ramin.online/workspace/dashboard/system/CodeIgniter.php(928): App\Controllers\Sites->delete()
#1 /var/www/dev.ramin.online/workspace/dashboard/system/CodeIgniter.php(436): CodeIgniter\CodeIgniter->runController()
#2 /var/www/dev.ramin.online/workspace/dashboard/system/CodeIgniter.php(336): CodeIgniter\CodeIgniter->handleRequest()
#3 /var/www/dev.ramin.online/workspace/dashboard/public/index.php(37): CodeIgniter\CodeIgniter->run()
#4 {main}
CRITICAL - 2021-07-24 15:00:39 --> Invalid file: add_links.php
#0 /var/www/dev.ramin.online/workspace/dashboard/system/View/View.php(213): CodeIgniter\Exceptions\FrameworkException::forInvalidFile()
#1 /var/www/dev.ramin.online/workspace/dashboard/system/Common.php(1271): CodeIgniter\View\View->render()
#2 /var/www/dev.ramin.online/workspace/dashboard/app/Controllers/Links.php(19): view()
#3 /var/www/dev.ramin.online/workspace/dashboard/system/CodeIgniter.php(928): App\Controllers\Links->create()
#4 /var/www/dev.ramin.online/workspace/dashboard/system/CodeIgniter.php(436): CodeIgniter\CodeIgniter->runController()
#5 /var/www/dev.ramin.online/workspace/dashboard/system/CodeIgniter.php(336): CodeIgniter\CodeIgniter->handleRequest()
#6 /var/www/dev.ramin.online/workspace/dashboard/public/index.php(37): CodeIgniter\CodeIgniter->run()
#7 {main}
CRITICAL - 2021-07-24 15:02:12 --> syntax error, unexpected '?'
#0 /var/www/dev.ramin.online/workspace/dashboard/system/View/View.php(232): CodeIgniter\View\View->CodeIgniter\View\{closure}()
#1 /var/www/dev.ramin.online/workspace/dashboard/system/Common.php(1271): CodeIgniter\View\View->render()
#2 /var/www/dev.ramin.online/workspace/dashboard/app/Controllers/Links.php(14): view()
#3 /var/www/dev.ramin.online/workspace/dashboard/system/CodeIgniter.php(928): App\Controllers\Links->index()
#4 /var/www/dev.ramin.online/workspace/dashboard/system/CodeIgniter.php(436): CodeIgniter\CodeIgniter->runController()
#5 /var/www/dev.ramin.online/workspace/dashboard/system/CodeIgniter.php(336): CodeIgniter\CodeIgniter->handleRequest()
#6 /var/www/dev.ramin.online/workspace/dashboard/public/index.php(37): CodeIgniter\CodeIgniter->run()
#7 {main}
CRITICAL - 2021-07-24 15:06:24 --> syntax error, unexpected '?>', expecting ')'
#0 /var/www/dev.ramin.online/workspace/dashboard/system/View/View.php(232): CodeIgniter\View\View->CodeIgniter\View\{closure}()
#1 /var/www/dev.ramin.online/workspace/dashboard/system/Common.php(1271): CodeIgniter\View\View->render()
#2 /var/www/dev.ramin.online/workspace/dashboard/app/Controllers/Links.php(14): view()
#3 /var/www/dev.ramin.online/workspace/dashboard/system/CodeIgniter.php(928): App\Controllers\Links->index()
#4 /var/www/dev.ramin.online/workspace/dashboard/system/CodeIgniter.php(436): CodeIgniter\CodeIgniter->runController()
#5 /var/www/dev.ramin.online/workspace/dashboard/system/CodeIgniter.php(336): CodeIgniter\CodeIgniter->handleRequest()
#6 /var/www/dev.ramin.online/workspace/dashboard/public/index.php(37): CodeIgniter\CodeIgniter->run()
#7 {main}
CRITICAL - 2021-07-24 15:06:30 --> syntax error, unexpected ';', expecting ')'
#0 /var/www/dev.ramin.online/workspace/dashboard/system/View/View.php(232): CodeIgniter\View\View->CodeIgniter\View\{closure}()
#1 /var/www/dev.ramin.online/workspace/dashboard/system/Common.php(1271): CodeIgniter\View\View->render()
#2 /var/www/dev.ramin.online/workspace/dashboard/app/Controllers/Links.php(14): view()
#3 /var/www/dev.ramin.online/workspace/dashboard/system/CodeIgniter.php(928): App\Controllers\Links->index()
#4 /var/www/dev.ramin.online/workspace/dashboard/system/CodeIgniter.php(436): CodeIgniter\CodeIgniter->runController()
#5 /var/www/dev.ramin.online/workspace/dashboard/system/CodeIgniter.php(336): CodeIgniter\CodeIgniter->handleRequest()
#6 /var/www/dev.ramin.online/workspace/dashboard/public/index.php(37): CodeIgniter\CodeIgniter->run()
#7 {main}
CRITICAL - 2021-07-24 15:17:03 --> Class 'App\Controllers\SitesLinksModel' not found
#0 /var/www/dev.ramin.online/workspace/dashboard/system/CodeIgniter.php(928): App\Controllers\Links->store()
#1 /var/www/dev.ramin.online/workspace/dashboard/system/CodeIgniter.php(436): CodeIgniter\CodeIgniter->runController()
#2 /var/www/dev.ramin.online/workspace/dashboard/system/CodeIgniter.php(336): CodeIgniter\CodeIgniter->handleRequest()
#3 /var/www/dev.ramin.online/workspace/dashboard/public/index.php(37): CodeIgniter\CodeIgniter->run()
#4 {main}
CRITICAL - 2021-07-24 15:21:17 --> Too few arguments to function App\Controllers\Links::store(), 0 passed in /var/www/dev.ramin.online/workspace/dashboard/system/CodeIgniter.php on line 928 and exactly 1 expected
#0 /var/www/dev.ramin.online/workspace/dashboard/system/CodeIgniter.php(928): App\Controllers\Links->store()
#1 /var/www/dev.ramin.online/workspace/dashboard/system/CodeIgniter.php(436): CodeIgniter\CodeIgniter->runController()
#2 /var/www/dev.ramin.online/workspace/dashboard/system/CodeIgniter.php(336): CodeIgniter\CodeIgniter->handleRequest()
#3 /var/www/dev.ramin.online/workspace/dashboard/public/index.php(37): CodeIgniter\CodeIgniter->run()
#4 {main}
ERROR - 2021-07-24 15:25:43 --> Cannot add or update a child row: a foreign key constraint fails (`dashboard`.`site_links`, CONSTRAINT `site_links_ibfk_1` FOREIGN KEY (`sites_id`) REFERENCES `sites` (`site_id`) ON DELETE RESTRICT ON UPDATE RESTRICT)
CRITICAL - 2021-07-24 15:26:15 --> Too few arguments to function App\Controllers\Links::index(), 0 passed in /var/www/dev.ramin.online/workspace/dashboard/system/CodeIgniter.php on line 928 and exactly 1 expected
#0 /var/www/dev.ramin.online/workspace/dashboard/system/CodeIgniter.php(928): App\Controllers\Links->index()
#1 /var/www/dev.ramin.online/workspace/dashboard/system/CodeIgniter.php(436): CodeIgniter\CodeIgniter->runController()
#2 /var/www/dev.ramin.online/workspace/dashboard/system/CodeIgniter.php(336): CodeIgniter\CodeIgniter->handleRequest()
#3 /var/www/dev.ramin.online/workspace/dashboard/public/index.php(37): CodeIgniter\CodeIgniter->run()
#4 {main}
ERROR - 2021-07-24 15:28:15 --> Cannot add or update a child row: a foreign key constraint fails (`dashboard`.`site_links`, CONSTRAINT `site_links_ibfk_1` FOREIGN KEY (`sites_id`) REFERENCES `sites` (`site_id`) ON DELETE RESTRICT ON UPDATE RESTRICT)
ERROR - 2021-07-24 15:30:28 --> Cannot add or update a child row: a foreign key constraint fails (`dashboard`.`site_links`, CONSTRAINT `site_links_ibfk_1` FOREIGN KEY (`sites_id`) REFERENCES `sites` (`site_id`) ON DELETE RESTRICT ON UPDATE RESTRICT)
ERROR - 2021-07-24 15:32:41 --> Cannot add or update a child row: a foreign key constraint fails (`dashboard`.`site_links`, CONSTRAINT `site_links_ibfk_1` FOREIGN KEY (`sites_id`) REFERENCES `sites` (`site_id`) ON DELETE RESTRICT ON UPDATE RESTRICT)
ERROR - 2021-07-24 15:34:06 --> Cannot add or update a child row: a foreign key constraint fails (`dashboard`.`site_links`, CONSTRAINT `site_links_ibfk_1` FOREIGN KEY (`sites_id`) REFERENCES `sites` (`site_id`) ON DELETE RESTRICT ON UPDATE RESTRICT)
CRITICAL - 2021-07-24 15:46:27 --> Class 'App\Controllers\SitesLinksModel' not found
#0 /var/www/dev.ramin.online/workspace/dashboard/system/CodeIgniter.php(928): App\Controllers\Links->singleLink()
#1 /var/www/dev.ramin.online/workspace/dashboard/system/CodeIgniter.php(436): CodeIgniter\CodeIgniter->runController()
#2 /var/www/dev.ramin.online/workspace/dashboard/system/CodeIgniter.php(336): CodeIgniter\CodeIgniter->handleRequest()
#3 /var/www/dev.ramin.online/workspace/dashboard/public/index.php(37): CodeIgniter\CodeIgniter->run()
#4 {main}
CRITICAL - 2021-07-24 15:51:15 --> Too few arguments to function App\Controllers\Sites::update(), 0 passed in /var/www/dev.ramin.online/workspace/dashboard/system/CodeIgniter.php on line 928 and exactly 1 expected
#0 /var/www/dev.ramin.online/workspace/dashboard/system/CodeIgniter.php(928): App\Controllers\Sites->update()
#1 /var/www/dev.ramin.online/workspace/dashboard/system/CodeIgniter.php(436): CodeIgniter\CodeIgniter->runController()
#2 /var/www/dev.ramin.online/workspace/dashboard/system/CodeIgniter.php(336): CodeIgniter\CodeIgniter->handleRequest()
#3 /var/www/dev.ramin.online/workspace/dashboard/public/index.php(37): CodeIgniter\CodeIgniter->run()
#4 {main}
CRITICAL - 2021-07-24 16:00:13 --> syntax error, unexpected ';', expecting ')'
#0 /var/www/dev.ramin.online/workspace/dashboard/system/View/View.php(232): CodeIgniter\View\View->CodeIgniter\View\{closure}()
#1 /var/www/dev.ramin.online/workspace/dashboard/system/Common.php(1271): CodeIgniter\View\View->render()
#2 /var/www/dev.ramin.online/workspace/dashboard/app/Controllers/Links.php(44): view()
#3 /var/www/dev.ramin.online/workspace/dashboard/system/CodeIgniter.php(928): App\Controllers\Links->singleLink()
#4 /var/www/dev.ramin.online/workspace/dashboard/system/CodeIgniter.php(436): CodeIgniter\CodeIgniter->runController()
#5 /var/www/dev.ramin.online/workspace/dashboard/system/CodeIgniter.php(336): CodeIgniter\CodeIgniter->handleRequest()
#6 /var/www/dev.ramin.online/workspace/dashboard/public/index.php(37): CodeIgniter\CodeIgniter->run()
#7 {main}
CRITICAL - 2021-07-24 16:04:22 --> syntax error, unexpected '?>', expecting ')'
#0 /var/www/dev.ramin.online/workspace/dashboard/system/View/View.php(232): CodeIgniter\View\View->CodeIgniter\View\{closure}()
#1 /var/www/dev.ramin.online/workspace/dashboard/system/Common.php(1271): CodeIgniter\View\View->render()
#2 /var/www/dev.ramin.online/workspace/dashboard/app/Controllers/Links.php(45): view()
#3 /var/www/dev.ramin.online/workspace/dashboard/system/CodeIgniter.php(928): App\Controllers\Links->singleLink()
#4 /var/www/dev.ramin.online/workspace/dashboard/system/CodeIgniter.php(436): CodeIgniter\CodeIgniter->runController()
#5 /var/www/dev.ramin.online/workspace/dashboard/system/CodeIgniter.php(336): CodeIgniter\CodeIgniter->handleRequest()
#6 /var/www/dev.ramin.online/workspace/dashboard/public/index.php(37): CodeIgniter\CodeIgniter->run()
#7 {main}
CRITICAL - 2021-07-24 16:04:50 --> syntax error, unexpected '?>', expecting ')'
#0 /var/www/dev.ramin.online/workspace/dashboard/system/View/View.php(232): CodeIgniter\View\View->CodeIgniter\View\{closure}()
#1 /var/www/dev.ramin.online/workspace/dashboard/system/Common.php(1271): CodeIgniter\View\View->render()
#2 /var/www/dev.ramin.online/workspace/dashboard/app/Controllers/Links.php(45): view()
#3 /var/www/dev.ramin.online/workspace/dashboard/system/CodeIgniter.php(928): App\Controllers\Links->singleLink()
#4 /var/www/dev.ramin.online/workspace/dashboard/system/CodeIgniter.php(436): CodeIgniter\CodeIgniter->runController()
#5 /var/www/dev.ramin.online/workspace/dashboard/system/CodeIgniter.php(336): CodeIgniter\CodeIgniter->handleRequest()
#6 /var/www/dev.ramin.online/workspace/dashboard/public/index.php(37): CodeIgniter\CodeIgniter->run()
#7 {main}
CRITICAL - 2021-07-24 16:05:34 --> syntax error, unexpected ';', expecting ')'
#0 /var/www/dev.ramin.online/workspace/dashboard/system/View/View.php(232): CodeIgniter\View\View->CodeIgniter\View\{closure}()
#1 /var/www/dev.ramin.online/workspace/dashboard/system/Common.php(1271): CodeIgniter\View\View->render()
#2 /var/www/dev.ramin.online/workspace/dashboard/app/Controllers/Links.php(45): view()
#3 /var/www/dev.ramin.online/workspace/dashboard/system/CodeIgniter.php(928): App\Controllers\Links->singleLink()
#4 /var/www/dev.ramin.online/workspace/dashboard/system/CodeIgniter.php(436): CodeIgniter\CodeIgniter->runController()
#5 /var/www/dev.ramin.online/workspace/dashboard/system/CodeIgniter.php(336): CodeIgniter\CodeIgniter->handleRequest()
#6 /var/www/dev.ramin.online/workspace/dashboard/public/index.php(37): CodeIgniter\CodeIgniter->run()
#7 {main}
ERROR - 2021-07-24 16:07:56 --> Cannot add or update a child row: a foreign key constraint fails (`dashboard`.`site_links`, CONSTRAINT `site_links_ibfk_1` FOREIGN KEY (`sites_id`) REFERENCES `sites` (`site_id`) ON DELETE RESTRICT ON UPDATE RESTRICT)
CRITICAL - 2021-07-24 16:08:15 --> Too few arguments to function App\Controllers\Links::index(), 0 passed in /var/www/dev.ramin.online/workspace/dashboard/system/CodeIgniter.php on line 928 and exactly 1 expected
#0 /var/www/dev.ramin.online/workspace/dashboard/system/CodeIgniter.php(928): App\Controllers\Links->index()
#1 /var/www/dev.ramin.online/workspace/dashboard/system/CodeIgniter.php(436): CodeIgniter\CodeIgniter->runController()
#2 /var/www/dev.ramin.online/workspace/dashboard/system/CodeIgniter.php(336): CodeIgniter\CodeIgniter->handleRequest()
#3 /var/www/dev.ramin.online/workspace/dashboard/public/index.php(37): CodeIgniter\CodeIgniter->run()
#4 {main}
ERROR - 2021-07-24 16:08:46 --> Cannot add or update a child row: a foreign key constraint fails (`dashboard`.`site_links`, CONSTRAINT `site_links_ibfk_1` FOREIGN KEY (`sites_id`) REFERENCES `sites` (`site_id`) ON DELETE RESTRICT ON UPDATE RESTRICT)
ERROR - 2021-07-24 16:09:13 --> Cannot add or update a child row: a foreign key constraint fails (`dashboard`.`site_links`, CONSTRAINT `site_links_ibfk_1` FOREIGN KEY (`sites_id`) REFERENCES `sites` (`site_id`) ON DELETE RESTRICT ON UPDATE RESTRICT)
ERROR - 2021-07-24 16:10:22 --> Cannot add or update a child row: a foreign key constraint fails (`dashboard`.`site_links`, CONSTRAINT `site_links_ibfk_1` FOREIGN KEY (`sites_id`) REFERENCES `sites` (`site_id`) ON DELETE RESTRICT ON UPDATE RESTRICT)
ERROR - 2021-07-24 16:13:55 --> Cannot add or update a child row: a foreign key constraint fails (`dashboard`.`site_links`, CONSTRAINT `site_links_ibfk_1` FOREIGN KEY (`sites_id`) REFERENCES `sites` (`site_id`) ON DELETE RESTRICT ON UPDATE RESTRICT)
CRITICAL - 2021-07-24 16:13:55 --> Too few arguments to function App\Controllers\Links::index(), 0 passed in /var/www/dev.ramin.online/workspace/dashboard/system/CodeIgniter.php on line 928 and exactly 1 expected
#0 /var/www/dev.ramin.online/workspace/dashboard/system/CodeIgniter.php(928): App\Controllers\Links->index()
#1 /var/www/dev.ramin.online/workspace/dashboard/system/CodeIgniter.php(436): CodeIgniter\CodeIgniter->runController()
#2 /var/www/dev.ramin.online/workspace/dashboard/system/CodeIgniter.php(336): CodeIgniter\CodeIgniter->handleRequest()
#3 /var/www/dev.ramin.online/workspace/dashboard/public/index.php(37): CodeIgniter\CodeIgniter->run()
#4 {main}
CRITICAL - 2021-07-24 16:14:11 --> Too few arguments to function App\Controllers\Links::index(), 0 passed in /var/www/dev.ramin.online/workspace/dashboard/system/CodeIgniter.php on line 928 and exactly 1 expected
#0 /var/www/dev.ramin.online/workspace/dashboard/system/CodeIgniter.php(928): App\Controllers\Links->index()
#1 /var/www/dev.ramin.online/workspace/dashboard/system/CodeIgniter.php(436): CodeIgniter\CodeIgniter->runController()
#2 /var/www/dev.ramin.online/workspace/dashboard/system/CodeIgniter.php(336): CodeIgniter\CodeIgniter->handleRequest()
#3 /var/www/dev.ramin.online/workspace/dashboard/public/index.php(37): CodeIgniter\CodeIgniter->run()
#4 {main}
ERROR - 2021-07-24 16:14:17 --> Cannot add or update a child row: a foreign key constraint fails (`dashboard`.`site_links`, CONSTRAINT `site_links_ibfk_1` FOREIGN KEY (`sites_id`) REFERENCES `sites` (`site_id`) ON DELETE RESTRICT ON UPDATE RESTRICT)
ERROR - 2021-07-24 16:14:40 --> Cannot add or update a child row: a foreign key constraint fails (`dashboard`.`site_links`, CONSTRAINT `site_links_ibfk_1` FOREIGN KEY (`sites_id`) REFERENCES `sites` (`site_id`) ON DELETE RESTRICT ON UPDATE RESTRICT)
ERROR - 2021-07-24 16:15:08 --> Cannot add or update a child row: a foreign key constraint fails (`dashboard`.`site_links`, CONSTRAINT `site_links_ibfk_1` FOREIGN KEY (`sites_id`) REFERENCES `sites` (`site_id`) ON DELETE RESTRICT ON UPDATE RESTRICT)
CRITICAL - 2021-07-24 16:15:08 --> Too few arguments to function App\Controllers\Links::index(), 0 passed in /var/www/dev.ramin.online/workspace/dashboard/system/CodeIgniter.php on line 928 and exactly 1 expected
#0 /var/www/dev.ramin.online/workspace/dashboard/system/CodeIgniter.php(928): App\Controllers\Links->index()
#1 /var/www/dev.ramin.online/workspace/dashboard/system/CodeIgniter.php(436): CodeIgniter\CodeIgniter->runController()
#2 /var/www/dev.ramin.online/workspace/dashboard/system/CodeIgniter.php(336): CodeIgniter\CodeIgniter->handleRequest()
#3 /var/www/dev.ramin.online/workspace/dashboard/public/index.php(37): CodeIgniter\CodeIgniter->run()
#4 {main}
CRITICAL - 2021-07-24 16:21:16 --> Too few arguments to function App\Controllers\Links::index(), 0 passed in /var/www/dev.ramin.online/workspace/dashboard/system/CodeIgniter.php on line 928 and exactly 1 expected
#0 /var/www/dev.ramin.online/workspace/dashboard/system/CodeIgniter.php(928): App\Controllers\Links->index()
#1 /var/www/dev.ramin.online/workspace/dashboard/system/CodeIgniter.php(436): CodeIgniter\CodeIgniter->runController()
#2 /var/www/dev.ramin.online/workspace/dashboard/system/CodeIgniter.php(336): CodeIgniter\CodeIgniter->handleRequest()
#3 /var/www/dev.ramin.online/workspace/dashboard/public/index.php(37): CodeIgniter\CodeIgniter->run()
#4 {main}
CRITICAL - 2021-07-24 16:25:52 --> syntax error, unexpected '/'
#0 /var/www/dev.ramin.online/workspace/dashboard/system/View/View.php(232): CodeIgniter\View\View->CodeIgniter\View\{closure}()
#1 /var/www/dev.ramin.online/workspace/dashboard/system/Common.php(1271): CodeIgniter\View\View->render()
#2 /var/www/dev.ramin.online/workspace/dashboard/app/Controllers/Home.php(33): view()
#3 /var/www/dev.ramin.online/workspace/dashboard/system/CodeIgniter.php(928): App\Controllers\Home->index()
#4 /var/www/dev.ramin.online/workspace/dashboard/system/CodeIgniter.php(436): CodeIgniter\CodeIgniter->runController()
#5 /var/www/dev.ramin.online/workspace/dashboard/system/CodeIgniter.php(336): CodeIgniter\CodeIgniter->handleRequest()
#6 /var/www/dev.ramin.online/workspace/dashboard/public/index.php(37): CodeIgniter\CodeIgniter->run()
#7 {main}
CRITICAL - 2021-07-24 17:15:21 --> syntax error, unexpected ''); ?>" rel="stylesheet">' (T_ENCAPSED_AND_WHITESPACE)
#0 /var/www/dev.ramin.online/workspace/dashboard/system/View/View.php(232): CodeIgniter\View\View->CodeIgniter\View\{closure}()
#1 /var/www/dev.ramin.online/workspace/dashboard/system/Common.php(1271): CodeIgniter\View\View->render()
#2 /var/www/dev.ramin.online/workspace/dashboard/app/Controllers/Home.php(22): view()
#3 /var/www/dev.ramin.online/workspace/dashboard/system/CodeIgniter.php(928): App\Controllers\Home->index()
#4 /var/www/dev.ramin.online/workspace/dashboard/system/CodeIgniter.php(436): CodeIgniter\CodeIgniter->runController()
#5 /var/www/dev.ramin.online/workspace/dashboard/system/CodeIgniter.php(336): CodeIgniter\CodeIgniter->handleRequest()
#6 /var/www/dev.ramin.online/workspace/dashboard/public/index.php(37): CodeIgniter\CodeIgniter->run()
#7 {main}
CRITICAL - 2021-07-24 17:15:52 --> syntax error, unexpected '' (T_ENCAPSED_AND_WHITESPACE), expecting '-' or identifier (T_STRING) or variable (T_VARIABLE) or number (T_NUM_STRING)
#0 /var/www/dev.ramin.online/workspace/dashboard/system/View/View.php(232): CodeIgniter\View\View->CodeIgniter\View\{closure}()
#1 /var/www/dev.ramin.online/workspace/dashboard/system/Common.php(1271): CodeIgniter\View\View->render()
#2 /var/www/dev.ramin.online/workspace/dashboard/app/Controllers/Home.php(22): view()
#3 /var/www/dev.ramin.online/workspace/dashboard/system/CodeIgniter.php(928): App\Controllers\Home->index()
#4 /var/www/dev.ramin.online/workspace/dashboard/system/CodeIgniter.php(436): CodeIgniter\CodeIgniter->runController()
#5 /var/www/dev.ramin.online/workspace/dashboard/system/CodeIgniter.php(336): CodeIgniter\CodeIgniter->handleRequest()
#6 /var/www/dev.ramin.online/workspace/dashboard/public/index.php(37): CodeIgniter\CodeIgniter->run()
#7 {main}
CRITICAL - 2021-07-24 17:16:09 --> syntax error, unexpected 'rel' (T_STRING), expecting ')'
#0 /var/www/dev.ramin.online/workspace/dashboard/system/View/View.php(232): CodeIgniter\View\View->CodeIgniter\View\{closure}()
#1 /var/www/dev.ramin.online/workspace/dashboard/system/Common.php(1271): CodeIgniter\View\View->render()
#2 /var/www/dev.ramin.online/workspace/dashboard/app/Controllers/Home.php(22): view()
#3 /var/www/dev.ramin.online/workspace/dashboard/system/CodeIgniter.php(928): App\Controllers\Home->index()
#4 /var/www/dev.ramin.online/workspace/dashboard/system/CodeIgniter.php(436): CodeIgniter\CodeIgniter->runController()
#5 /var/www/dev.ramin.online/workspace/dashboard/system/CodeIgniter.php(336): CodeIgniter\CodeIgniter->handleRequest()
#6 /var/www/dev.ramin.online/workspace/dashboard/public/index.php(37): CodeIgniter\CodeIgniter->run()
#7 {main}
