ERROR - 2021-08-01 06:02:42 --> Unknown column 'sort_order' in 'order clause'
CRITICAL - 2021-08-01 06:02:42 --> Call to a member function getResult() on bool
#0 /var/www/dev.ramin.online/workspace/dashboard/system/BaseModel.php(603): CodeIgniter\Model->doFindAll()
#1 /var/www/dev.ramin.online/workspace/dashboard/app/Controllers/Themes.php(14): CodeIgniter\BaseModel->findAll()
#2 /var/www/dev.ramin.online/workspace/dashboard/system/CodeIgniter.php(928): App\Controllers\Themes->index()
#3 /var/www/dev.ramin.online/workspace/dashboard/system/CodeIgniter.php(436): CodeIgniter\CodeIgniter->runController()
#4 /var/www/dev.ramin.online/workspace/dashboard/system/CodeIgniter.php(336): CodeIgniter\CodeIgniter->handleRequest()
#5 /var/www/dev.ramin.online/workspace/dashboard/public/index.php(37): CodeIgniter\CodeIgniter->run()
#6 {main}
CRITICAL - 2021-08-01 06:58:47 --> Call to undefined function showSideBar()
#0 /var/www/dev.ramin.online/workspace/dashboard/system/View/View.php(230): include()
#1 /var/www/dev.ramin.online/workspace/dashboard/system/View/View.php(232): CodeIgniter\View\View->CodeIgniter\View\{closure}()
#2 /var/www/dev.ramin.online/workspace/dashboard/system/Common.php(1271): CodeIgniter\View\View->render()
#3 /var/www/dev.ramin.online/workspace/dashboard/app/Controllers/Sites.php(26): view()
#4 /var/www/dev.ramin.online/workspace/dashboard/system/CodeIgniter.php(928): App\Controllers\Sites->index()
#5 /var/www/dev.ramin.online/workspace/dashboard/system/CodeIgniter.php(436): CodeIgniter\CodeIgniter->runController()
#6 /var/www/dev.ramin.online/workspace/dashboard/system/CodeIgniter.php(336): CodeIgniter\CodeIgniter->handleRequest()
#7 /var/www/dev.ramin.online/workspace/dashboard/public/index.php(37): CodeIgniter\CodeIgniter->run()
#8 {main}
CRITICAL - 2021-08-01 07:00:31 --> Call to undefined function showSideBar()
#0 /var/www/dev.ramin.online/workspace/dashboard/system/View/View.php(230): include()
#1 /var/www/dev.ramin.online/workspace/dashboard/system/View/View.php(232): CodeIgniter\View\View->CodeIgniter\View\{closure}()
#2 /var/www/dev.ramin.online/workspace/dashboard/system/Common.php(1271): CodeIgniter\View\View->render()
#3 /var/www/dev.ramin.online/workspace/dashboard/app/Controllers/Sites.php(26): view()
#4 /var/www/dev.ramin.online/workspace/dashboard/system/CodeIgniter.php(928): App\Controllers\Sites->index()
#5 /var/www/dev.ramin.online/workspace/dashboard/system/CodeIgniter.php(436): CodeIgniter\CodeIgniter->runController()
#6 /var/www/dev.ramin.online/workspace/dashboard/system/CodeIgniter.php(336): CodeIgniter\CodeIgniter->handleRequest()
#7 /var/www/dev.ramin.online/workspace/dashboard/public/index.php(37): CodeIgniter\CodeIgniter->run()
#8 {main}
CRITICAL - 2021-08-01 07:01:41 --> Call to undefined function showSideBar()
#0 /var/www/dev.ramin.online/workspace/dashboard/system/View/View.php(230): include()
#1 /var/www/dev.ramin.online/workspace/dashboard/system/View/View.php(232): CodeIgniter\View\View->CodeIgniter\View\{closure}()
#2 /var/www/dev.ramin.online/workspace/dashboard/system/Common.php(1271): CodeIgniter\View\View->render()
#3 /var/www/dev.ramin.online/workspace/dashboard/app/Controllers/Sites.php(26): view()
#4 /var/www/dev.ramin.online/workspace/dashboard/system/CodeIgniter.php(928): App\Controllers\Sites->index()
#5 /var/www/dev.ramin.online/workspace/dashboard/system/CodeIgniter.php(436): CodeIgniter\CodeIgniter->runController()
#6 /var/www/dev.ramin.online/workspace/dashboard/system/CodeIgniter.php(336): CodeIgniter\CodeIgniter->handleRequest()
#7 /var/www/dev.ramin.online/workspace/dashboard/public/index.php(37): CodeIgniter\CodeIgniter->run()
#8 {main}
CRITICAL - 2021-08-01 07:02:18 --> Call to undefined function showSideBar()
#0 /var/www/dev.ramin.online/workspace/dashboard/system/View/View.php(230): include()
#1 /var/www/dev.ramin.online/workspace/dashboard/system/View/View.php(232): CodeIgniter\View\View->CodeIgniter\View\{closure}()
#2 /var/www/dev.ramin.online/workspace/dashboard/system/Common.php(1271): CodeIgniter\View\View->render()
#3 /var/www/dev.ramin.online/workspace/dashboard/app/Controllers/Sites.php(26): view()
#4 /var/www/dev.ramin.online/workspace/dashboard/system/CodeIgniter.php(928): App\Controllers\Sites->index()
#5 /var/www/dev.ramin.online/workspace/dashboard/system/CodeIgniter.php(436): CodeIgniter\CodeIgniter->runController()
#6 /var/www/dev.ramin.online/workspace/dashboard/system/CodeIgniter.php(336): CodeIgniter\CodeIgniter->handleRequest()
#7 /var/www/dev.ramin.online/workspace/dashboard/public/index.php(37): CodeIgniter\CodeIgniter->run()
#8 {main}
CRITICAL - 2021-08-01 07:05:48 --> Call to undefined function showSideBar()
#0 /var/www/dev.ramin.online/workspace/dashboard/system/View/View.php(230): include()
#1 /var/www/dev.ramin.online/workspace/dashboard/system/View/View.php(232): CodeIgniter\View\View->CodeIgniter\View\{closure}()
#2 /var/www/dev.ramin.online/workspace/dashboard/system/Common.php(1271): CodeIgniter\View\View->render()
#3 /var/www/dev.ramin.online/workspace/dashboard/app/Controllers/Sites.php(26): view()
#4 /var/www/dev.ramin.online/workspace/dashboard/system/CodeIgniter.php(928): App\Controllers\Sites->index()
#5 /var/www/dev.ramin.online/workspace/dashboard/system/CodeIgniter.php(436): CodeIgniter\CodeIgniter->runController()
#6 /var/www/dev.ramin.online/workspace/dashboard/system/CodeIgniter.php(336): CodeIgniter\CodeIgniter->handleRequest()
#7 /var/www/dev.ramin.online/workspace/dashboard/public/index.php(37): CodeIgniter\CodeIgniter->run()
#8 {main}
CRITICAL - 2021-08-01 07:06:50 --> Call to undefined function showSideBar()
#0 /var/www/dev.ramin.online/workspace/dashboard/system/View/View.php(230): include()
#1 /var/www/dev.ramin.online/workspace/dashboard/system/View/View.php(232): CodeIgniter\View\View->CodeIgniter\View\{closure}()
#2 /var/www/dev.ramin.online/workspace/dashboard/system/Common.php(1271): CodeIgniter\View\View->render()
#3 /var/www/dev.ramin.online/workspace/dashboard/app/Controllers/Sites.php(26): view()
#4 /var/www/dev.ramin.online/workspace/dashboard/system/CodeIgniter.php(928): App\Controllers\Sites->index()
#5 /var/www/dev.ramin.online/workspace/dashboard/system/CodeIgniter.php(436): CodeIgniter\CodeIgniter->runController()
#6 /var/www/dev.ramin.online/workspace/dashboard/system/CodeIgniter.php(336): CodeIgniter\CodeIgniter->handleRequest()
#7 /var/www/dev.ramin.online/workspace/dashboard/public/index.php(37): CodeIgniter\CodeIgniter->run()
#8 {main}
CRITICAL - 2021-08-01 07:07:08 --> Call to undefined function showSideBar()
#0 /var/www/dev.ramin.online/workspace/dashboard/system/View/View.php(230): include()
#1 /var/www/dev.ramin.online/workspace/dashboard/system/View/View.php(232): CodeIgniter\View\View->CodeIgniter\View\{closure}()
#2 /var/www/dev.ramin.online/workspace/dashboard/system/Common.php(1271): CodeIgniter\View\View->render()
#3 /var/www/dev.ramin.online/workspace/dashboard/app/Controllers/Sites.php(26): view()
#4 /var/www/dev.ramin.online/workspace/dashboard/system/CodeIgniter.php(928): App\Controllers\Sites->index()
#5 /var/www/dev.ramin.online/workspace/dashboard/system/CodeIgniter.php(436): CodeIgniter\CodeIgniter->runController()
#6 /var/www/dev.ramin.online/workspace/dashboard/system/CodeIgniter.php(336): CodeIgniter\CodeIgniter->handleRequest()
#7 /var/www/dev.ramin.online/workspace/dashboard/public/index.php(37): CodeIgniter\CodeIgniter->run()
#8 {main}
CRITICAL - 2021-08-01 07:08:22 --> Call to undefined function showSideBar()
#0 /var/www/dev.ramin.online/workspace/dashboard/system/View/View.php(230): include()
#1 /var/www/dev.ramin.online/workspace/dashboard/system/View/View.php(232): CodeIgniter\View\View->CodeIgniter\View\{closure}()
#2 /var/www/dev.ramin.online/workspace/dashboard/system/Common.php(1271): CodeIgniter\View\View->render()
#3 /var/www/dev.ramin.online/workspace/dashboard/app/Controllers/Sites.php(26): view()
#4 /var/www/dev.ramin.online/workspace/dashboard/system/CodeIgniter.php(928): App\Controllers\Sites->index()
#5 /var/www/dev.ramin.online/workspace/dashboard/system/CodeIgniter.php(436): CodeIgniter\CodeIgniter->runController()
#6 /var/www/dev.ramin.online/workspace/dashboard/system/CodeIgniter.php(336): CodeIgniter\CodeIgniter->handleRequest()
#7 /var/www/dev.ramin.online/workspace/dashboard/public/index.php(37): CodeIgniter\CodeIgniter->run()
#8 {main}
CRITICAL - 2021-08-01 07:09:42 --> A non-numeric value encountered
#0 /var/www/dev.ramin.online/workspace/dashboard/app/Helpers/functions_helper.php(7): CodeIgniter\Debug\Exceptions->errorHandler()
#1 /var/www/dev.ramin.online/workspace/dashboard/app/Views/sites_view.php(4): showSideBar()
#2 /var/www/dev.ramin.online/workspace/dashboard/system/View/View.php(230): include('/var/www/dev.ra...')
#3 /var/www/dev.ramin.online/workspace/dashboard/system/View/View.php(232): CodeIgniter\View\View->CodeIgniter\View\{closure}()
#4 /var/www/dev.ramin.online/workspace/dashboard/system/Common.php(1271): CodeIgniter\View\View->render()
#5 /var/www/dev.ramin.online/workspace/dashboard/app/Controllers/Sites.php(28): view()
#6 /var/www/dev.ramin.online/workspace/dashboard/system/CodeIgniter.php(928): App\Controllers\Sites->index()
#7 /var/www/dev.ramin.online/workspace/dashboard/system/CodeIgniter.php(436): CodeIgniter\CodeIgniter->runController()
#8 /var/www/dev.ramin.online/workspace/dashboard/system/CodeIgniter.php(336): CodeIgniter\CodeIgniter->handleRequest()
#9 /var/www/dev.ramin.online/workspace/dashboard/public/index.php(37): CodeIgniter\CodeIgniter->run()
#10 {main}
CRITICAL - 2021-08-01 07:15:45 --> Call to undefined function showSideBar()
#0 /var/www/dev.ramin.online/workspace/dashboard/system/View/View.php(230): include()
#1 /var/www/dev.ramin.online/workspace/dashboard/system/View/View.php(232): CodeIgniter\View\View->CodeIgniter\View\{closure}()
#2 /var/www/dev.ramin.online/workspace/dashboard/system/Common.php(1271): CodeIgniter\View\View->render()
#3 /var/www/dev.ramin.online/workspace/dashboard/app/Controllers/Themes.php(27): view()
#4 /var/www/dev.ramin.online/workspace/dashboard/system/CodeIgniter.php(928): App\Controllers\Themes->index()
#5 /var/www/dev.ramin.online/workspace/dashboard/system/CodeIgniter.php(436): CodeIgniter\CodeIgniter->runController()
#6 /var/www/dev.ramin.online/workspace/dashboard/system/CodeIgniter.php(336): CodeIgniter\CodeIgniter->handleRequest()
#7 /var/www/dev.ramin.online/workspace/dashboard/public/index.php(37): CodeIgniter\CodeIgniter->run()
#8 {main}
CRITICAL - 2021-08-01 07:21:14 --> syntax error, unexpected '.'
#0 /var/www/dev.ramin.online/workspace/dashboard/app/Controllers/Sites.php(14): helper()
#1 /var/www/dev.ramin.online/workspace/dashboard/system/CodeIgniter.php(928): App\Controllers\Sites->index()
#2 /var/www/dev.ramin.online/workspace/dashboard/system/CodeIgniter.php(436): CodeIgniter\CodeIgniter->runController()
#3 /var/www/dev.ramin.online/workspace/dashboard/system/CodeIgniter.php(336): CodeIgniter\CodeIgniter->handleRequest()
#4 /var/www/dev.ramin.online/workspace/dashboard/public/index.php(37): CodeIgniter\CodeIgniter->run()
#5 {main}
CRITICAL - 2021-08-01 07:26:39 --> Call to undefined function showSideBar()
#0 /var/www/dev.ramin.online/workspace/dashboard/system/View/View.php(230): include()
#1 /var/www/dev.ramin.online/workspace/dashboard/system/View/View.php(232): CodeIgniter\View\View->CodeIgniter\View\{closure}()
#2 /var/www/dev.ramin.online/workspace/dashboard/system/Common.php(1271): CodeIgniter\View\View->render()
#3 /var/www/dev.ramin.online/workspace/dashboard/app/Controllers/Settings.php(27): view()
#4 /var/www/dev.ramin.online/workspace/dashboard/system/CodeIgniter.php(928): App\Controllers\Settings->index()
#5 /var/www/dev.ramin.online/workspace/dashboard/system/CodeIgniter.php(436): CodeIgniter\CodeIgniter->runController()
#6 /var/www/dev.ramin.online/workspace/dashboard/system/CodeIgniter.php(336): CodeIgniter\CodeIgniter->handleRequest()
#7 /var/www/dev.ramin.online/workspace/dashboard/public/index.php(37): CodeIgniter\CodeIgniter->run()
#8 {main}
CRITICAL - 2021-08-01 07:27:07 --> Call to undefined function showSideBar()
#0 /var/www/dev.ramin.online/workspace/dashboard/system/View/View.php(230): include()
#1 /var/www/dev.ramin.online/workspace/dashboard/system/View/View.php(232): CodeIgniter\View\View->CodeIgniter\View\{closure}()
#2 /var/www/dev.ramin.online/workspace/dashboard/system/Common.php(1271): CodeIgniter\View\View->render()
#3 /var/www/dev.ramin.online/workspace/dashboard/app/Controllers/Settings.php(27): view()
#4 /var/www/dev.ramin.online/workspace/dashboard/system/CodeIgniter.php(928): App\Controllers\Settings->index()
#5 /var/www/dev.ramin.online/workspace/dashboard/system/CodeIgniter.php(436): CodeIgniter\CodeIgniter->runController()
#6 /var/www/dev.ramin.online/workspace/dashboard/system/CodeIgniter.php(336): CodeIgniter\CodeIgniter->handleRequest()
#7 /var/www/dev.ramin.online/workspace/dashboard/public/index.php(37): CodeIgniter\CodeIgniter->run()
#8 {main}
CRITICAL - 2021-08-01 08:46:49 --> Call to undefined method App\Models\ThemesModel::order_by
#0 /var/www/dev.ramin.online/workspace/dashboard/app/Controllers/Themes.php(25): CodeIgniter\Model->__call()
#1 /var/www/dev.ramin.online/workspace/dashboard/system/CodeIgniter.php(928): App\Controllers\Themes->index()
#2 /var/www/dev.ramin.online/workspace/dashboard/system/CodeIgniter.php(436): CodeIgniter\CodeIgniter->runController()
#3 /var/www/dev.ramin.online/workspace/dashboard/system/CodeIgniter.php(336): CodeIgniter\CodeIgniter->handleRequest()
#4 /var/www/dev.ramin.online/workspace/dashboard/public/index.php(37): CodeIgniter\CodeIgniter->run()
#5 {main}
