CRITICAL - 2021-07-25 04:10:00 --> Call to a member function view() on null
#0 /var/www/dev.ramin.online/workspace/dashboard/system/View/View.php(230): include()
#1 /var/www/dev.ramin.online/workspace/dashboard/system/View/View.php(232): CodeIgniter\View\View->CodeIgniter\View\{closure}()
#2 /var/www/dev.ramin.online/workspace/dashboard/system/Common.php(1271): CodeIgniter\View\View->render()
#3 /var/www/dev.ramin.online/workspace/dashboard/app/Controllers/Home.php(22): view()
#4 /var/www/dev.ramin.online/workspace/dashboard/system/CodeIgniter.php(928): App\Controllers\Home->index()
#5 /var/www/dev.ramin.online/workspace/dashboard/system/CodeIgniter.php(436): CodeIgniter\CodeIgniter->runController()
#6 /var/www/dev.ramin.online/workspace/dashboard/system/CodeIgniter.php(336): CodeIgniter\CodeIgniter->handleRequest()
#7 /var/www/dev.ramin.online/workspace/dashboard/public/index.php(37): CodeIgniter\CodeIgniter->run()
#8 {main}
CRITICAL - 2021-07-25 04:10:37 --> Call to a member function view() on null
#0 /var/www/dev.ramin.online/workspace/dashboard/system/View/View.php(230): include()
#1 /var/www/dev.ramin.online/workspace/dashboard/system/View/View.php(232): CodeIgniter\View\View->CodeIgniter\View\{closure}()
#2 /var/www/dev.ramin.online/workspace/dashboard/system/Common.php(1271): CodeIgniter\View\View->render()
#3 /var/www/dev.ramin.online/workspace/dashboard/app/Controllers/Home.php(22): view()
#4 /var/www/dev.ramin.online/workspace/dashboard/system/CodeIgniter.php(928): App\Controllers\Home->index()
#5 /var/www/dev.ramin.online/workspace/dashboard/system/CodeIgniter.php(436): CodeIgniter\CodeIgniter->runController()
#6 /var/www/dev.ramin.online/workspace/dashboard/system/CodeIgniter.php(336): CodeIgniter\CodeIgniter->handleRequest()
#7 /var/www/dev.ramin.online/workspace/dashboard/public/index.php(37): CodeIgniter\CodeIgniter->run()
#8 {main}
CRITICAL - 2021-07-25 04:10:50 --> Call to a member function view() on null
#0 /var/www/dev.ramin.online/workspace/dashboard/system/View/View.php(230): include()
#1 /var/www/dev.ramin.online/workspace/dashboard/system/View/View.php(232): CodeIgniter\View\View->CodeIgniter\View\{closure}()
#2 /var/www/dev.ramin.online/workspace/dashboard/system/Common.php(1271): CodeIgniter\View\View->render()
#3 /var/www/dev.ramin.online/workspace/dashboard/app/Controllers/Home.php(22): view()
#4 /var/www/dev.ramin.online/workspace/dashboard/system/CodeIgniter.php(928): App\Controllers\Home->index()
#5 /var/www/dev.ramin.online/workspace/dashboard/system/CodeIgniter.php(436): CodeIgniter\CodeIgniter->runController()
#6 /var/www/dev.ramin.online/workspace/dashboard/system/CodeIgniter.php(336): CodeIgniter\CodeIgniter->handleRequest()
#7 /var/www/dev.ramin.online/workspace/dashboard/public/index.php(37): CodeIgniter\CodeIgniter->run()
#8 {main}
CRITICAL - 2021-07-25 04:13:06 --> Call to a member function view() on null
#0 /var/www/dev.ramin.online/workspace/dashboard/system/View/View.php(230): include()
#1 /var/www/dev.ramin.online/workspace/dashboard/system/View/View.php(232): CodeIgniter\View\View->CodeIgniter\View\{closure}()
#2 /var/www/dev.ramin.online/workspace/dashboard/system/Common.php(1271): CodeIgniter\View\View->render()
#3 /var/www/dev.ramin.online/workspace/dashboard/app/Controllers/Home.php(22): view()
#4 /var/www/dev.ramin.online/workspace/dashboard/system/CodeIgniter.php(928): App\Controllers\Home->index()
#5 /var/www/dev.ramin.online/workspace/dashboard/system/CodeIgniter.php(436): CodeIgniter\CodeIgniter->runController()
#6 /var/www/dev.ramin.online/workspace/dashboard/system/CodeIgniter.php(336): CodeIgniter\CodeIgniter->handleRequest()
#7 /var/www/dev.ramin.online/workspace/dashboard/public/index.php(37): CodeIgniter\CodeIgniter->run()
#8 {main}
CRITICAL - 2021-07-25 04:13:51 --> Call to undefined method CodeIgniter\View\View::view()
#0 /var/www/dev.ramin.online/workspace/dashboard/system/View/View.php(230): include()
#1 /var/www/dev.ramin.online/workspace/dashboard/system/View/View.php(232): CodeIgniter\View\View->CodeIgniter\View\{closure}()
#2 /var/www/dev.ramin.online/workspace/dashboard/system/Common.php(1271): CodeIgniter\View\View->render()
#3 /var/www/dev.ramin.online/workspace/dashboard/app/Controllers/Home.php(22): view()
#4 /var/www/dev.ramin.online/workspace/dashboard/system/CodeIgniter.php(928): App\Controllers\Home->index()
#5 /var/www/dev.ramin.online/workspace/dashboard/system/CodeIgniter.php(436): CodeIgniter\CodeIgniter->runController()
#6 /var/www/dev.ramin.online/workspace/dashboard/system/CodeIgniter.php(336): CodeIgniter\CodeIgniter->handleRequest()
#7 /var/www/dev.ramin.online/workspace/dashboard/public/index.php(37): CodeIgniter\CodeIgniter->run()
#8 {main}
CRITICAL - 2021-07-25 04:16:33 --> Call to a member function view() on null
#0 /var/www/dev.ramin.online/workspace/dashboard/system/CodeIgniter.php(928): App\Controllers\Home->index()
#1 /var/www/dev.ramin.online/workspace/dashboard/system/CodeIgniter.php(436): CodeIgniter\CodeIgniter->runController()
#2 /var/www/dev.ramin.online/workspace/dashboard/system/CodeIgniter.php(336): CodeIgniter\CodeIgniter->handleRequest()
#3 /var/www/dev.ramin.online/workspace/dashboard/public/index.php(37): CodeIgniter\CodeIgniter->run()
#4 {main}
CRITICAL - 2021-07-25 04:16:41 --> Call to a member function view() on null
#0 /var/www/dev.ramin.online/workspace/dashboard/system/CodeIgniter.php(928): App\Controllers\Home->index()
#1 /var/www/dev.ramin.online/workspace/dashboard/system/CodeIgniter.php(436): CodeIgniter\CodeIgniter->runController()
#2 /var/www/dev.ramin.online/workspace/dashboard/system/CodeIgniter.php(336): CodeIgniter\CodeIgniter->handleRequest()
#3 /var/www/dev.ramin.online/workspace/dashboard/public/index.php(37): CodeIgniter\CodeIgniter->run()
#4 {main}
CRITICAL - 2021-07-25 04:17:29 --> Call to a member function view() on null
#0 /var/www/dev.ramin.online/workspace/dashboard/system/CodeIgniter.php(928): App\Controllers\Home->index()
#1 /var/www/dev.ramin.online/workspace/dashboard/system/CodeIgniter.php(436): CodeIgniter\CodeIgniter->runController()
#2 /var/www/dev.ramin.online/workspace/dashboard/system/CodeIgniter.php(336): CodeIgniter\CodeIgniter->handleRequest()
#3 /var/www/dev.ramin.online/workspace/dashboard/public/index.php(37): CodeIgniter\CodeIgniter->run()
#4 {main}
CRITICAL - 2021-07-25 04:17:35 --> Call to a member function view() on null
#0 /var/www/dev.ramin.online/workspace/dashboard/system/CodeIgniter.php(928): App\Controllers\Home->index()
#1 /var/www/dev.ramin.online/workspace/dashboard/system/CodeIgniter.php(436): CodeIgniter\CodeIgniter->runController()
#2 /var/www/dev.ramin.online/workspace/dashboard/system/CodeIgniter.php(336): CodeIgniter\CodeIgniter->handleRequest()
#3 /var/www/dev.ramin.online/workspace/dashboard/public/index.php(37): CodeIgniter\CodeIgniter->run()
#4 {main}
CRITICAL - 2021-07-25 04:19:22 --> Call to a member function view() on null
#0 /var/www/dev.ramin.online/workspace/dashboard/system/CodeIgniter.php(928): App\Controllers\Home->index()
#1 /var/www/dev.ramin.online/workspace/dashboard/system/CodeIgniter.php(436): CodeIgniter\CodeIgniter->runController()
#2 /var/www/dev.ramin.online/workspace/dashboard/system/CodeIgniter.php(336): CodeIgniter\CodeIgniter->handleRequest()
#3 /var/www/dev.ramin.online/workspace/dashboard/public/index.php(37): CodeIgniter\CodeIgniter->run()
#4 {main}
CRITICAL - 2021-07-25 04:21:06 --> Call to a member function view() on null
#0 /var/www/dev.ramin.online/workspace/dashboard/system/CodeIgniter.php(928): App\Controllers\Home->index()
#1 /var/www/dev.ramin.online/workspace/dashboard/system/CodeIgniter.php(436): CodeIgniter\CodeIgniter->runController()
#2 /var/www/dev.ramin.online/workspace/dashboard/system/CodeIgniter.php(336): CodeIgniter\CodeIgniter->handleRequest()
#3 /var/www/dev.ramin.online/workspace/dashboard/public/index.php(37): CodeIgniter\CodeIgniter->run()
#4 {main}
CRITICAL - 2021-07-25 04:22:34 --> Cannot call constructor
#0 /var/www/dev.ramin.online/workspace/dashboard/system/CodeIgniter.php(900): App\Controllers\Home->__construct()
#1 /var/www/dev.ramin.online/workspace/dashboard/system/CodeIgniter.php(426): CodeIgniter\CodeIgniter->createController()
#2 /var/www/dev.ramin.online/workspace/dashboard/system/CodeIgniter.php(336): CodeIgniter\CodeIgniter->handleRequest()
#3 /var/www/dev.ramin.online/workspace/dashboard/public/index.php(37): CodeIgniter\CodeIgniter->run()
#4 {main}
CRITICAL - 2021-07-25 04:22:47 --> Call to a member function helper() on null
#0 /var/www/dev.ramin.online/workspace/dashboard/system/CodeIgniter.php(928): App\Controllers\Home->index()
#1 /var/www/dev.ramin.online/workspace/dashboard/system/CodeIgniter.php(436): CodeIgniter\CodeIgniter->runController()
#2 /var/www/dev.ramin.online/workspace/dashboard/system/CodeIgniter.php(336): CodeIgniter\CodeIgniter->handleRequest()
#3 /var/www/dev.ramin.online/workspace/dashboard/public/index.php(37): CodeIgniter\CodeIgniter->run()
#4 {main}
CRITICAL - 2021-07-25 04:22:54 --> syntax error, unexpected '$this' (T_VARIABLE), expecting function (T_FUNCTION) or const (T_CONST)
#0 /var/www/dev.ramin.online/workspace/dashboard/system/Autoloader/Autoloader.php(273): CodeIgniter\Autoloader\Autoloader->includeFile()
#1 /var/www/dev.ramin.online/workspace/dashboard/system/Autoloader/Autoloader.php(247): CodeIgniter\Autoloader\Autoloader->loadInNamespace()
#2 [internal function]: CodeIgniter\Autoloader\Autoloader->loadClass()
#3 [internal function]: spl_autoload_call()
#4 /var/www/dev.ramin.online/workspace/dashboard/system/CodeIgniter.php(885): class_exists()
#5 /var/www/dev.ramin.online/workspace/dashboard/system/CodeIgniter.php(421): CodeIgniter\CodeIgniter->startController()
#6 /var/www/dev.ramin.online/workspace/dashboard/system/CodeIgniter.php(336): CodeIgniter\CodeIgniter->handleRequest()
#7 /var/www/dev.ramin.online/workspace/dashboard/public/index.php(37): CodeIgniter\CodeIgniter->run()
#8 {main}
CRITICAL - 2021-07-25 04:24:17 --> Declaration of App\Controllers\Home::initController() should be compatible with App\Controllers\BaseController::initController(CodeIgniter\HTTP\RequestInterface $request, CodeIgniter\HTTP\ResponseInterface $response, Psr\Log\LoggerInterface $logger)
#0 /var/www/dev.ramin.online/workspace/dashboard/app/Controllers/Home.php(8): CodeIgniter\Debug\Exceptions->errorHandler()
#1 /var/www/dev.ramin.online/workspace/dashboard/system/Autoloader/Autoloader.php(300): include_once('/var/www/dev.ra...')
#2 /var/www/dev.ramin.online/workspace/dashboard/system/Autoloader/Autoloader.php(273): CodeIgniter\Autoloader\Autoloader->includeFile()
#3 /var/www/dev.ramin.online/workspace/dashboard/system/Autoloader/Autoloader.php(247): CodeIgniter\Autoloader\Autoloader->loadInNamespace()
#4 [internal function]: CodeIgniter\Autoloader\Autoloader->loadClass()
#5 [internal function]: spl_autoload_call()
#6 /var/www/dev.ramin.online/workspace/dashboard/system/CodeIgniter.php(885): class_exists()
#7 /var/www/dev.ramin.online/workspace/dashboard/system/CodeIgniter.php(421): CodeIgniter\CodeIgniter->startController()
#8 /var/www/dev.ramin.online/workspace/dashboard/system/CodeIgniter.php(336): CodeIgniter\CodeIgniter->handleRequest()
#9 /var/www/dev.ramin.online/workspace/dashboard/public/index.php(37): CodeIgniter\CodeIgniter->run()
#10 {main}
CRITICAL - 2021-07-25 04:25:51 --> Call to a member function view() on null
#0 /var/www/dev.ramin.online/workspace/dashboard/system/CodeIgniter.php(928): App\Controllers\Home->index()
#1 /var/www/dev.ramin.online/workspace/dashboard/system/CodeIgniter.php(436): CodeIgniter\CodeIgniter->runController()
#2 /var/www/dev.ramin.online/workspace/dashboard/system/CodeIgniter.php(336): CodeIgniter\CodeIgniter->handleRequest()
#3 /var/www/dev.ramin.online/workspace/dashboard/public/index.php(37): CodeIgniter\CodeIgniter->run()
#4 {main}
CRITICAL - 2021-07-25 04:28:37 --> Call to a member function view() on null
#0 /var/www/dev.ramin.online/workspace/dashboard/system/CodeIgniter.php(928): App\Controllers\Home->index()
#1 /var/www/dev.ramin.online/workspace/dashboard/system/CodeIgniter.php(436): CodeIgniter\CodeIgniter->runController()
#2 /var/www/dev.ramin.online/workspace/dashboard/system/CodeIgniter.php(336): CodeIgniter\CodeIgniter->handleRequest()
#3 /var/www/dev.ramin.online/workspace/dashboard/public/index.php(37): CodeIgniter\CodeIgniter->run()
#4 {main}
CRITICAL - 2021-07-25 04:28:41 --> Call to a member function view() on null
#0 /var/www/dev.ramin.online/workspace/dashboard/system/CodeIgniter.php(928): App\Controllers\Home->index()
#1 /var/www/dev.ramin.online/workspace/dashboard/system/CodeIgniter.php(436): CodeIgniter\CodeIgniter->runController()
#2 /var/www/dev.ramin.online/workspace/dashboard/system/CodeIgniter.php(336): CodeIgniter\CodeIgniter->handleRequest()
#3 /var/www/dev.ramin.online/workspace/dashboard/public/index.php(37): CodeIgniter\CodeIgniter->run()
#4 {main}
CRITICAL - 2021-07-25 04:32:48 --> Call to a member function view() on null
#0 /var/www/dev.ramin.online/workspace/dashboard/system/View/View.php(230): include()
#1 /var/www/dev.ramin.online/workspace/dashboard/system/View/View.php(232): CodeIgniter\View\View->CodeIgniter\View\{closure}()
#2 /var/www/dev.ramin.online/workspace/dashboard/system/Common.php(1271): CodeIgniter\View\View->render()
#3 /var/www/dev.ramin.online/workspace/dashboard/app/Controllers/Home.php(24): view()
#4 /var/www/dev.ramin.online/workspace/dashboard/system/CodeIgniter.php(928): App\Controllers\Home->index()
#5 /var/www/dev.ramin.online/workspace/dashboard/system/CodeIgniter.php(436): CodeIgniter\CodeIgniter->runController()
#6 /var/www/dev.ramin.online/workspace/dashboard/system/CodeIgniter.php(336): CodeIgniter\CodeIgniter->handleRequest()
#7 /var/www/dev.ramin.online/workspace/dashboard/public/index.php(37): CodeIgniter\CodeIgniter->run()
#8 {main}
CRITICAL - 2021-07-25 04:35:03 --> Call to a member function view() on null
#0 /var/www/dev.ramin.online/workspace/dashboard/system/CodeIgniter.php(928): App\Controllers\Home->index()
#1 /var/www/dev.ramin.online/workspace/dashboard/system/CodeIgniter.php(436): CodeIgniter\CodeIgniter->runController()
#2 /var/www/dev.ramin.online/workspace/dashboard/system/CodeIgniter.php(336): CodeIgniter\CodeIgniter->handleRequest()
#3 /var/www/dev.ramin.online/workspace/dashboard/public/index.php(37): CodeIgniter\CodeIgniter->run()
#4 {main}
