CRITICAL - 2021-07-31 03:21:07 --> Function name must be a string
#0 /var/www/dev.ramin.online/workspace/dashboard/system/View/View.php(230): include()
#1 /var/www/dev.ramin.online/workspace/dashboard/system/View/View.php(232): CodeIgniter\View\View->CodeIgniter\View\{closure}()
#2 /var/www/dev.ramin.online/workspace/dashboard/system/Common.php(1271): CodeIgniter\View\View->render()
#3 /var/www/dev.ramin.online/workspace/dashboard/app/Controllers/Home.php(22): view()
#4 /var/www/dev.ramin.online/workspace/dashboard/system/CodeIgniter.php(928): App\Controllers\Home->index()
#5 /var/www/dev.ramin.online/workspace/dashboard/system/CodeIgniter.php(436): CodeIgniter\CodeIgniter->runController()
#6 /var/www/dev.ramin.online/workspace/dashboard/system/CodeIgniter.php(336): CodeIgniter\CodeIgniter->handleRequest()
#7 /var/www/dev.ramin.online/workspace/dashboard/public/index.php(37): CodeIgniter\CodeIgniter->run()
#8 {main}
CRITICAL - 2021-07-31 03:21:44 --> Function name must be a string
#0 /var/www/dev.ramin.online/workspace/dashboard/system/View/View.php(230): include()
#1 /var/www/dev.ramin.online/workspace/dashboard/system/View/View.php(232): CodeIgniter\View\View->CodeIgniter\View\{closure}()
#2 /var/www/dev.ramin.online/workspace/dashboard/system/Common.php(1271): CodeIgniter\View\View->render()
#3 /var/www/dev.ramin.online/workspace/dashboard/app/Controllers/Home.php(22): view()
#4 /var/www/dev.ramin.online/workspace/dashboard/system/CodeIgniter.php(928): App\Controllers\Home->index()
#5 /var/www/dev.ramin.online/workspace/dashboard/system/CodeIgniter.php(436): CodeIgniter\CodeIgniter->runController()
#6 /var/www/dev.ramin.online/workspace/dashboard/system/CodeIgniter.php(336): CodeIgniter\CodeIgniter->handleRequest()
#7 /var/www/dev.ramin.online/workspace/dashboard/public/index.php(37): CodeIgniter\CodeIgniter->run()
#8 {main}
CRITICAL - 2021-07-31 07:20:30 --> syntax error, unexpected 'else' (T_ELSE)
#0 /var/www/dev.ramin.online/workspace/dashboard/system/View/View.php(232): CodeIgniter\View\View->CodeIgniter\View\{closure}()
#1 /var/www/dev.ramin.online/workspace/dashboard/system/Common.php(1271): CodeIgniter\View\View->render()
#2 /var/www/dev.ramin.online/workspace/dashboard/app/Controllers/Home.php(22): view()
#3 /var/www/dev.ramin.online/workspace/dashboard/system/CodeIgniter.php(928): App\Controllers\Home->index()
#4 /var/www/dev.ramin.online/workspace/dashboard/system/CodeIgniter.php(436): CodeIgniter\CodeIgniter->runController()
#5 /var/www/dev.ramin.online/workspace/dashboard/system/CodeIgniter.php(336): CodeIgniter\CodeIgniter->handleRequest()
#6 /var/www/dev.ramin.online/workspace/dashboard/public/index.php(37): CodeIgniter\CodeIgniter->run()
#7 {main}
CRITICAL - 2021-07-31 07:30:39 --> syntax error, unexpected '==' (T_IS_EQUAL), expecting identifier (T_STRING) or variable (T_VARIABLE) or '{' or '$'
#0 /var/www/dev.ramin.online/workspace/dashboard/system/Autoloader/Autoloader.php(273): CodeIgniter\Autoloader\Autoloader->includeFile()
#1 /var/www/dev.ramin.online/workspace/dashboard/system/Autoloader/Autoloader.php(247): CodeIgniter\Autoloader\Autoloader->loadInNamespace()
#2 [internal function]: CodeIgniter\Autoloader\Autoloader->loadClass()
#3 [internal function]: spl_autoload_call()
#4 /var/www/dev.ramin.online/workspace/dashboard/system/CodeIgniter.php(885): class_exists()
#5 /var/www/dev.ramin.online/workspace/dashboard/system/CodeIgniter.php(421): CodeIgniter\CodeIgniter->startController()
#6 /var/www/dev.ramin.online/workspace/dashboard/system/CodeIgniter.php(336): CodeIgniter\CodeIgniter->handleRequest()
#7 /var/www/dev.ramin.online/workspace/dashboard/public/index.php(37): CodeIgniter\CodeIgniter->run()
#8 {main}
ERROR - 2021-07-31 07:59:08 --> Unknown column 'sort_order' in 'order clause'
CRITICAL - 2021-07-31 07:59:08 --> Call to a member function getResult() on bool
#0 /var/www/dev.ramin.online/workspace/dashboard/system/BaseModel.php(603): CodeIgniter\Model->doFindAll()
#1 /var/www/dev.ramin.online/workspace/dashboard/app/Controllers/Themes.php(14): CodeIgniter\BaseModel->findAll()
#2 /var/www/dev.ramin.online/workspace/dashboard/system/CodeIgniter.php(928): App\Controllers\Themes->index()
#3 /var/www/dev.ramin.online/workspace/dashboard/system/CodeIgniter.php(436): CodeIgniter\CodeIgniter->runController()
#4 /var/www/dev.ramin.online/workspace/dashboard/system/CodeIgniter.php(336): CodeIgniter\CodeIgniter->handleRequest()
#5 /var/www/dev.ramin.online/workspace/dashboard/public/index.php(37): CodeIgniter\CodeIgniter->run()
#6 {main}
ERROR - 2021-07-31 08:00:15 --> Unknown column 'sort_order' in 'order clause'
CRITICAL - 2021-07-31 08:00:15 --> Call to a member function getResult() on bool
#0 /var/www/dev.ramin.online/workspace/dashboard/system/BaseModel.php(603): CodeIgniter\Model->doFindAll()
#1 /var/www/dev.ramin.online/workspace/dashboard/app/Controllers/Settings.php(15): CodeIgniter\BaseModel->findAll()
#2 /var/www/dev.ramin.online/workspace/dashboard/system/CodeIgniter.php(928): App\Controllers\Settings->index()
#3 /var/www/dev.ramin.online/workspace/dashboard/system/CodeIgniter.php(436): CodeIgniter\CodeIgniter->runController()
#4 /var/www/dev.ramin.online/workspace/dashboard/system/CodeIgniter.php(336): CodeIgniter\CodeIgniter->handleRequest()
#5 /var/www/dev.ramin.online/workspace/dashboard/public/index.php(37): CodeIgniter\CodeIgniter->run()
#6 {main}
ERROR - 2021-07-31 08:00:53 --> Unknown column 'sort_order' in 'order clause'
CRITICAL - 2021-07-31 08:00:53 --> Call to a member function getResult() on bool
#0 /var/www/dev.ramin.online/workspace/dashboard/system/BaseModel.php(603): CodeIgniter\Model->doFindAll()
#1 /var/www/dev.ramin.online/workspace/dashboard/app/Controllers/Settings.php(14): CodeIgniter\BaseModel->findAll()
#2 /var/www/dev.ramin.online/workspace/dashboard/system/CodeIgniter.php(928): App\Controllers\Settings->index()
#3 /var/www/dev.ramin.online/workspace/dashboard/system/CodeIgniter.php(436): CodeIgniter\CodeIgniter->runController()
#4 /var/www/dev.ramin.online/workspace/dashboard/system/CodeIgniter.php(336): CodeIgniter\CodeIgniter->handleRequest()
#5 /var/www/dev.ramin.online/workspace/dashboard/public/index.php(37): CodeIgniter\CodeIgniter->run()
#6 {main}
ERROR - 2021-07-31 08:01:25 --> Unknown column 'sort_order' in 'order clause'
CRITICAL - 2021-07-31 08:01:25 --> Call to a member function getResult() on bool
#0 /var/www/dev.ramin.online/workspace/dashboard/system/BaseModel.php(603): CodeIgniter\Model->doFindAll()
#1 /var/www/dev.ramin.online/workspace/dashboard/app/Controllers/Settings.php(14): CodeIgniter\BaseModel->findAll()
#2 /var/www/dev.ramin.online/workspace/dashboard/system/CodeIgniter.php(928): App\Controllers\Settings->index()
#3 /var/www/dev.ramin.online/workspace/dashboard/system/CodeIgniter.php(436): CodeIgniter\CodeIgniter->runController()
#4 /var/www/dev.ramin.online/workspace/dashboard/system/CodeIgniter.php(336): CodeIgniter\CodeIgniter->handleRequest()
#5 /var/www/dev.ramin.online/workspace/dashboard/public/index.php(37): CodeIgniter\CodeIgniter->run()
#6 {main}
ERROR - 2021-07-31 08:02:05 --> Unknown column 'sort_order' in 'order clause'
CRITICAL - 2021-07-31 08:02:05 --> Call to a member function getResult() on bool
#0 /var/www/dev.ramin.online/workspace/dashboard/system/BaseModel.php(603): CodeIgniter\Model->doFindAll()
#1 /var/www/dev.ramin.online/workspace/dashboard/app/Controllers/Settings.php(14): CodeIgniter\BaseModel->findAll()
#2 /var/www/dev.ramin.online/workspace/dashboard/system/CodeIgniter.php(928): App\Controllers\Settings->index()
#3 /var/www/dev.ramin.online/workspace/dashboard/system/CodeIgniter.php(436): CodeIgniter\CodeIgniter->runController()
#4 /var/www/dev.ramin.online/workspace/dashboard/system/CodeIgniter.php(336): CodeIgniter\CodeIgniter->handleRequest()
#5 /var/www/dev.ramin.online/workspace/dashboard/public/index.php(37): CodeIgniter\CodeIgniter->run()
#6 {main}
ERROR - 2021-07-31 08:03:06 --> Unknown column 'sort_order' in 'order clause'
CRITICAL - 2021-07-31 08:03:06 --> Call to a member function getResult() on bool
#0 /var/www/dev.ramin.online/workspace/dashboard/system/BaseModel.php(603): CodeIgniter\Model->doFindAll()
#1 /var/www/dev.ramin.online/workspace/dashboard/app/Controllers/Settings.php(15): CodeIgniter\BaseModel->findAll()
#2 /var/www/dev.ramin.online/workspace/dashboard/system/CodeIgniter.php(928): App\Controllers\Settings->index()
#3 /var/www/dev.ramin.online/workspace/dashboard/system/CodeIgniter.php(436): CodeIgniter\CodeIgniter->runController()
#4 /var/www/dev.ramin.online/workspace/dashboard/system/CodeIgniter.php(336): CodeIgniter\CodeIgniter->handleRequest()
#5 /var/www/dev.ramin.online/workspace/dashboard/public/index.php(37): CodeIgniter\CodeIgniter->run()
#6 {main}
CRITICAL - 2021-07-31 08:05:06 --> Call to a member function orderBy() on null
#0 /var/www/dev.ramin.online/workspace/dashboard/system/CodeIgniter.php(928): App\Controllers\Settings->index()
#1 /var/www/dev.ramin.online/workspace/dashboard/system/CodeIgniter.php(436): CodeIgniter\CodeIgniter->runController()
#2 /var/www/dev.ramin.online/workspace/dashboard/system/CodeIgniter.php(336): CodeIgniter\CodeIgniter->handleRequest()
#3 /var/www/dev.ramin.online/workspace/dashboard/public/index.php(37): CodeIgniter\CodeIgniter->run()
#4 {main}
ERROR - 2021-07-31 08:10:37 --> Operand should contain 1 column(s)
CRITICAL - 2021-07-31 08:10:37 --> Call to a member function getFirstRow() on bool
#0 /var/www/dev.ramin.online/workspace/dashboard/system/BaseModel.php(644): CodeIgniter\Model->doFirst()
#1 /var/www/dev.ramin.online/workspace/dashboard/app/Controllers/Settings.php(18): CodeIgniter\BaseModel->first()
#2 /var/www/dev.ramin.online/workspace/dashboard/system/CodeIgniter.php(928): App\Controllers\Settings->index()
#3 /var/www/dev.ramin.online/workspace/dashboard/system/CodeIgniter.php(436): CodeIgniter\CodeIgniter->runController()
#4 /var/www/dev.ramin.online/workspace/dashboard/system/CodeIgniter.php(336): CodeIgniter\CodeIgniter->handleRequest()
#5 /var/www/dev.ramin.online/workspace/dashboard/public/index.php(37): CodeIgniter\CodeIgniter->run()
#6 {main}
ERROR - 2021-07-31 08:11:34 --> Operand should contain 1 column(s)
CRITICAL - 2021-07-31 08:11:34 --> Call to a member function getFirstRow() on bool
#0 /var/www/dev.ramin.online/workspace/dashboard/system/BaseModel.php(644): CodeIgniter\Model->doFirst()
#1 /var/www/dev.ramin.online/workspace/dashboard/app/Controllers/Settings.php(20): CodeIgniter\BaseModel->first()
#2 /var/www/dev.ramin.online/workspace/dashboard/system/CodeIgniter.php(928): App\Controllers\Settings->index()
#3 /var/www/dev.ramin.online/workspace/dashboard/system/CodeIgniter.php(436): CodeIgniter\CodeIgniter->runController()
#4 /var/www/dev.ramin.online/workspace/dashboard/system/CodeIgniter.php(336): CodeIgniter\CodeIgniter->handleRequest()
#5 /var/www/dev.ramin.online/workspace/dashboard/public/index.php(37): CodeIgniter\CodeIgniter->run()
#6 {main}
CRITICAL - 2021-07-31 08:11:46 --> syntax error, unexpected '$data' (T_VARIABLE)
#0 /var/www/dev.ramin.online/workspace/dashboard/system/Router/Router.php(169): CodeIgniter\Router\Router->autoRoute()
#1 /var/www/dev.ramin.online/workspace/dashboard/system/CodeIgniter.php(809): CodeIgniter\Router\Router->handle()
#2 /var/www/dev.ramin.online/workspace/dashboard/system/CodeIgniter.php(389): CodeIgniter\CodeIgniter->tryToRouteIt()
#3 /var/www/dev.ramin.online/workspace/dashboard/system/CodeIgniter.php(336): CodeIgniter\CodeIgniter->handleRequest()
#4 /var/www/dev.ramin.online/workspace/dashboard/public/index.php(37): CodeIgniter\CodeIgniter->run()
#5 {main}
ERROR - 2021-07-31 08:11:53 --> Operand should contain 1 column(s)
CRITICAL - 2021-07-31 08:11:53 --> Call to a member function getFirstRow() on bool
#0 /var/www/dev.ramin.online/workspace/dashboard/system/BaseModel.php(644): CodeIgniter\Model->doFirst()
#1 /var/www/dev.ramin.online/workspace/dashboard/app/Controllers/Settings.php(20): CodeIgniter\BaseModel->first()
#2 /var/www/dev.ramin.online/workspace/dashboard/system/CodeIgniter.php(928): App\Controllers\Settings->index()
#3 /var/www/dev.ramin.online/workspace/dashboard/system/CodeIgniter.php(436): CodeIgniter\CodeIgniter->runController()
#4 /var/www/dev.ramin.online/workspace/dashboard/system/CodeIgniter.php(336): CodeIgniter\CodeIgniter->handleRequest()
#5 /var/www/dev.ramin.online/workspace/dashboard/public/index.php(37): CodeIgniter\CodeIgniter->run()
#6 {main}
CRITICAL - 2021-07-31 08:13:46 --> Call to a member function theme() on array
#0 /var/www/dev.ramin.online/workspace/dashboard/system/CodeIgniter.php(928): App\Controllers\Settings->index()
#1 /var/www/dev.ramin.online/workspace/dashboard/system/CodeIgniter.php(436): CodeIgniter\CodeIgniter->runController()
#2 /var/www/dev.ramin.online/workspace/dashboard/system/CodeIgniter.php(336): CodeIgniter\CodeIgniter->handleRequest()
#3 /var/www/dev.ramin.online/workspace/dashboard/public/index.php(37): CodeIgniter\CodeIgniter->run()
#4 {main}
ERROR - 2021-07-31 08:28:55 --> Unknown column 'active' in 'where clause'
CRITICAL - 2021-07-31 08:28:55 --> Call to a member function getFirstRow() on bool
#0 /var/www/dev.ramin.online/workspace/dashboard/system/BaseModel.php(644): CodeIgniter\Model->doFirst()
#1 /var/www/dev.ramin.online/workspace/dashboard/app/Controllers/Home.php(19): CodeIgniter\BaseModel->first()
#2 /var/www/dev.ramin.online/workspace/dashboard/system/CodeIgniter.php(928): App\Controllers\Home->index()
#3 /var/www/dev.ramin.online/workspace/dashboard/system/CodeIgniter.php(436): CodeIgniter\CodeIgniter->runController()
#4 /var/www/dev.ramin.online/workspace/dashboard/system/CodeIgniter.php(336): CodeIgniter\CodeIgniter->handleRequest()
#5 /var/www/dev.ramin.online/workspace/dashboard/public/index.php(37): CodeIgniter\CodeIgniter->run()
#6 {main}
CRITICAL - 2021-07-31 08:31:03 --> Call to a member function where() on null
#0 /var/www/dev.ramin.online/workspace/dashboard/system/CodeIgniter.php(928): App\Controllers\Home->index()
#1 /var/www/dev.ramin.online/workspace/dashboard/system/CodeIgniter.php(436): CodeIgniter\CodeIgniter->runController()
#2 /var/www/dev.ramin.online/workspace/dashboard/system/CodeIgniter.php(336): CodeIgniter\CodeIgniter->handleRequest()
#3 /var/www/dev.ramin.online/workspace/dashboard/public/index.php(37): CodeIgniter\CodeIgniter->run()
#4 {main}
ERROR - 2021-07-31 12:28:27 --> Unknown column 'settings.setting_id' in 'where clause'
CRITICAL - 2021-07-31 12:31:15 --> Too few arguments to function CodeIgniter\Database\BaseBuilder::where(), 0 passed in /var/www/dev.ramin.online/workspace/dashboard/system/Model.php on line 800 and at least 1 expected
#0 /var/www/dev.ramin.online/workspace/dashboard/system/Model.php(800): CodeIgniter\Database\BaseBuilder->where()
#1 /var/www/dev.ramin.online/workspace/dashboard/app/Controllers/Settings.php(43): CodeIgniter\Model->__call()
#2 /var/www/dev.ramin.online/workspace/dashboard/system/CodeIgniter.php(928): App\Controllers\Settings->update_theme()
#3 /var/www/dev.ramin.online/workspace/dashboard/system/CodeIgniter.php(436): CodeIgniter\CodeIgniter->runController()
#4 /var/www/dev.ramin.online/workspace/dashboard/system/CodeIgniter.php(336): CodeIgniter\CodeIgniter->handleRequest()
#5 /var/www/dev.ramin.online/workspace/dashboard/public/index.php(37): CodeIgniter\CodeIgniter->run()
#6 {main}
CRITICAL - 2021-07-31 12:40:10 --> Class 'App\Controllers\ThemesModel' not found
#0 /var/www/dev.ramin.online/workspace/dashboard/system/CodeIgniter.php(928): App\Controllers\Sites->index()
#1 /var/www/dev.ramin.online/workspace/dashboard/system/CodeIgniter.php(436): CodeIgniter\CodeIgniter->runController()
#2 /var/www/dev.ramin.online/workspace/dashboard/system/CodeIgniter.php(336): CodeIgniter\CodeIgniter->handleRequest()
#3 /var/www/dev.ramin.online/workspace/dashboard/public/index.php(37): CodeIgniter\CodeIgniter->run()
#4 {main}
