CRITICAL - 2021-08-05 03:05:19 --> syntax error, unexpected 'echo' (T_ECHO)
#0 /var/www/dev.ramin.online/workspace/dashboard/system/View/View.php(232): CodeIgniter\View\View->CodeIgniter\View\{closure}()
#1 /var/www/dev.ramin.online/workspace/dashboard/system/Common.php(1271): CodeIgniter\View\View->render()
#2 /var/www/dev.ramin.online/workspace/dashboard/app/Controllers/Settings.php(22): view()
#3 /var/www/dev.ramin.online/workspace/dashboard/system/CodeIgniter.php(928): App\Controllers\Settings->index()
#4 /var/www/dev.ramin.online/workspace/dashboard/system/CodeIgniter.php(436): CodeIgniter\CodeIgniter->runController()
#5 /var/www/dev.ramin.online/workspace/dashboard/system/CodeIgniter.php(336): CodeIgniter\CodeIgniter->handleRequest()
#6 /var/www/dev.ramin.online/workspace/dashboard/public/index.php(37): CodeIgniter\CodeIgniter->run()
#7 {main}
CRITICAL - 2021-08-05 05:06:35 --> file_get_contents(): php_network_getaddresses: getaddrinfo failed: Temporary failure in name resolution
#0 [internal function]: CodeIgniter\Debug\Exceptions->errorHandler()
#1 /var/www/dev.ramin.online/workspace/dashboard/app/Libraries/RSSParser.php(77): file_get_contents()
#2 /var/www/dev.ramin.online/workspace/dashboard/app/Libraries/RSSParser.php(177): App\Libraries\RSSParser->parse()
#3 /var/www/dev.ramin.online/workspace/dashboard/app/Controllers/Feed.php(19): App\Libraries\RSSParser->getFeed()
#4 /var/www/dev.ramin.online/workspace/dashboard/system/CodeIgniter.php(928): App\Controllers\Feed->index()
#5 /var/www/dev.ramin.online/workspace/dashboard/system/CodeIgniter.php(436): CodeIgniter\CodeIgniter->runController()
#6 /var/www/dev.ramin.online/workspace/dashboard/system/CodeIgniter.php(336): CodeIgniter\CodeIgniter->handleRequest()
#7 /var/www/dev.ramin.online/workspace/dashboard/public/index.php(37): CodeIgniter\CodeIgniter->run()
#8 {main}
CRITICAL - 2021-08-05 05:21:26 --> file_get_contents(): php_network_getaddresses: getaddrinfo failed: Temporary failure in name resolution
#0 [internal function]: CodeIgniter\Debug\Exceptions->errorHandler()
#1 /var/www/dev.ramin.online/workspace/dashboard/app/Libraries/RSSParser.php(77): file_get_contents()
#2 /var/www/dev.ramin.online/workspace/dashboard/app/Libraries/RSSParser.php(177): App\Libraries\RSSParser->parse()
#3 /var/www/dev.ramin.online/workspace/dashboard/app/Controllers/Feed.php(19): App\Libraries\RSSParser->getFeed()
#4 /var/www/dev.ramin.online/workspace/dashboard/system/CodeIgniter.php(928): App\Controllers\Feed->index()
#5 /var/www/dev.ramin.online/workspace/dashboard/system/CodeIgniter.php(436): CodeIgniter\CodeIgniter->runController()
#6 /var/www/dev.ramin.online/workspace/dashboard/system/CodeIgniter.php(336): CodeIgniter\CodeIgniter->handleRequest()
#7 /var/www/dev.ramin.online/workspace/dashboard/public/index.php(37): CodeIgniter\CodeIgniter->run()
#8 {main}
