CRITICAL - 2021-08-04 03:29:48 --> There is no data to update.
#0 /var/www/dev.ramin.online/workspace/dashboard/system/BaseModel.php(1668): CodeIgniter\Database\Exceptions\DataException::forEmptyDataset()
#1 /var/www/dev.ramin.online/workspace/dashboard/system/BaseModel.php(880): CodeIgniter\BaseModel->transformDataToArray()
#2 /var/www/dev.ramin.online/workspace/dashboard/system/Model.php(718): CodeIgniter\BaseModel->update()
#3 /var/www/dev.ramin.online/workspace/dashboard/app/Controllers/Settings.php(71): CodeIgniter\Model->update()
#4 /var/www/dev.ramin.online/workspace/dashboard/system/CodeIgniter.php(928): App\Controllers\Settings->update_feed()
#5 /var/www/dev.ramin.online/workspace/dashboard/system/CodeIgniter.php(436): CodeIgniter\CodeIgniter->runController()
#6 /var/www/dev.ramin.online/workspace/dashboard/system/CodeIgniter.php(336): CodeIgniter\CodeIgniter->handleRequest()
#7 /var/www/dev.ramin.online/workspace/dashboard/public/index.php(37): CodeIgniter\CodeIgniter->run()
#8 {main}
CRITICAL - 2021-08-04 03:30:25 --> There is no data to update.
#0 /var/www/dev.ramin.online/workspace/dashboard/system/BaseModel.php(1668): CodeIgniter\Database\Exceptions\DataException::forEmptyDataset()
#1 /var/www/dev.ramin.online/workspace/dashboard/system/BaseModel.php(880): CodeIgniter\BaseModel->transformDataToArray()
#2 /var/www/dev.ramin.online/workspace/dashboard/system/Model.php(718): CodeIgniter\BaseModel->update()
#3 /var/www/dev.ramin.online/workspace/dashboard/app/Controllers/Settings.php(72): CodeIgniter\Model->update()
#4 /var/www/dev.ramin.online/workspace/dashboard/system/CodeIgniter.php(928): App\Controllers\Settings->update_feed()
#5 /var/www/dev.ramin.online/workspace/dashboard/system/CodeIgniter.php(436): CodeIgniter\CodeIgniter->runController()
#6 /var/www/dev.ramin.online/workspace/dashboard/system/CodeIgniter.php(336): CodeIgniter\CodeIgniter->handleRequest()
#7 /var/www/dev.ramin.online/workspace/dashboard/public/index.php(37): CodeIgniter\CodeIgniter->run()
#8 {main}
CRITICAL - 2021-08-04 03:31:54 --> Call to a member function getVar() on null
#0 /var/www/dev.ramin.online/workspace/dashboard/system/CodeIgniter.php(928): App\Controllers\Settings->update_feed()
#1 /var/www/dev.ramin.online/workspace/dashboard/system/CodeIgniter.php(436): CodeIgniter\CodeIgniter->runController()
#2 /var/www/dev.ramin.online/workspace/dashboard/system/CodeIgniter.php(336): CodeIgniter\CodeIgniter->handleRequest()
#3 /var/www/dev.ramin.online/workspace/dashboard/public/index.php(37): CodeIgniter\CodeIgniter->run()
#4 {main}
CRITICAL - 2021-08-04 03:37:44 --> Call to a member function getVar() on null
#0 /var/www/dev.ramin.online/workspace/dashboard/system/CodeIgniter.php(928): App\Controllers\Settings->update_feed()
#1 /var/www/dev.ramin.online/workspace/dashboard/system/CodeIgniter.php(436): CodeIgniter\CodeIgniter->runController()
#2 /var/www/dev.ramin.online/workspace/dashboard/system/CodeIgniter.php(336): CodeIgniter\CodeIgniter->handleRequest()
#3 /var/www/dev.ramin.online/workspace/dashboard/public/index.php(37): CodeIgniter\CodeIgniter->run()
#4 {main}
CRITICAL - 2021-08-04 03:38:08 --> Call to a member function getVar() on null
#0 /var/www/dev.ramin.online/workspace/dashboard/system/CodeIgniter.php(928): App\Controllers\Settings->update_feed()
#1 /var/www/dev.ramin.online/workspace/dashboard/system/CodeIgniter.php(436): CodeIgniter\CodeIgniter->runController()
#2 /var/www/dev.ramin.online/workspace/dashboard/system/CodeIgniter.php(336): CodeIgniter\CodeIgniter->handleRequest()
#3 /var/www/dev.ramin.online/workspace/dashboard/public/index.php(37): CodeIgniter\CodeIgniter->run()
#4 {main}
CRITICAL - 2021-08-04 03:38:41 --> Call to a member function getVar() on null
#0 /var/www/dev.ramin.online/workspace/dashboard/system/CodeIgniter.php(928): App\Controllers\Settings->update_feed()
#1 /var/www/dev.ramin.online/workspace/dashboard/system/CodeIgniter.php(436): CodeIgniter\CodeIgniter->runController()
#2 /var/www/dev.ramin.online/workspace/dashboard/system/CodeIgniter.php(336): CodeIgniter\CodeIgniter->handleRequest()
#3 /var/www/dev.ramin.online/workspace/dashboard/public/index.php(37): CodeIgniter\CodeIgniter->run()
#4 {main}
CRITICAL - 2021-08-04 03:39:54 --> Call to a member function getVar() on null
#0 /var/www/dev.ramin.online/workspace/dashboard/system/CodeIgniter.php(928): App\Controllers\Settings->update_feed()
#1 /var/www/dev.ramin.online/workspace/dashboard/system/CodeIgniter.php(436): CodeIgniter\CodeIgniter->runController()
#2 /var/www/dev.ramin.online/workspace/dashboard/system/CodeIgniter.php(336): CodeIgniter\CodeIgniter->handleRequest()
#3 /var/www/dev.ramin.online/workspace/dashboard/public/index.php(37): CodeIgniter\CodeIgniter->run()
#4 {main}
CRITICAL - 2021-08-04 03:40:29 --> Call to a member function getVar() on null
#0 /var/www/dev.ramin.online/workspace/dashboard/system/CodeIgniter.php(928): App\Controllers\Settings->update_feed()
#1 /var/www/dev.ramin.online/workspace/dashboard/system/CodeIgniter.php(436): CodeIgniter\CodeIgniter->runController()
#2 /var/www/dev.ramin.online/workspace/dashboard/system/CodeIgniter.php(336): CodeIgniter\CodeIgniter->handleRequest()
#3 /var/www/dev.ramin.online/workspace/dashboard/public/index.php(37): CodeIgniter\CodeIgniter->run()
#4 {main}
CRITICAL - 2021-08-04 03:41:41 --> There is no data to update.
#0 /var/www/dev.ramin.online/workspace/dashboard/system/BaseModel.php(1668): CodeIgniter\Database\Exceptions\DataException::forEmptyDataset()
#1 /var/www/dev.ramin.online/workspace/dashboard/system/BaseModel.php(880): CodeIgniter\BaseModel->transformDataToArray()
#2 /var/www/dev.ramin.online/workspace/dashboard/system/Model.php(718): CodeIgniter\BaseModel->update()
#3 /var/www/dev.ramin.online/workspace/dashboard/app/Controllers/Settings.php(71): CodeIgniter\Model->update()
#4 /var/www/dev.ramin.online/workspace/dashboard/system/CodeIgniter.php(928): App\Controllers\Settings->update_feed()
#5 /var/www/dev.ramin.online/workspace/dashboard/system/CodeIgniter.php(436): CodeIgniter\CodeIgniter->runController()
#6 /var/www/dev.ramin.online/workspace/dashboard/system/CodeIgniter.php(336): CodeIgniter\CodeIgniter->handleRequest()
#7 /var/www/dev.ramin.online/workspace/dashboard/public/index.php(37): CodeIgniter\CodeIgniter->run()
#8 {main}
CRITICAL - 2021-08-04 03:42:08 --> There is no data to update.
#0 /var/www/dev.ramin.online/workspace/dashboard/system/BaseModel.php(1668): CodeIgniter\Database\Exceptions\DataException::forEmptyDataset()
#1 /var/www/dev.ramin.online/workspace/dashboard/system/BaseModel.php(880): CodeIgniter\BaseModel->transformDataToArray()
#2 /var/www/dev.ramin.online/workspace/dashboard/system/Model.php(718): CodeIgniter\BaseModel->update()
#3 /var/www/dev.ramin.online/workspace/dashboard/app/Controllers/Settings.php(70): CodeIgniter\Model->update()
#4 /var/www/dev.ramin.online/workspace/dashboard/system/CodeIgniter.php(928): App\Controllers\Settings->update_feed()
#5 /var/www/dev.ramin.online/workspace/dashboard/system/CodeIgniter.php(436): CodeIgniter\CodeIgniter->runController()
#6 /var/www/dev.ramin.online/workspace/dashboard/system/CodeIgniter.php(336): CodeIgniter\CodeIgniter->handleRequest()
#7 /var/www/dev.ramin.online/workspace/dashboard/public/index.php(37): CodeIgniter\CodeIgniter->run()
#8 {main}
CRITICAL - 2021-08-04 03:44:56 --> There is no data to update.
#0 /var/www/dev.ramin.online/workspace/dashboard/system/BaseModel.php(1668): CodeIgniter\Database\Exceptions\DataException::forEmptyDataset()
#1 /var/www/dev.ramin.online/workspace/dashboard/system/BaseModel.php(880): CodeIgniter\BaseModel->transformDataToArray()
#2 /var/www/dev.ramin.online/workspace/dashboard/system/Model.php(718): CodeIgniter\BaseModel->update()
#3 /var/www/dev.ramin.online/workspace/dashboard/app/Controllers/Settings.php(70): CodeIgniter\Model->update()
#4 /var/www/dev.ramin.online/workspace/dashboard/system/CodeIgniter.php(928): App\Controllers\Settings->update_feed()
#5 /var/www/dev.ramin.online/workspace/dashboard/system/CodeIgniter.php(436): CodeIgniter\CodeIgniter->runController()
#6 /var/www/dev.ramin.online/workspace/dashboard/system/CodeIgniter.php(336): CodeIgniter\CodeIgniter->handleRequest()
#7 /var/www/dev.ramin.online/workspace/dashboard/public/index.php(37): CodeIgniter\CodeIgniter->run()
#8 {main}
CRITICAL - 2021-08-04 03:45:12 --> There is no data to update.
#0 /var/www/dev.ramin.online/workspace/dashboard/system/BaseModel.php(1668): CodeIgniter\Database\Exceptions\DataException::forEmptyDataset()
#1 /var/www/dev.ramin.online/workspace/dashboard/system/BaseModel.php(880): CodeIgniter\BaseModel->transformDataToArray()
#2 /var/www/dev.ramin.online/workspace/dashboard/system/Model.php(718): CodeIgniter\BaseModel->update()
#3 /var/www/dev.ramin.online/workspace/dashboard/app/Controllers/Settings.php(72): CodeIgniter\Model->update()
#4 /var/www/dev.ramin.online/workspace/dashboard/system/CodeIgniter.php(928): App\Controllers\Settings->update_feed()
#5 /var/www/dev.ramin.online/workspace/dashboard/system/CodeIgniter.php(436): CodeIgniter\CodeIgniter->runController()
#6 /var/www/dev.ramin.online/workspace/dashboard/system/CodeIgniter.php(336): CodeIgniter\CodeIgniter->handleRequest()
#7 /var/www/dev.ramin.online/workspace/dashboard/public/index.php(37): CodeIgniter\CodeIgniter->run()
#8 {main}
CRITICAL - 2021-08-04 03:46:23 --> There is no data to update.
#0 /var/www/dev.ramin.online/workspace/dashboard/system/BaseModel.php(1668): CodeIgniter\Database\Exceptions\DataException::forEmptyDataset()
#1 /var/www/dev.ramin.online/workspace/dashboard/system/BaseModel.php(880): CodeIgniter\BaseModel->transformDataToArray()
#2 /var/www/dev.ramin.online/workspace/dashboard/system/Model.php(718): CodeIgniter\BaseModel->update()
#3 /var/www/dev.ramin.online/workspace/dashboard/app/Controllers/Settings.php(71): CodeIgniter\Model->update()
#4 /var/www/dev.ramin.online/workspace/dashboard/system/CodeIgniter.php(928): App\Controllers\Settings->update_feed()
#5 /var/www/dev.ramin.online/workspace/dashboard/system/CodeIgniter.php(436): CodeIgniter\CodeIgniter->runController()
#6 /var/www/dev.ramin.online/workspace/dashboard/system/CodeIgniter.php(336): CodeIgniter\CodeIgniter->handleRequest()
#7 /var/www/dev.ramin.online/workspace/dashboard/public/index.php(37): CodeIgniter\CodeIgniter->run()
#8 {main}
CRITICAL - 2021-08-04 08:01:24 --> Too few arguments to function App\Controllers\City::index(), 0 passed in /var/www/dev.ramin.online/workspace/dashboard/system/CodeIgniter.php on line 928 and exactly 1 expected
#0 /var/www/dev.ramin.online/workspace/dashboard/system/CodeIgniter.php(928): App\Controllers\City->index()
#1 /var/www/dev.ramin.online/workspace/dashboard/system/CodeIgniter.php(436): CodeIgniter\CodeIgniter->runController()
#2 /var/www/dev.ramin.online/workspace/dashboard/system/CodeIgniter.php(336): CodeIgniter\CodeIgniter->handleRequest()
#3 /var/www/dev.ramin.online/workspace/dashboard/public/index.php(37): CodeIgniter\CodeIgniter->run()
#4 {main}
CRITICAL - 2021-08-04 08:01:44 --> Call to a member function where() on null
#0 /var/www/dev.ramin.online/workspace/dashboard/system/CodeIgniter.php(928): App\Controllers\City->index()
#1 /var/www/dev.ramin.online/workspace/dashboard/system/CodeIgniter.php(436): CodeIgniter\CodeIgniter->runController()
#2 /var/www/dev.ramin.online/workspace/dashboard/system/CodeIgniter.php(336): CodeIgniter\CodeIgniter->handleRequest()
#3 /var/www/dev.ramin.online/workspace/dashboard/public/index.php(37): CodeIgniter\CodeIgniter->run()
#4 {main}
CRITICAL - 2021-08-04 08:07:58 --> Call to undefined method CodeIgniter\HTTP\IncomingRequest::get()
#0 /var/www/dev.ramin.online/workspace/dashboard/system/CodeIgniter.php(928): App\Controllers\City->index()
#1 /var/www/dev.ramin.online/workspace/dashboard/system/CodeIgniter.php(436): CodeIgniter\CodeIgniter->runController()
#2 /var/www/dev.ramin.online/workspace/dashboard/system/CodeIgniter.php(336): CodeIgniter\CodeIgniter->handleRequest()
#3 /var/www/dev.ramin.online/workspace/dashboard/public/index.php(37): CodeIgniter\CodeIgniter->run()
#4 {main}
CRITICAL - 2021-08-04 08:07:59 --> Call to undefined method CodeIgniter\HTTP\IncomingRequest::get()
#0 /var/www/dev.ramin.online/workspace/dashboard/system/CodeIgniter.php(928): App\Controllers\City->index()
#1 /var/www/dev.ramin.online/workspace/dashboard/system/CodeIgniter.php(436): CodeIgniter\CodeIgniter->runController()
#2 /var/www/dev.ramin.online/workspace/dashboard/system/CodeIgniter.php(336): CodeIgniter\CodeIgniter->handleRequest()
#3 /var/www/dev.ramin.online/workspace/dashboard/public/index.php(37): CodeIgniter\CodeIgniter->run()
#4 {main}
CRITICAL - 2021-08-04 08:08:00 --> Call to undefined method CodeIgniter\HTTP\IncomingRequest::get()
#0 /var/www/dev.ramin.online/workspace/dashboard/system/CodeIgniter.php(928): App\Controllers\City->index()
#1 /var/www/dev.ramin.online/workspace/dashboard/system/CodeIgniter.php(436): CodeIgniter\CodeIgniter->runController()
#2 /var/www/dev.ramin.online/workspace/dashboard/system/CodeIgniter.php(336): CodeIgniter\CodeIgniter->handleRequest()
#3 /var/www/dev.ramin.online/workspace/dashboard/public/index.php(37): CodeIgniter\CodeIgniter->run()
#4 {main}
CRITICAL - 2021-08-04 08:08:00 --> Call to undefined method CodeIgniter\HTTP\IncomingRequest::get()
#0 /var/www/dev.ramin.online/workspace/dashboard/system/CodeIgniter.php(928): App\Controllers\City->index()
#1 /var/www/dev.ramin.online/workspace/dashboard/system/CodeIgniter.php(436): CodeIgniter\CodeIgniter->runController()
#2 /var/www/dev.ramin.online/workspace/dashboard/system/CodeIgniter.php(336): CodeIgniter\CodeIgniter->handleRequest()
#3 /var/www/dev.ramin.online/workspace/dashboard/public/index.php(37): CodeIgniter\CodeIgniter->run()
#4 {main}
CRITICAL - 2021-08-04 08:08:00 --> Call to undefined method CodeIgniter\HTTP\IncomingRequest::get()
#0 /var/www/dev.ramin.online/workspace/dashboard/system/CodeIgniter.php(928): App\Controllers\City->index()
#1 /var/www/dev.ramin.online/workspace/dashboard/system/CodeIgniter.php(436): CodeIgniter\CodeIgniter->runController()
#2 /var/www/dev.ramin.online/workspace/dashboard/system/CodeIgniter.php(336): CodeIgniter\CodeIgniter->handleRequest()
#3 /var/www/dev.ramin.online/workspace/dashboard/public/index.php(37): CodeIgniter\CodeIgniter->run()
#4 {main}
CRITICAL - 2021-08-04 08:08:00 --> Call to undefined method CodeIgniter\HTTP\IncomingRequest::get()
#0 /var/www/dev.ramin.online/workspace/dashboard/system/CodeIgniter.php(928): App\Controllers\City->index()
#1 /var/www/dev.ramin.online/workspace/dashboard/system/CodeIgniter.php(436): CodeIgniter\CodeIgniter->runController()
#2 /var/www/dev.ramin.online/workspace/dashboard/system/CodeIgniter.php(336): CodeIgniter\CodeIgniter->handleRequest()
#3 /var/www/dev.ramin.online/workspace/dashboard/public/index.php(37): CodeIgniter\CodeIgniter->run()
#4 {main}
CRITICAL - 2021-08-04 08:08:01 --> Call to undefined method CodeIgniter\HTTP\IncomingRequest::get()
#0 /var/www/dev.ramin.online/workspace/dashboard/system/CodeIgniter.php(928): App\Controllers\City->index()
#1 /var/www/dev.ramin.online/workspace/dashboard/system/CodeIgniter.php(436): CodeIgniter\CodeIgniter->runController()
#2 /var/www/dev.ramin.online/workspace/dashboard/system/CodeIgniter.php(336): CodeIgniter\CodeIgniter->handleRequest()
#3 /var/www/dev.ramin.online/workspace/dashboard/public/index.php(37): CodeIgniter\CodeIgniter->run()
#4 {main}
CRITICAL - 2021-08-04 08:08:01 --> Call to undefined method CodeIgniter\HTTP\IncomingRequest::get()
#0 /var/www/dev.ramin.online/workspace/dashboard/system/CodeIgniter.php(928): App\Controllers\City->index()
#1 /var/www/dev.ramin.online/workspace/dashboard/system/CodeIgniter.php(436): CodeIgniter\CodeIgniter->runController()
#2 /var/www/dev.ramin.online/workspace/dashboard/system/CodeIgniter.php(336): CodeIgniter\CodeIgniter->handleRequest()
#3 /var/www/dev.ramin.online/workspace/dashboard/public/index.php(37): CodeIgniter\CodeIgniter->run()
#4 {main}
CRITICAL - 2021-08-04 08:08:01 --> Call to undefined method CodeIgniter\HTTP\IncomingRequest::get()
#0 /var/www/dev.ramin.online/workspace/dashboard/system/CodeIgniter.php(928): App\Controllers\City->index()
#1 /var/www/dev.ramin.online/workspace/dashboard/system/CodeIgniter.php(436): CodeIgniter\CodeIgniter->runController()
#2 /var/www/dev.ramin.online/workspace/dashboard/system/CodeIgniter.php(336): CodeIgniter\CodeIgniter->handleRequest()
#3 /var/www/dev.ramin.online/workspace/dashboard/public/index.php(37): CodeIgniter\CodeIgniter->run()
#4 {main}
CRITICAL - 2021-08-04 08:08:01 --> Call to undefined method CodeIgniter\HTTP\IncomingRequest::get()
#0 /var/www/dev.ramin.online/workspace/dashboard/system/CodeIgniter.php(928): App\Controllers\City->index()
#1 /var/www/dev.ramin.online/workspace/dashboard/system/CodeIgniter.php(436): CodeIgniter\CodeIgniter->runController()
#2 /var/www/dev.ramin.online/workspace/dashboard/system/CodeIgniter.php(336): CodeIgniter\CodeIgniter->handleRequest()
#3 /var/www/dev.ramin.online/workspace/dashboard/public/index.php(37): CodeIgniter\CodeIgniter->run()
#4 {main}
CRITICAL - 2021-08-04 08:08:02 --> Call to undefined method CodeIgniter\HTTP\IncomingRequest::get()
#0 /var/www/dev.ramin.online/workspace/dashboard/system/CodeIgniter.php(928): App\Controllers\City->index()
#1 /var/www/dev.ramin.online/workspace/dashboard/system/CodeIgniter.php(436): CodeIgniter\CodeIgniter->runController()
#2 /var/www/dev.ramin.online/workspace/dashboard/system/CodeIgniter.php(336): CodeIgniter\CodeIgniter->handleRequest()
#3 /var/www/dev.ramin.online/workspace/dashboard/public/index.php(37): CodeIgniter\CodeIgniter->run()
#4 {main}
CRITICAL - 2021-08-04 08:08:02 --> Call to undefined method CodeIgniter\HTTP\IncomingRequest::get()
#0 /var/www/dev.ramin.online/workspace/dashboard/system/CodeIgniter.php(928): App\Controllers\City->index()
#1 /var/www/dev.ramin.online/workspace/dashboard/system/CodeIgniter.php(436): CodeIgniter\CodeIgniter->runController()
#2 /var/www/dev.ramin.online/workspace/dashboard/system/CodeIgniter.php(336): CodeIgniter\CodeIgniter->handleRequest()
#3 /var/www/dev.ramin.online/workspace/dashboard/public/index.php(37): CodeIgniter\CodeIgniter->run()
#4 {main}
CRITICAL - 2021-08-04 08:08:02 --> Call to undefined method CodeIgniter\HTTP\IncomingRequest::get()
#0 /var/www/dev.ramin.online/workspace/dashboard/system/CodeIgniter.php(928): App\Controllers\City->index()
#1 /var/www/dev.ramin.online/workspace/dashboard/system/CodeIgniter.php(436): CodeIgniter\CodeIgniter->runController()
#2 /var/www/dev.ramin.online/workspace/dashboard/system/CodeIgniter.php(336): CodeIgniter\CodeIgniter->handleRequest()
#3 /var/www/dev.ramin.online/workspace/dashboard/public/index.php(37): CodeIgniter\CodeIgniter->run()
#4 {main}
CRITICAL - 2021-08-04 08:08:02 --> Call to undefined method CodeIgniter\HTTP\IncomingRequest::get()
#0 /var/www/dev.ramin.online/workspace/dashboard/system/CodeIgniter.php(928): App\Controllers\City->index()
#1 /var/www/dev.ramin.online/workspace/dashboard/system/CodeIgniter.php(436): CodeIgniter\CodeIgniter->runController()
#2 /var/www/dev.ramin.online/workspace/dashboard/system/CodeIgniter.php(336): CodeIgniter\CodeIgniter->handleRequest()
#3 /var/www/dev.ramin.online/workspace/dashboard/public/index.php(37): CodeIgniter\CodeIgniter->run()
#4 {main}
CRITICAL - 2021-08-04 08:08:02 --> Call to undefined method CodeIgniter\HTTP\IncomingRequest::get()
#0 /var/www/dev.ramin.online/workspace/dashboard/system/CodeIgniter.php(928): App\Controllers\City->index()
#1 /var/www/dev.ramin.online/workspace/dashboard/system/CodeIgniter.php(436): CodeIgniter\CodeIgniter->runController()
#2 /var/www/dev.ramin.online/workspace/dashboard/system/CodeIgniter.php(336): CodeIgniter\CodeIgniter->handleRequest()
#3 /var/www/dev.ramin.online/workspace/dashboard/public/index.php(37): CodeIgniter\CodeIgniter->run()
#4 {main}
CRITICAL - 2021-08-04 08:09:04 --> Call to undefined method CodeIgniter\HTTP\IncomingRequest::get()
#0 /var/www/dev.ramin.online/workspace/dashboard/system/CodeIgniter.php(928): App\Controllers\City->index()
#1 /var/www/dev.ramin.online/workspace/dashboard/system/CodeIgniter.php(436): CodeIgniter\CodeIgniter->runController()
#2 /var/www/dev.ramin.online/workspace/dashboard/system/CodeIgniter.php(336): CodeIgniter\CodeIgniter->handleRequest()
#3 /var/www/dev.ramin.online/workspace/dashboard/public/index.php(37): CodeIgniter\CodeIgniter->run()
#4 {main}
CRITICAL - 2021-08-04 08:09:05 --> Call to undefined method CodeIgniter\HTTP\IncomingRequest::get()
#0 /var/www/dev.ramin.online/workspace/dashboard/system/CodeIgniter.php(928): App\Controllers\City->index()
#1 /var/www/dev.ramin.online/workspace/dashboard/system/CodeIgniter.php(436): CodeIgniter\CodeIgniter->runController()
#2 /var/www/dev.ramin.online/workspace/dashboard/system/CodeIgniter.php(336): CodeIgniter\CodeIgniter->handleRequest()
#3 /var/www/dev.ramin.online/workspace/dashboard/public/index.php(37): CodeIgniter\CodeIgniter->run()
#4 {main}
CRITICAL - 2021-08-04 08:09:05 --> Call to undefined method CodeIgniter\HTTP\IncomingRequest::get()
#0 /var/www/dev.ramin.online/workspace/dashboard/system/CodeIgniter.php(928): App\Controllers\City->index()
#1 /var/www/dev.ramin.online/workspace/dashboard/system/CodeIgniter.php(436): CodeIgniter\CodeIgniter->runController()
#2 /var/www/dev.ramin.online/workspace/dashboard/system/CodeIgniter.php(336): CodeIgniter\CodeIgniter->handleRequest()
#3 /var/www/dev.ramin.online/workspace/dashboard/public/index.php(37): CodeIgniter\CodeIgniter->run()
#4 {main}
CRITICAL - 2021-08-04 08:09:06 --> Call to undefined method CodeIgniter\HTTP\IncomingRequest::get()
#0 /var/www/dev.ramin.online/workspace/dashboard/system/CodeIgniter.php(928): App\Controllers\City->index()
#1 /var/www/dev.ramin.online/workspace/dashboard/system/CodeIgniter.php(436): CodeIgniter\CodeIgniter->runController()
#2 /var/www/dev.ramin.online/workspace/dashboard/system/CodeIgniter.php(336): CodeIgniter\CodeIgniter->handleRequest()
#3 /var/www/dev.ramin.online/workspace/dashboard/public/index.php(37): CodeIgniter\CodeIgniter->run()
#4 {main}
CRITICAL - 2021-08-04 08:09:07 --> Call to undefined method CodeIgniter\HTTP\IncomingRequest::get()
#0 /var/www/dev.ramin.online/workspace/dashboard/system/CodeIgniter.php(928): App\Controllers\City->index()
#1 /var/www/dev.ramin.online/workspace/dashboard/system/CodeIgniter.php(436): CodeIgniter\CodeIgniter->runController()
#2 /var/www/dev.ramin.online/workspace/dashboard/system/CodeIgniter.php(336): CodeIgniter\CodeIgniter->handleRequest()
#3 /var/www/dev.ramin.online/workspace/dashboard/public/index.php(37): CodeIgniter\CodeIgniter->run()
#4 {main}
CRITICAL - 2021-08-04 08:09:07 --> Call to undefined method CodeIgniter\HTTP\IncomingRequest::get()
#0 /var/www/dev.ramin.online/workspace/dashboard/system/CodeIgniter.php(928): App\Controllers\City->index()
#1 /var/www/dev.ramin.online/workspace/dashboard/system/CodeIgniter.php(436): CodeIgniter\CodeIgniter->runController()
#2 /var/www/dev.ramin.online/workspace/dashboard/system/CodeIgniter.php(336): CodeIgniter\CodeIgniter->handleRequest()
#3 /var/www/dev.ramin.online/workspace/dashboard/public/index.php(37): CodeIgniter\CodeIgniter->run()
#4 {main}
CRITICAL - 2021-08-04 08:09:07 --> Call to undefined method CodeIgniter\HTTP\IncomingRequest::get()
#0 /var/www/dev.ramin.online/workspace/dashboard/system/CodeIgniter.php(928): App\Controllers\City->index()
#1 /var/www/dev.ramin.online/workspace/dashboard/system/CodeIgniter.php(436): CodeIgniter\CodeIgniter->runController()
#2 /var/www/dev.ramin.online/workspace/dashboard/system/CodeIgniter.php(336): CodeIgniter\CodeIgniter->handleRequest()
#3 /var/www/dev.ramin.online/workspace/dashboard/public/index.php(37): CodeIgniter\CodeIgniter->run()
#4 {main}
CRITICAL - 2021-08-04 08:09:08 --> Call to undefined method CodeIgniter\HTTP\IncomingRequest::get()
#0 /var/www/dev.ramin.online/workspace/dashboard/system/CodeIgniter.php(928): App\Controllers\City->index()
#1 /var/www/dev.ramin.online/workspace/dashboard/system/CodeIgniter.php(436): CodeIgniter\CodeIgniter->runController()
#2 /var/www/dev.ramin.online/workspace/dashboard/system/CodeIgniter.php(336): CodeIgniter\CodeIgniter->handleRequest()
#3 /var/www/dev.ramin.online/workspace/dashboard/public/index.php(37): CodeIgniter\CodeIgniter->run()
#4 {main}
CRITICAL - 2021-08-04 08:11:57 --> Call to undefined method CodeIgniter\HTTP\IncomingRequest::get()
#0 /var/www/dev.ramin.online/workspace/dashboard/system/CodeIgniter.php(928): App\Controllers\City->index()
#1 /var/www/dev.ramin.online/workspace/dashboard/system/CodeIgniter.php(436): CodeIgniter\CodeIgniter->runController()
#2 /var/www/dev.ramin.online/workspace/dashboard/system/CodeIgniter.php(336): CodeIgniter\CodeIgniter->handleRequest()
#3 /var/www/dev.ramin.online/workspace/dashboard/public/index.php(37): CodeIgniter\CodeIgniter->run()
#4 {main}
CRITICAL - 2021-08-04 08:11:57 --> Call to undefined method CodeIgniter\HTTP\IncomingRequest::get()
#0 /var/www/dev.ramin.online/workspace/dashboard/system/CodeIgniter.php(928): App\Controllers\City->index()
#1 /var/www/dev.ramin.online/workspace/dashboard/system/CodeIgniter.php(436): CodeIgniter\CodeIgniter->runController()
#2 /var/www/dev.ramin.online/workspace/dashboard/system/CodeIgniter.php(336): CodeIgniter\CodeIgniter->handleRequest()
#3 /var/www/dev.ramin.online/workspace/dashboard/public/index.php(37): CodeIgniter\CodeIgniter->run()
#4 {main}
CRITICAL - 2021-08-04 08:11:59 --> Call to undefined method CodeIgniter\HTTP\IncomingRequest::get()
#0 /var/www/dev.ramin.online/workspace/dashboard/system/CodeIgniter.php(928): App\Controllers\City->index()
#1 /var/www/dev.ramin.online/workspace/dashboard/system/CodeIgniter.php(436): CodeIgniter\CodeIgniter->runController()
#2 /var/www/dev.ramin.online/workspace/dashboard/system/CodeIgniter.php(336): CodeIgniter\CodeIgniter->handleRequest()
#3 /var/www/dev.ramin.online/workspace/dashboard/public/index.php(37): CodeIgniter\CodeIgniter->run()
#4 {main}
CRITICAL - 2021-08-04 08:12:00 --> Call to undefined method CodeIgniter\HTTP\IncomingRequest::get()
#0 /var/www/dev.ramin.online/workspace/dashboard/system/CodeIgniter.php(928): App\Controllers\City->index()
#1 /var/www/dev.ramin.online/workspace/dashboard/system/CodeIgniter.php(436): CodeIgniter\CodeIgniter->runController()
#2 /var/www/dev.ramin.online/workspace/dashboard/system/CodeIgniter.php(336): CodeIgniter\CodeIgniter->handleRequest()
#3 /var/www/dev.ramin.online/workspace/dashboard/public/index.php(37): CodeIgniter\CodeIgniter->run()
#4 {main}
CRITICAL - 2021-08-04 08:12:00 --> Call to undefined method CodeIgniter\HTTP\IncomingRequest::get()
#0 /var/www/dev.ramin.online/workspace/dashboard/system/CodeIgniter.php(928): App\Controllers\City->index()
#1 /var/www/dev.ramin.online/workspace/dashboard/system/CodeIgniter.php(436): CodeIgniter\CodeIgniter->runController()
#2 /var/www/dev.ramin.online/workspace/dashboard/system/CodeIgniter.php(336): CodeIgniter\CodeIgniter->handleRequest()
#3 /var/www/dev.ramin.online/workspace/dashboard/public/index.php(37): CodeIgniter\CodeIgniter->run()
#4 {main}
CRITICAL - 2021-08-04 08:12:01 --> Call to undefined method CodeIgniter\HTTP\IncomingRequest::get()
#0 /var/www/dev.ramin.online/workspace/dashboard/system/CodeIgniter.php(928): App\Controllers\City->index()
#1 /var/www/dev.ramin.online/workspace/dashboard/system/CodeIgniter.php(436): CodeIgniter\CodeIgniter->runController()
#2 /var/www/dev.ramin.online/workspace/dashboard/system/CodeIgniter.php(336): CodeIgniter\CodeIgniter->handleRequest()
#3 /var/www/dev.ramin.online/workspace/dashboard/public/index.php(37): CodeIgniter\CodeIgniter->run()
#4 {main}
CRITICAL - 2021-08-04 08:12:02 --> Call to undefined method CodeIgniter\HTTP\IncomingRequest::get()
#0 /var/www/dev.ramin.online/workspace/dashboard/system/CodeIgniter.php(928): App\Controllers\City->index()
#1 /var/www/dev.ramin.online/workspace/dashboard/system/CodeIgniter.php(436): CodeIgniter\CodeIgniter->runController()
#2 /var/www/dev.ramin.online/workspace/dashboard/system/CodeIgniter.php(336): CodeIgniter\CodeIgniter->handleRequest()
#3 /var/www/dev.ramin.online/workspace/dashboard/public/index.php(37): CodeIgniter\CodeIgniter->run()
#4 {main}
CRITICAL - 2021-08-04 08:12:02 --> Call to undefined method CodeIgniter\HTTP\IncomingRequest::get()
#0 /var/www/dev.ramin.online/workspace/dashboard/system/CodeIgniter.php(928): App\Controllers\City->index()
#1 /var/www/dev.ramin.online/workspace/dashboard/system/CodeIgniter.php(436): CodeIgniter\CodeIgniter->runController()
#2 /var/www/dev.ramin.online/workspace/dashboard/system/CodeIgniter.php(336): CodeIgniter\CodeIgniter->handleRequest()
#3 /var/www/dev.ramin.online/workspace/dashboard/public/index.php(37): CodeIgniter\CodeIgniter->run()
#4 {main}
CRITICAL - 2021-08-04 08:12:02 --> Call to undefined method CodeIgniter\HTTP\IncomingRequest::get()
#0 /var/www/dev.ramin.online/workspace/dashboard/system/CodeIgniter.php(928): App\Controllers\City->index()
#1 /var/www/dev.ramin.online/workspace/dashboard/system/CodeIgniter.php(436): CodeIgniter\CodeIgniter->runController()
#2 /var/www/dev.ramin.online/workspace/dashboard/system/CodeIgniter.php(336): CodeIgniter\CodeIgniter->handleRequest()
#3 /var/www/dev.ramin.online/workspace/dashboard/public/index.php(37): CodeIgniter\CodeIgniter->run()
#4 {main}
CRITICAL - 2021-08-04 08:12:02 --> Call to undefined method CodeIgniter\HTTP\IncomingRequest::get()
#0 /var/www/dev.ramin.online/workspace/dashboard/system/CodeIgniter.php(928): App\Controllers\City->index()
#1 /var/www/dev.ramin.online/workspace/dashboard/system/CodeIgniter.php(436): CodeIgniter\CodeIgniter->runController()
#2 /var/www/dev.ramin.online/workspace/dashboard/system/CodeIgniter.php(336): CodeIgniter\CodeIgniter->handleRequest()
#3 /var/www/dev.ramin.online/workspace/dashboard/public/index.php(37): CodeIgniter\CodeIgniter->run()
#4 {main}
CRITICAL - 2021-08-04 08:12:04 --> Call to undefined method CodeIgniter\HTTP\IncomingRequest::get()
#0 /var/www/dev.ramin.online/workspace/dashboard/system/CodeIgniter.php(928): App\Controllers\City->index()
#1 /var/www/dev.ramin.online/workspace/dashboard/system/CodeIgniter.php(436): CodeIgniter\CodeIgniter->runController()
#2 /var/www/dev.ramin.online/workspace/dashboard/system/CodeIgniter.php(336): CodeIgniter\CodeIgniter->handleRequest()
#3 /var/www/dev.ramin.online/workspace/dashboard/public/index.php(37): CodeIgniter\CodeIgniter->run()
#4 {main}
CRITICAL - 2021-08-04 08:14:21 --> Call to undefined method CodeIgniter\HTTP\IncomingRequest::get()
#0 /var/www/dev.ramin.online/workspace/dashboard/system/CodeIgniter.php(928): App\Controllers\City->index()
#1 /var/www/dev.ramin.online/workspace/dashboard/system/CodeIgniter.php(436): CodeIgniter\CodeIgniter->runController()
#2 /var/www/dev.ramin.online/workspace/dashboard/system/CodeIgniter.php(336): CodeIgniter\CodeIgniter->handleRequest()
#3 /var/www/dev.ramin.online/workspace/dashboard/public/index.php(37): CodeIgniter\CodeIgniter->run()
#4 {main}
CRITICAL - 2021-08-04 08:14:21 --> Call to undefined method CodeIgniter\HTTP\IncomingRequest::get()
#0 /var/www/dev.ramin.online/workspace/dashboard/system/CodeIgniter.php(928): App\Controllers\City->index()
#1 /var/www/dev.ramin.online/workspace/dashboard/system/CodeIgniter.php(436): CodeIgniter\CodeIgniter->runController()
#2 /var/www/dev.ramin.online/workspace/dashboard/system/CodeIgniter.php(336): CodeIgniter\CodeIgniter->handleRequest()
#3 /var/www/dev.ramin.online/workspace/dashboard/public/index.php(37): CodeIgniter\CodeIgniter->run()
#4 {main}
CRITICAL - 2021-08-04 08:14:21 --> Call to undefined method CodeIgniter\HTTP\IncomingRequest::get()
#0 /var/www/dev.ramin.online/workspace/dashboard/system/CodeIgniter.php(928): App\Controllers\City->index()
#1 /var/www/dev.ramin.online/workspace/dashboard/system/CodeIgniter.php(436): CodeIgniter\CodeIgniter->runController()
#2 /var/www/dev.ramin.online/workspace/dashboard/system/CodeIgniter.php(336): CodeIgniter\CodeIgniter->handleRequest()
#3 /var/www/dev.ramin.online/workspace/dashboard/public/index.php(37): CodeIgniter\CodeIgniter->run()
#4 {main}
CRITICAL - 2021-08-04 08:14:22 --> Call to undefined method CodeIgniter\HTTP\IncomingRequest::get()
#0 /var/www/dev.ramin.online/workspace/dashboard/system/CodeIgniter.php(928): App\Controllers\City->index()
#1 /var/www/dev.ramin.online/workspace/dashboard/system/CodeIgniter.php(436): CodeIgniter\CodeIgniter->runController()
#2 /var/www/dev.ramin.online/workspace/dashboard/system/CodeIgniter.php(336): CodeIgniter\CodeIgniter->handleRequest()
#3 /var/www/dev.ramin.online/workspace/dashboard/public/index.php(37): CodeIgniter\CodeIgniter->run()
#4 {main}
CRITICAL - 2021-08-04 08:14:22 --> Call to undefined method CodeIgniter\HTTP\IncomingRequest::get()
#0 /var/www/dev.ramin.online/workspace/dashboard/system/CodeIgniter.php(928): App\Controllers\City->index()
#1 /var/www/dev.ramin.online/workspace/dashboard/system/CodeIgniter.php(436): CodeIgniter\CodeIgniter->runController()
#2 /var/www/dev.ramin.online/workspace/dashboard/system/CodeIgniter.php(336): CodeIgniter\CodeIgniter->handleRequest()
#3 /var/www/dev.ramin.online/workspace/dashboard/public/index.php(37): CodeIgniter\CodeIgniter->run()
#4 {main}
CRITICAL - 2021-08-04 08:14:22 --> Call to undefined method CodeIgniter\HTTP\IncomingRequest::get()
#0 /var/www/dev.ramin.online/workspace/dashboard/system/CodeIgniter.php(928): App\Controllers\City->index()
#1 /var/www/dev.ramin.online/workspace/dashboard/system/CodeIgniter.php(436): CodeIgniter\CodeIgniter->runController()
#2 /var/www/dev.ramin.online/workspace/dashboard/system/CodeIgniter.php(336): CodeIgniter\CodeIgniter->handleRequest()
#3 /var/www/dev.ramin.online/workspace/dashboard/public/index.php(37): CodeIgniter\CodeIgniter->run()
#4 {main}
CRITICAL - 2021-08-04 08:14:23 --> Call to undefined method CodeIgniter\HTTP\IncomingRequest::get()
#0 /var/www/dev.ramin.online/workspace/dashboard/system/CodeIgniter.php(928): App\Controllers\City->index()
#1 /var/www/dev.ramin.online/workspace/dashboard/system/CodeIgniter.php(436): CodeIgniter\CodeIgniter->runController()
#2 /var/www/dev.ramin.online/workspace/dashboard/system/CodeIgniter.php(336): CodeIgniter\CodeIgniter->handleRequest()
#3 /var/www/dev.ramin.online/workspace/dashboard/public/index.php(37): CodeIgniter\CodeIgniter->run()
#4 {main}
CRITICAL - 2021-08-04 08:14:23 --> Call to undefined method CodeIgniter\HTTP\IncomingRequest::get()
#0 /var/www/dev.ramin.online/workspace/dashboard/system/CodeIgniter.php(928): App\Controllers\City->index()
#1 /var/www/dev.ramin.online/workspace/dashboard/system/CodeIgniter.php(436): CodeIgniter\CodeIgniter->runController()
#2 /var/www/dev.ramin.online/workspace/dashboard/system/CodeIgniter.php(336): CodeIgniter\CodeIgniter->handleRequest()
#3 /var/www/dev.ramin.online/workspace/dashboard/public/index.php(37): CodeIgniter\CodeIgniter->run()
#4 {main}
CRITICAL - 2021-08-04 08:15:13 --> Call to undefined method CodeIgniter\HTTP\IncomingRequest::get()
#0 /var/www/dev.ramin.online/workspace/dashboard/system/CodeIgniter.php(928): App\Controllers\City->index()
#1 /var/www/dev.ramin.online/workspace/dashboard/system/CodeIgniter.php(436): CodeIgniter\CodeIgniter->runController()
#2 /var/www/dev.ramin.online/workspace/dashboard/system/CodeIgniter.php(336): CodeIgniter\CodeIgniter->handleRequest()
#3 /var/www/dev.ramin.online/workspace/dashboard/public/index.php(37): CodeIgniter\CodeIgniter->run()
#4 {main}
CRITICAL - 2021-08-04 08:15:13 --> Call to undefined method CodeIgniter\HTTP\IncomingRequest::get()
#0 /var/www/dev.ramin.online/workspace/dashboard/system/CodeIgniter.php(928): App\Controllers\City->index()
#1 /var/www/dev.ramin.online/workspace/dashboard/system/CodeIgniter.php(436): CodeIgniter\CodeIgniter->runController()
#2 /var/www/dev.ramin.online/workspace/dashboard/system/CodeIgniter.php(336): CodeIgniter\CodeIgniter->handleRequest()
#3 /var/www/dev.ramin.online/workspace/dashboard/public/index.php(37): CodeIgniter\CodeIgniter->run()
#4 {main}
CRITICAL - 2021-08-04 08:15:19 --> Call to undefined method CodeIgniter\HTTP\IncomingRequest::get()
#0 /var/www/dev.ramin.online/workspace/dashboard/system/CodeIgniter.php(928): App\Controllers\City->index()
#1 /var/www/dev.ramin.online/workspace/dashboard/system/CodeIgniter.php(436): CodeIgniter\CodeIgniter->runController()
#2 /var/www/dev.ramin.online/workspace/dashboard/system/CodeIgniter.php(336): CodeIgniter\CodeIgniter->handleRequest()
#3 /var/www/dev.ramin.online/workspace/dashboard/public/index.php(37): CodeIgniter\CodeIgniter->run()
#4 {main}
CRITICAL - 2021-08-04 08:20:21 --> Illegal string offset 'owm_city_name'
#0 /var/www/dev.ramin.online/workspace/dashboard/app/Controllers/City.php(21): CodeIgniter\Debug\Exceptions->errorHandler()
#1 /var/www/dev.ramin.online/workspace/dashboard/system/CodeIgniter.php(928): App\Controllers\City->index()
#2 /var/www/dev.ramin.online/workspace/dashboard/system/CodeIgniter.php(436): CodeIgniter\CodeIgniter->runController()
#3 /var/www/dev.ramin.online/workspace/dashboard/system/CodeIgniter.php(336): CodeIgniter\CodeIgniter->handleRequest()
#4 /var/www/dev.ramin.online/workspace/dashboard/public/index.php(37): CodeIgniter\CodeIgniter->run()
#5 {main}
CRITICAL - 2021-08-04 08:20:31 --> Illegal string offset 'owm_city_name'
#0 /var/www/dev.ramin.online/workspace/dashboard/app/Controllers/City.php(21): CodeIgniter\Debug\Exceptions->errorHandler()
#1 /var/www/dev.ramin.online/workspace/dashboard/system/CodeIgniter.php(928): App\Controllers\City->index()
#2 /var/www/dev.ramin.online/workspace/dashboard/system/CodeIgniter.php(436): CodeIgniter\CodeIgniter->runController()
#3 /var/www/dev.ramin.online/workspace/dashboard/system/CodeIgniter.php(336): CodeIgniter\CodeIgniter->handleRequest()
#4 /var/www/dev.ramin.online/workspace/dashboard/public/index.php(37): CodeIgniter\CodeIgniter->run()
#5 {main}
CRITICAL - 2021-08-04 08:20:34 --> Illegal string offset 'owm_city_name'
#0 /var/www/dev.ramin.online/workspace/dashboard/app/Controllers/City.php(21): CodeIgniter\Debug\Exceptions->errorHandler()
#1 /var/www/dev.ramin.online/workspace/dashboard/system/CodeIgniter.php(928): App\Controllers\City->index()
#2 /var/www/dev.ramin.online/workspace/dashboard/system/CodeIgniter.php(436): CodeIgniter\CodeIgniter->runController()
#3 /var/www/dev.ramin.online/workspace/dashboard/system/CodeIgniter.php(336): CodeIgniter\CodeIgniter->handleRequest()
#4 /var/www/dev.ramin.online/workspace/dashboard/public/index.php(37): CodeIgniter\CodeIgniter->run()
#5 {main}
CRITICAL - 2021-08-04 08:35:21 --> Argument 2 passed to CodeIgniter\Database\BaseBuilder::like() must be of the type string, null given, called in /var/www/dev.ramin.online/workspace/dashboard/system/Model.php on line 800
#0 /var/www/dev.ramin.online/workspace/dashboard/system/Model.php(800): CodeIgniter\Database\BaseBuilder->like()
#1 /var/www/dev.ramin.online/workspace/dashboard/app/Controllers/City.php(14): CodeIgniter\Model->__call()
#2 /var/www/dev.ramin.online/workspace/dashboard/system/CodeIgniter.php(928): App\Controllers\City->index()
#3 /var/www/dev.ramin.online/workspace/dashboard/system/CodeIgniter.php(436): CodeIgniter\CodeIgniter->runController()
#4 /var/www/dev.ramin.online/workspace/dashboard/system/CodeIgniter.php(336): CodeIgniter\CodeIgniter->handleRequest()
#5 /var/www/dev.ramin.online/workspace/dashboard/public/index.php(37): CodeIgniter\CodeIgniter->run()
#6 {main}
CRITICAL - 2021-08-04 08:35:23 --> Argument 2 passed to CodeIgniter\Database\BaseBuilder::like() must be of the type string, null given, called in /var/www/dev.ramin.online/workspace/dashboard/system/Model.php on line 800
#0 /var/www/dev.ramin.online/workspace/dashboard/system/Model.php(800): CodeIgniter\Database\BaseBuilder->like()
#1 /var/www/dev.ramin.online/workspace/dashboard/app/Controllers/City.php(14): CodeIgniter\Model->__call()
#2 /var/www/dev.ramin.online/workspace/dashboard/system/CodeIgniter.php(928): App\Controllers\City->index()
#3 /var/www/dev.ramin.online/workspace/dashboard/system/CodeIgniter.php(436): CodeIgniter\CodeIgniter->runController()
#4 /var/www/dev.ramin.online/workspace/dashboard/system/CodeIgniter.php(336): CodeIgniter\CodeIgniter->handleRequest()
#5 /var/www/dev.ramin.online/workspace/dashboard/public/index.php(37): CodeIgniter\CodeIgniter->run()
#6 {main}
CRITICAL - 2021-08-04 08:35:23 --> Argument 2 passed to CodeIgniter\Database\BaseBuilder::like() must be of the type string, null given, called in /var/www/dev.ramin.online/workspace/dashboard/system/Model.php on line 800
#0 /var/www/dev.ramin.online/workspace/dashboard/system/Model.php(800): CodeIgniter\Database\BaseBuilder->like()
#1 /var/www/dev.ramin.online/workspace/dashboard/app/Controllers/City.php(14): CodeIgniter\Model->__call()
#2 /var/www/dev.ramin.online/workspace/dashboard/system/CodeIgniter.php(928): App\Controllers\City->index()
#3 /var/www/dev.ramin.online/workspace/dashboard/system/CodeIgniter.php(436): CodeIgniter\CodeIgniter->runController()
#4 /var/www/dev.ramin.online/workspace/dashboard/system/CodeIgniter.php(336): CodeIgniter\CodeIgniter->handleRequest()
#5 /var/www/dev.ramin.online/workspace/dashboard/public/index.php(37): CodeIgniter\CodeIgniter->run()
#6 {main}
CRITICAL - 2021-08-04 08:35:24 --> Argument 2 passed to CodeIgniter\Database\BaseBuilder::like() must be of the type string, null given, called in /var/www/dev.ramin.online/workspace/dashboard/system/Model.php on line 800
#0 /var/www/dev.ramin.online/workspace/dashboard/system/Model.php(800): CodeIgniter\Database\BaseBuilder->like()
#1 /var/www/dev.ramin.online/workspace/dashboard/app/Controllers/City.php(14): CodeIgniter\Model->__call()
#2 /var/www/dev.ramin.online/workspace/dashboard/system/CodeIgniter.php(928): App\Controllers\City->index()
#3 /var/www/dev.ramin.online/workspace/dashboard/system/CodeIgniter.php(436): CodeIgniter\CodeIgniter->runController()
#4 /var/www/dev.ramin.online/workspace/dashboard/system/CodeIgniter.php(336): CodeIgniter\CodeIgniter->handleRequest()
#5 /var/www/dev.ramin.online/workspace/dashboard/public/index.php(37): CodeIgniter\CodeIgniter->run()
#6 {main}
CRITICAL - 2021-08-04 08:35:24 --> Argument 2 passed to CodeIgniter\Database\BaseBuilder::like() must be of the type string, null given, called in /var/www/dev.ramin.online/workspace/dashboard/system/Model.php on line 800
#0 /var/www/dev.ramin.online/workspace/dashboard/system/Model.php(800): CodeIgniter\Database\BaseBuilder->like()
#1 /var/www/dev.ramin.online/workspace/dashboard/app/Controllers/City.php(14): CodeIgniter\Model->__call()
#2 /var/www/dev.ramin.online/workspace/dashboard/system/CodeIgniter.php(928): App\Controllers\City->index()
#3 /var/www/dev.ramin.online/workspace/dashboard/system/CodeIgniter.php(436): CodeIgniter\CodeIgniter->runController()
#4 /var/www/dev.ramin.online/workspace/dashboard/system/CodeIgniter.php(336): CodeIgniter\CodeIgniter->handleRequest()
#5 /var/www/dev.ramin.online/workspace/dashboard/public/index.php(37): CodeIgniter\CodeIgniter->run()
#6 {main}
CRITICAL - 2021-08-04 08:35:24 --> Argument 2 passed to CodeIgniter\Database\BaseBuilder::like() must be of the type string, null given, called in /var/www/dev.ramin.online/workspace/dashboard/system/Model.php on line 800
#0 /var/www/dev.ramin.online/workspace/dashboard/system/Model.php(800): CodeIgniter\Database\BaseBuilder->like()
#1 /var/www/dev.ramin.online/workspace/dashboard/app/Controllers/City.php(14): CodeIgniter\Model->__call()
#2 /var/www/dev.ramin.online/workspace/dashboard/system/CodeIgniter.php(928): App\Controllers\City->index()
#3 /var/www/dev.ramin.online/workspace/dashboard/system/CodeIgniter.php(436): CodeIgniter\CodeIgniter->runController()
#4 /var/www/dev.ramin.online/workspace/dashboard/system/CodeIgniter.php(336): CodeIgniter\CodeIgniter->handleRequest()
#5 /var/www/dev.ramin.online/workspace/dashboard/public/index.php(37): CodeIgniter\CodeIgniter->run()
#6 {main}
CRITICAL - 2021-08-04 08:35:25 --> Argument 2 passed to CodeIgniter\Database\BaseBuilder::like() must be of the type string, null given, called in /var/www/dev.ramin.online/workspace/dashboard/system/Model.php on line 800
#0 /var/www/dev.ramin.online/workspace/dashboard/system/Model.php(800): CodeIgniter\Database\BaseBuilder->like()
#1 /var/www/dev.ramin.online/workspace/dashboard/app/Controllers/City.php(14): CodeIgniter\Model->__call()
#2 /var/www/dev.ramin.online/workspace/dashboard/system/CodeIgniter.php(928): App\Controllers\City->index()
#3 /var/www/dev.ramin.online/workspace/dashboard/system/CodeIgniter.php(436): CodeIgniter\CodeIgniter->runController()
#4 /var/www/dev.ramin.online/workspace/dashboard/system/CodeIgniter.php(336): CodeIgniter\CodeIgniter->handleRequest()
#5 /var/www/dev.ramin.online/workspace/dashboard/public/index.php(37): CodeIgniter\CodeIgniter->run()
#6 {main}
CRITICAL - 2021-08-04 08:35:25 --> Argument 2 passed to CodeIgniter\Database\BaseBuilder::like() must be of the type string, null given, called in /var/www/dev.ramin.online/workspace/dashboard/system/Model.php on line 800
#0 /var/www/dev.ramin.online/workspace/dashboard/system/Model.php(800): CodeIgniter\Database\BaseBuilder->like()
#1 /var/www/dev.ramin.online/workspace/dashboard/app/Controllers/City.php(14): CodeIgniter\Model->__call()
#2 /var/www/dev.ramin.online/workspace/dashboard/system/CodeIgniter.php(928): App\Controllers\City->index()
#3 /var/www/dev.ramin.online/workspace/dashboard/system/CodeIgniter.php(436): CodeIgniter\CodeIgniter->runController()
#4 /var/www/dev.ramin.online/workspace/dashboard/system/CodeIgniter.php(336): CodeIgniter\CodeIgniter->handleRequest()
#5 /var/www/dev.ramin.online/workspace/dashboard/public/index.php(37): CodeIgniter\CodeIgniter->run()
#6 {main}
CRITICAL - 2021-08-04 08:35:27 --> Argument 2 passed to CodeIgniter\Database\BaseBuilder::like() must be of the type string, null given, called in /var/www/dev.ramin.online/workspace/dashboard/system/Model.php on line 800
#0 /var/www/dev.ramin.online/workspace/dashboard/system/Model.php(800): CodeIgniter\Database\BaseBuilder->like()
#1 /var/www/dev.ramin.online/workspace/dashboard/app/Controllers/City.php(14): CodeIgniter\Model->__call()
#2 /var/www/dev.ramin.online/workspace/dashboard/system/CodeIgniter.php(928): App\Controllers\City->index()
#3 /var/www/dev.ramin.online/workspace/dashboard/system/CodeIgniter.php(436): CodeIgniter\CodeIgniter->runController()
#4 /var/www/dev.ramin.online/workspace/dashboard/system/CodeIgniter.php(336): CodeIgniter\CodeIgniter->handleRequest()
#5 /var/www/dev.ramin.online/workspace/dashboard/public/index.php(37): CodeIgniter\CodeIgniter->run()
#6 {main}
CRITICAL - 2021-08-04 08:36:12 --> Argument 2 passed to CodeIgniter\Database\BaseBuilder::like() must be of the type string, null given, called in /var/www/dev.ramin.online/workspace/dashboard/system/Model.php on line 800
#0 /var/www/dev.ramin.online/workspace/dashboard/system/Model.php(800): CodeIgniter\Database\BaseBuilder->like()
#1 /var/www/dev.ramin.online/workspace/dashboard/app/Controllers/City.php(14): CodeIgniter\Model->__call()
#2 /var/www/dev.ramin.online/workspace/dashboard/system/CodeIgniter.php(928): App\Controllers\City->index()
#3 /var/www/dev.ramin.online/workspace/dashboard/system/CodeIgniter.php(436): CodeIgniter\CodeIgniter->runController()
#4 /var/www/dev.ramin.online/workspace/dashboard/system/CodeIgniter.php(336): CodeIgniter\CodeIgniter->handleRequest()
#5 /var/www/dev.ramin.online/workspace/dashboard/public/index.php(37): CodeIgniter\CodeIgniter->run()
#6 {main}
CRITICAL - 2021-08-04 08:36:12 --> Argument 2 passed to CodeIgniter\Database\BaseBuilder::like() must be of the type string, null given, called in /var/www/dev.ramin.online/workspace/dashboard/system/Model.php on line 800
#0 /var/www/dev.ramin.online/workspace/dashboard/system/Model.php(800): CodeIgniter\Database\BaseBuilder->like()
#1 /var/www/dev.ramin.online/workspace/dashboard/app/Controllers/City.php(14): CodeIgniter\Model->__call()
#2 /var/www/dev.ramin.online/workspace/dashboard/system/CodeIgniter.php(928): App\Controllers\City->index()
#3 /var/www/dev.ramin.online/workspace/dashboard/system/CodeIgniter.php(436): CodeIgniter\CodeIgniter->runController()
#4 /var/www/dev.ramin.online/workspace/dashboard/system/CodeIgniter.php(336): CodeIgniter\CodeIgniter->handleRequest()
#5 /var/www/dev.ramin.online/workspace/dashboard/public/index.php(37): CodeIgniter\CodeIgniter->run()
#6 {main}
CRITICAL - 2021-08-04 08:36:14 --> Argument 2 passed to CodeIgniter\Database\BaseBuilder::like() must be of the type string, null given, called in /var/www/dev.ramin.online/workspace/dashboard/system/Model.php on line 800
#0 /var/www/dev.ramin.online/workspace/dashboard/system/Model.php(800): CodeIgniter\Database\BaseBuilder->like()
#1 /var/www/dev.ramin.online/workspace/dashboard/app/Controllers/City.php(14): CodeIgniter\Model->__call()
#2 /var/www/dev.ramin.online/workspace/dashboard/system/CodeIgniter.php(928): App\Controllers\City->index()
#3 /var/www/dev.ramin.online/workspace/dashboard/system/CodeIgniter.php(436): CodeIgniter\CodeIgniter->runController()
#4 /var/www/dev.ramin.online/workspace/dashboard/system/CodeIgniter.php(336): CodeIgniter\CodeIgniter->handleRequest()
#5 /var/www/dev.ramin.online/workspace/dashboard/public/index.php(37): CodeIgniter\CodeIgniter->run()
#6 {main}
CRITICAL - 2021-08-04 08:36:15 --> Argument 2 passed to CodeIgniter\Database\BaseBuilder::like() must be of the type string, null given, called in /var/www/dev.ramin.online/workspace/dashboard/system/Model.php on line 800
#0 /var/www/dev.ramin.online/workspace/dashboard/system/Model.php(800): CodeIgniter\Database\BaseBuilder->like()
#1 /var/www/dev.ramin.online/workspace/dashboard/app/Controllers/City.php(14): CodeIgniter\Model->__call()
#2 /var/www/dev.ramin.online/workspace/dashboard/system/CodeIgniter.php(928): App\Controllers\City->index()
#3 /var/www/dev.ramin.online/workspace/dashboard/system/CodeIgniter.php(436): CodeIgniter\CodeIgniter->runController()
#4 /var/www/dev.ramin.online/workspace/dashboard/system/CodeIgniter.php(336): CodeIgniter\CodeIgniter->handleRequest()
#5 /var/www/dev.ramin.online/workspace/dashboard/public/index.php(37): CodeIgniter\CodeIgniter->run()
#6 {main}
CRITICAL - 2021-08-04 08:36:15 --> Argument 2 passed to CodeIgniter\Database\BaseBuilder::like() must be of the type string, null given, called in /var/www/dev.ramin.online/workspace/dashboard/system/Model.php on line 800
#0 /var/www/dev.ramin.online/workspace/dashboard/system/Model.php(800): CodeIgniter\Database\BaseBuilder->like()
#1 /var/www/dev.ramin.online/workspace/dashboard/app/Controllers/City.php(14): CodeIgniter\Model->__call()
#2 /var/www/dev.ramin.online/workspace/dashboard/system/CodeIgniter.php(928): App\Controllers\City->index()
#3 /var/www/dev.ramin.online/workspace/dashboard/system/CodeIgniter.php(436): CodeIgniter\CodeIgniter->runController()
#4 /var/www/dev.ramin.online/workspace/dashboard/system/CodeIgniter.php(336): CodeIgniter\CodeIgniter->handleRequest()
#5 /var/www/dev.ramin.online/workspace/dashboard/public/index.php(37): CodeIgniter\CodeIgniter->run()
#6 {main}
CRITICAL - 2021-08-04 08:36:16 --> Argument 2 passed to CodeIgniter\Database\BaseBuilder::like() must be of the type string, null given, called in /var/www/dev.ramin.online/workspace/dashboard/system/Model.php on line 800
#0 /var/www/dev.ramin.online/workspace/dashboard/system/Model.php(800): CodeIgniter\Database\BaseBuilder->like()
#1 /var/www/dev.ramin.online/workspace/dashboard/app/Controllers/City.php(14): CodeIgniter\Model->__call()
#2 /var/www/dev.ramin.online/workspace/dashboard/system/CodeIgniter.php(928): App\Controllers\City->index()
#3 /var/www/dev.ramin.online/workspace/dashboard/system/CodeIgniter.php(436): CodeIgniter\CodeIgniter->runController()
#4 /var/www/dev.ramin.online/workspace/dashboard/system/CodeIgniter.php(336): CodeIgniter\CodeIgniter->handleRequest()
#5 /var/www/dev.ramin.online/workspace/dashboard/public/index.php(37): CodeIgniter\CodeIgniter->run()
#6 {main}
CRITICAL - 2021-08-04 08:36:17 --> Argument 2 passed to CodeIgniter\Database\BaseBuilder::like() must be of the type string, null given, called in /var/www/dev.ramin.online/workspace/dashboard/system/Model.php on line 800
#0 /var/www/dev.ramin.online/workspace/dashboard/system/Model.php(800): CodeIgniter\Database\BaseBuilder->like()
#1 /var/www/dev.ramin.online/workspace/dashboard/app/Controllers/City.php(14): CodeIgniter\Model->__call()
#2 /var/www/dev.ramin.online/workspace/dashboard/system/CodeIgniter.php(928): App\Controllers\City->index()
#3 /var/www/dev.ramin.online/workspace/dashboard/system/CodeIgniter.php(436): CodeIgniter\CodeIgniter->runController()
#4 /var/www/dev.ramin.online/workspace/dashboard/system/CodeIgniter.php(336): CodeIgniter\CodeIgniter->handleRequest()
#5 /var/www/dev.ramin.online/workspace/dashboard/public/index.php(37): CodeIgniter\CodeIgniter->run()
#6 {main}
CRITICAL - 2021-08-04 08:36:21 --> Argument 2 passed to CodeIgniter\Database\BaseBuilder::like() must be of the type string, null given, called in /var/www/dev.ramin.online/workspace/dashboard/system/Model.php on line 800
#0 /var/www/dev.ramin.online/workspace/dashboard/system/Model.php(800): CodeIgniter\Database\BaseBuilder->like()
#1 /var/www/dev.ramin.online/workspace/dashboard/app/Controllers/City.php(14): CodeIgniter\Model->__call()
#2 /var/www/dev.ramin.online/workspace/dashboard/system/CodeIgniter.php(928): App\Controllers\City->index()
#3 /var/www/dev.ramin.online/workspace/dashboard/system/CodeIgniter.php(436): CodeIgniter\CodeIgniter->runController()
#4 /var/www/dev.ramin.online/workspace/dashboard/system/CodeIgniter.php(336): CodeIgniter\CodeIgniter->handleRequest()
#5 /var/www/dev.ramin.online/workspace/dashboard/public/index.php(37): CodeIgniter\CodeIgniter->run()
#6 {main}
CRITICAL - 2021-08-04 08:36:23 --> Argument 2 passed to CodeIgniter\Database\BaseBuilder::like() must be of the type string, null given, called in /var/www/dev.ramin.online/workspace/dashboard/system/Model.php on line 800
#0 /var/www/dev.ramin.online/workspace/dashboard/system/Model.php(800): CodeIgniter\Database\BaseBuilder->like()
#1 /var/www/dev.ramin.online/workspace/dashboard/app/Controllers/City.php(14): CodeIgniter\Model->__call()
#2 /var/www/dev.ramin.online/workspace/dashboard/system/CodeIgniter.php(928): App\Controllers\City->index()
#3 /var/www/dev.ramin.online/workspace/dashboard/system/CodeIgniter.php(436): CodeIgniter\CodeIgniter->runController()
#4 /var/www/dev.ramin.online/workspace/dashboard/system/CodeIgniter.php(336): CodeIgniter\CodeIgniter->handleRequest()
#5 /var/www/dev.ramin.online/workspace/dashboard/public/index.php(37): CodeIgniter\CodeIgniter->run()
#6 {main}
CRITICAL - 2021-08-04 08:36:24 --> Argument 2 passed to CodeIgniter\Database\BaseBuilder::like() must be of the type string, null given, called in /var/www/dev.ramin.online/workspace/dashboard/system/Model.php on line 800
#0 /var/www/dev.ramin.online/workspace/dashboard/system/Model.php(800): CodeIgniter\Database\BaseBuilder->like()
#1 /var/www/dev.ramin.online/workspace/dashboard/app/Controllers/City.php(14): CodeIgniter\Model->__call()
#2 /var/www/dev.ramin.online/workspace/dashboard/system/CodeIgniter.php(928): App\Controllers\City->index()
#3 /var/www/dev.ramin.online/workspace/dashboard/system/CodeIgniter.php(436): CodeIgniter\CodeIgniter->runController()
#4 /var/www/dev.ramin.online/workspace/dashboard/system/CodeIgniter.php(336): CodeIgniter\CodeIgniter->handleRequest()
#5 /var/www/dev.ramin.online/workspace/dashboard/public/index.php(37): CodeIgniter\CodeIgniter->run()
#6 {main}
CRITICAL - 2021-08-04 08:36:24 --> Argument 2 passed to CodeIgniter\Database\BaseBuilder::like() must be of the type string, null given, called in /var/www/dev.ramin.online/workspace/dashboard/system/Model.php on line 800
#0 /var/www/dev.ramin.online/workspace/dashboard/system/Model.php(800): CodeIgniter\Database\BaseBuilder->like()
#1 /var/www/dev.ramin.online/workspace/dashboard/app/Controllers/City.php(14): CodeIgniter\Model->__call()
#2 /var/www/dev.ramin.online/workspace/dashboard/system/CodeIgniter.php(928): App\Controllers\City->index()
#3 /var/www/dev.ramin.online/workspace/dashboard/system/CodeIgniter.php(436): CodeIgniter\CodeIgniter->runController()
#4 /var/www/dev.ramin.online/workspace/dashboard/system/CodeIgniter.php(336): CodeIgniter\CodeIgniter->handleRequest()
#5 /var/www/dev.ramin.online/workspace/dashboard/public/index.php(37): CodeIgniter\CodeIgniter->run()
#6 {main}
CRITICAL - 2021-08-04 08:36:25 --> Argument 2 passed to CodeIgniter\Database\BaseBuilder::like() must be of the type string, null given, called in /var/www/dev.ramin.online/workspace/dashboard/system/Model.php on line 800
#0 /var/www/dev.ramin.online/workspace/dashboard/system/Model.php(800): CodeIgniter\Database\BaseBuilder->like()
#1 /var/www/dev.ramin.online/workspace/dashboard/app/Controllers/City.php(14): CodeIgniter\Model->__call()
#2 /var/www/dev.ramin.online/workspace/dashboard/system/CodeIgniter.php(928): App\Controllers\City->index()
#3 /var/www/dev.ramin.online/workspace/dashboard/system/CodeIgniter.php(436): CodeIgniter\CodeIgniter->runController()
#4 /var/www/dev.ramin.online/workspace/dashboard/system/CodeIgniter.php(336): CodeIgniter\CodeIgniter->handleRequest()
#5 /var/www/dev.ramin.online/workspace/dashboard/public/index.php(37): CodeIgniter\CodeIgniter->run()
#6 {main}
CRITICAL - 2021-08-04 08:36:25 --> Argument 2 passed to CodeIgniter\Database\BaseBuilder::like() must be of the type string, null given, called in /var/www/dev.ramin.online/workspace/dashboard/system/Model.php on line 800
#0 /var/www/dev.ramin.online/workspace/dashboard/system/Model.php(800): CodeIgniter\Database\BaseBuilder->like()
#1 /var/www/dev.ramin.online/workspace/dashboard/app/Controllers/City.php(14): CodeIgniter\Model->__call()
#2 /var/www/dev.ramin.online/workspace/dashboard/system/CodeIgniter.php(928): App\Controllers\City->index()
#3 /var/www/dev.ramin.online/workspace/dashboard/system/CodeIgniter.php(436): CodeIgniter\CodeIgniter->runController()
#4 /var/www/dev.ramin.online/workspace/dashboard/system/CodeIgniter.php(336): CodeIgniter\CodeIgniter->handleRequest()
#5 /var/www/dev.ramin.online/workspace/dashboard/public/index.php(37): CodeIgniter\CodeIgniter->run()
#6 {main}
CRITICAL - 2021-08-04 08:36:25 --> Argument 2 passed to CodeIgniter\Database\BaseBuilder::like() must be of the type string, null given, called in /var/www/dev.ramin.online/workspace/dashboard/system/Model.php on line 800
#0 /var/www/dev.ramin.online/workspace/dashboard/system/Model.php(800): CodeIgniter\Database\BaseBuilder->like()
#1 /var/www/dev.ramin.online/workspace/dashboard/app/Controllers/City.php(14): CodeIgniter\Model->__call()
#2 /var/www/dev.ramin.online/workspace/dashboard/system/CodeIgniter.php(928): App\Controllers\City->index()
#3 /var/www/dev.ramin.online/workspace/dashboard/system/CodeIgniter.php(436): CodeIgniter\CodeIgniter->runController()
#4 /var/www/dev.ramin.online/workspace/dashboard/system/CodeIgniter.php(336): CodeIgniter\CodeIgniter->handleRequest()
#5 /var/www/dev.ramin.online/workspace/dashboard/public/index.php(37): CodeIgniter\CodeIgniter->run()
#6 {main}
CRITICAL - 2021-08-04 08:36:25 --> Argument 2 passed to CodeIgniter\Database\BaseBuilder::like() must be of the type string, null given, called in /var/www/dev.ramin.online/workspace/dashboard/system/Model.php on line 800
#0 /var/www/dev.ramin.online/workspace/dashboard/system/Model.php(800): CodeIgniter\Database\BaseBuilder->like()
#1 /var/www/dev.ramin.online/workspace/dashboard/app/Controllers/City.php(14): CodeIgniter\Model->__call()
#2 /var/www/dev.ramin.online/workspace/dashboard/system/CodeIgniter.php(928): App\Controllers\City->index()
#3 /var/www/dev.ramin.online/workspace/dashboard/system/CodeIgniter.php(436): CodeIgniter\CodeIgniter->runController()
#4 /var/www/dev.ramin.online/workspace/dashboard/system/CodeIgniter.php(336): CodeIgniter\CodeIgniter->handleRequest()
#5 /var/www/dev.ramin.online/workspace/dashboard/public/index.php(37): CodeIgniter\CodeIgniter->run()
#6 {main}
CRITICAL - 2021-08-04 08:36:25 --> Argument 2 passed to CodeIgniter\Database\BaseBuilder::like() must be of the type string, null given, called in /var/www/dev.ramin.online/workspace/dashboard/system/Model.php on line 800
#0 /var/www/dev.ramin.online/workspace/dashboard/system/Model.php(800): CodeIgniter\Database\BaseBuilder->like()
#1 /var/www/dev.ramin.online/workspace/dashboard/app/Controllers/City.php(14): CodeIgniter\Model->__call()
#2 /var/www/dev.ramin.online/workspace/dashboard/system/CodeIgniter.php(928): App\Controllers\City->index()
#3 /var/www/dev.ramin.online/workspace/dashboard/system/CodeIgniter.php(436): CodeIgniter\CodeIgniter->runController()
#4 /var/www/dev.ramin.online/workspace/dashboard/system/CodeIgniter.php(336): CodeIgniter\CodeIgniter->handleRequest()
#5 /var/www/dev.ramin.online/workspace/dashboard/public/index.php(37): CodeIgniter\CodeIgniter->run()
#6 {main}
CRITICAL - 2021-08-04 08:36:26 --> Argument 2 passed to CodeIgniter\Database\BaseBuilder::like() must be of the type string, null given, called in /var/www/dev.ramin.online/workspace/dashboard/system/Model.php on line 800
#0 /var/www/dev.ramin.online/workspace/dashboard/system/Model.php(800): CodeIgniter\Database\BaseBuilder->like()
#1 /var/www/dev.ramin.online/workspace/dashboard/app/Controllers/City.php(14): CodeIgniter\Model->__call()
#2 /var/www/dev.ramin.online/workspace/dashboard/system/CodeIgniter.php(928): App\Controllers\City->index()
#3 /var/www/dev.ramin.online/workspace/dashboard/system/CodeIgniter.php(436): CodeIgniter\CodeIgniter->runController()
#4 /var/www/dev.ramin.online/workspace/dashboard/system/CodeIgniter.php(336): CodeIgniter\CodeIgniter->handleRequest()
#5 /var/www/dev.ramin.online/workspace/dashboard/public/index.php(37): CodeIgniter\CodeIgniter->run()
#6 {main}
CRITICAL - 2021-08-04 08:41:40 --> Argument 2 passed to CodeIgniter\Database\BaseBuilder::like() must be of the type string, null given, called in /var/www/dev.ramin.online/workspace/dashboard/system/Model.php on line 800
#0 /var/www/dev.ramin.online/workspace/dashboard/system/Model.php(800): CodeIgniter\Database\BaseBuilder->like()
#1 /var/www/dev.ramin.online/workspace/dashboard/app/Controllers/City.php(14): CodeIgniter\Model->__call()
#2 /var/www/dev.ramin.online/workspace/dashboard/system/CodeIgniter.php(928): App\Controllers\City->index()
#3 /var/www/dev.ramin.online/workspace/dashboard/system/CodeIgniter.php(436): CodeIgniter\CodeIgniter->runController()
#4 /var/www/dev.ramin.online/workspace/dashboard/system/CodeIgniter.php(336): CodeIgniter\CodeIgniter->handleRequest()
#5 /var/www/dev.ramin.online/workspace/dashboard/public/index.php(37): CodeIgniter\CodeIgniter->run()
#6 {main}
CRITICAL - 2021-08-04 08:41:40 --> Argument 2 passed to CodeIgniter\Database\BaseBuilder::like() must be of the type string, null given, called in /var/www/dev.ramin.online/workspace/dashboard/system/Model.php on line 800
#0 /var/www/dev.ramin.online/workspace/dashboard/system/Model.php(800): CodeIgniter\Database\BaseBuilder->like()
#1 /var/www/dev.ramin.online/workspace/dashboard/app/Controllers/City.php(14): CodeIgniter\Model->__call()
#2 /var/www/dev.ramin.online/workspace/dashboard/system/CodeIgniter.php(928): App\Controllers\City->index()
#3 /var/www/dev.ramin.online/workspace/dashboard/system/CodeIgniter.php(436): CodeIgniter\CodeIgniter->runController()
#4 /var/www/dev.ramin.online/workspace/dashboard/system/CodeIgniter.php(336): CodeIgniter\CodeIgniter->handleRequest()
#5 /var/www/dev.ramin.online/workspace/dashboard/public/index.php(37): CodeIgniter\CodeIgniter->run()
#6 {main}
CRITICAL - 2021-08-04 08:41:43 --> Argument 2 passed to CodeIgniter\Database\BaseBuilder::like() must be of the type string, null given, called in /var/www/dev.ramin.online/workspace/dashboard/system/Model.php on line 800
#0 /var/www/dev.ramin.online/workspace/dashboard/system/Model.php(800): CodeIgniter\Database\BaseBuilder->like()
#1 /var/www/dev.ramin.online/workspace/dashboard/app/Controllers/City.php(14): CodeIgniter\Model->__call()
#2 /var/www/dev.ramin.online/workspace/dashboard/system/CodeIgniter.php(928): App\Controllers\City->index()
#3 /var/www/dev.ramin.online/workspace/dashboard/system/CodeIgniter.php(436): CodeIgniter\CodeIgniter->runController()
#4 /var/www/dev.ramin.online/workspace/dashboard/system/CodeIgniter.php(336): CodeIgniter\CodeIgniter->handleRequest()
#5 /var/www/dev.ramin.online/workspace/dashboard/public/index.php(37): CodeIgniter\CodeIgniter->run()
#6 {main}
CRITICAL - 2021-08-04 08:41:43 --> Argument 2 passed to CodeIgniter\Database\BaseBuilder::like() must be of the type string, null given, called in /var/www/dev.ramin.online/workspace/dashboard/system/Model.php on line 800
#0 /var/www/dev.ramin.online/workspace/dashboard/system/Model.php(800): CodeIgniter\Database\BaseBuilder->like()
#1 /var/www/dev.ramin.online/workspace/dashboard/app/Controllers/City.php(14): CodeIgniter\Model->__call()
#2 /var/www/dev.ramin.online/workspace/dashboard/system/CodeIgniter.php(928): App\Controllers\City->index()
#3 /var/www/dev.ramin.online/workspace/dashboard/system/CodeIgniter.php(436): CodeIgniter\CodeIgniter->runController()
#4 /var/www/dev.ramin.online/workspace/dashboard/system/CodeIgniter.php(336): CodeIgniter\CodeIgniter->handleRequest()
#5 /var/www/dev.ramin.online/workspace/dashboard/public/index.php(37): CodeIgniter\CodeIgniter->run()
#6 {main}
CRITICAL - 2021-08-04 08:41:43 --> Argument 2 passed to CodeIgniter\Database\BaseBuilder::like() must be of the type string, null given, called in /var/www/dev.ramin.online/workspace/dashboard/system/Model.php on line 800
#0 /var/www/dev.ramin.online/workspace/dashboard/system/Model.php(800): CodeIgniter\Database\BaseBuilder->like()
#1 /var/www/dev.ramin.online/workspace/dashboard/app/Controllers/City.php(14): CodeIgniter\Model->__call()
#2 /var/www/dev.ramin.online/workspace/dashboard/system/CodeIgniter.php(928): App\Controllers\City->index()
#3 /var/www/dev.ramin.online/workspace/dashboard/system/CodeIgniter.php(436): CodeIgniter\CodeIgniter->runController()
#4 /var/www/dev.ramin.online/workspace/dashboard/system/CodeIgniter.php(336): CodeIgniter\CodeIgniter->handleRequest()
#5 /var/www/dev.ramin.online/workspace/dashboard/public/index.php(37): CodeIgniter\CodeIgniter->run()
#6 {main}
CRITICAL - 2021-08-04 08:42:47 --> Argument 2 passed to CodeIgniter\Database\BaseBuilder::like() must be of the type string, null given, called in /var/www/dev.ramin.online/workspace/dashboard/system/Model.php on line 800
#0 /var/www/dev.ramin.online/workspace/dashboard/system/Model.php(800): CodeIgniter\Database\BaseBuilder->like()
#1 /var/www/dev.ramin.online/workspace/dashboard/app/Controllers/City.php(14): CodeIgniter\Model->__call()
#2 /var/www/dev.ramin.online/workspace/dashboard/system/CodeIgniter.php(928): App\Controllers\City->index()
#3 /var/www/dev.ramin.online/workspace/dashboard/system/CodeIgniter.php(436): CodeIgniter\CodeIgniter->runController()
#4 /var/www/dev.ramin.online/workspace/dashboard/system/CodeIgniter.php(336): CodeIgniter\CodeIgniter->handleRequest()
#5 /var/www/dev.ramin.online/workspace/dashboard/public/index.php(37): CodeIgniter\CodeIgniter->run()
#6 {main}
CRITICAL - 2021-08-04 08:42:47 --> Argument 2 passed to CodeIgniter\Database\BaseBuilder::like() must be of the type string, null given, called in /var/www/dev.ramin.online/workspace/dashboard/system/Model.php on line 800
#0 /var/www/dev.ramin.online/workspace/dashboard/system/Model.php(800): CodeIgniter\Database\BaseBuilder->like()
#1 /var/www/dev.ramin.online/workspace/dashboard/app/Controllers/City.php(14): CodeIgniter\Model->__call()
#2 /var/www/dev.ramin.online/workspace/dashboard/system/CodeIgniter.php(928): App\Controllers\City->index()
#3 /var/www/dev.ramin.online/workspace/dashboard/system/CodeIgniter.php(436): CodeIgniter\CodeIgniter->runController()
#4 /var/www/dev.ramin.online/workspace/dashboard/system/CodeIgniter.php(336): CodeIgniter\CodeIgniter->handleRequest()
#5 /var/www/dev.ramin.online/workspace/dashboard/public/index.php(37): CodeIgniter\CodeIgniter->run()
#6 {main}
CRITICAL - 2021-08-04 08:42:48 --> Argument 2 passed to CodeIgniter\Database\BaseBuilder::like() must be of the type string, null given, called in /var/www/dev.ramin.online/workspace/dashboard/system/Model.php on line 800
#0 /var/www/dev.ramin.online/workspace/dashboard/system/Model.php(800): CodeIgniter\Database\BaseBuilder->like()
#1 /var/www/dev.ramin.online/workspace/dashboard/app/Controllers/City.php(14): CodeIgniter\Model->__call()
#2 /var/www/dev.ramin.online/workspace/dashboard/system/CodeIgniter.php(928): App\Controllers\City->index()
#3 /var/www/dev.ramin.online/workspace/dashboard/system/CodeIgniter.php(436): CodeIgniter\CodeIgniter->runController()
#4 /var/www/dev.ramin.online/workspace/dashboard/system/CodeIgniter.php(336): CodeIgniter\CodeIgniter->handleRequest()
#5 /var/www/dev.ramin.online/workspace/dashboard/public/index.php(37): CodeIgniter\CodeIgniter->run()
#6 {main}
CRITICAL - 2021-08-04 08:42:48 --> Argument 2 passed to CodeIgniter\Database\BaseBuilder::like() must be of the type string, null given, called in /var/www/dev.ramin.online/workspace/dashboard/system/Model.php on line 800
#0 /var/www/dev.ramin.online/workspace/dashboard/system/Model.php(800): CodeIgniter\Database\BaseBuilder->like()
#1 /var/www/dev.ramin.online/workspace/dashboard/app/Controllers/City.php(14): CodeIgniter\Model->__call()
#2 /var/www/dev.ramin.online/workspace/dashboard/system/CodeIgniter.php(928): App\Controllers\City->index()
#3 /var/www/dev.ramin.online/workspace/dashboard/system/CodeIgniter.php(436): CodeIgniter\CodeIgniter->runController()
#4 /var/www/dev.ramin.online/workspace/dashboard/system/CodeIgniter.php(336): CodeIgniter\CodeIgniter->handleRequest()
#5 /var/www/dev.ramin.online/workspace/dashboard/public/index.php(37): CodeIgniter\CodeIgniter->run()
#6 {main}
CRITICAL - 2021-08-04 08:42:49 --> Argument 2 passed to CodeIgniter\Database\BaseBuilder::like() must be of the type string, null given, called in /var/www/dev.ramin.online/workspace/dashboard/system/Model.php on line 800
#0 /var/www/dev.ramin.online/workspace/dashboard/system/Model.php(800): CodeIgniter\Database\BaseBuilder->like()
#1 /var/www/dev.ramin.online/workspace/dashboard/app/Controllers/City.php(14): CodeIgniter\Model->__call()
#2 /var/www/dev.ramin.online/workspace/dashboard/system/CodeIgniter.php(928): App\Controllers\City->index()
#3 /var/www/dev.ramin.online/workspace/dashboard/system/CodeIgniter.php(436): CodeIgniter\CodeIgniter->runController()
#4 /var/www/dev.ramin.online/workspace/dashboard/system/CodeIgniter.php(336): CodeIgniter\CodeIgniter->handleRequest()
#5 /var/www/dev.ramin.online/workspace/dashboard/public/index.php(37): CodeIgniter\CodeIgniter->run()
#6 {main}
CRITICAL - 2021-08-04 08:42:50 --> Argument 2 passed to CodeIgniter\Database\BaseBuilder::like() must be of the type string, null given, called in /var/www/dev.ramin.online/workspace/dashboard/system/Model.php on line 800
#0 /var/www/dev.ramin.online/workspace/dashboard/system/Model.php(800): CodeIgniter\Database\BaseBuilder->like()
#1 /var/www/dev.ramin.online/workspace/dashboard/app/Controllers/City.php(14): CodeIgniter\Model->__call()
#2 /var/www/dev.ramin.online/workspace/dashboard/system/CodeIgniter.php(928): App\Controllers\City->index()
#3 /var/www/dev.ramin.online/workspace/dashboard/system/CodeIgniter.php(436): CodeIgniter\CodeIgniter->runController()
#4 /var/www/dev.ramin.online/workspace/dashboard/system/CodeIgniter.php(336): CodeIgniter\CodeIgniter->handleRequest()
#5 /var/www/dev.ramin.online/workspace/dashboard/public/index.php(37): CodeIgniter\CodeIgniter->run()
#6 {main}
CRITICAL - 2021-08-04 08:42:50 --> Argument 2 passed to CodeIgniter\Database\BaseBuilder::like() must be of the type string, null given, called in /var/www/dev.ramin.online/workspace/dashboard/system/Model.php on line 800
#0 /var/www/dev.ramin.online/workspace/dashboard/system/Model.php(800): CodeIgniter\Database\BaseBuilder->like()
#1 /var/www/dev.ramin.online/workspace/dashboard/app/Controllers/City.php(14): CodeIgniter\Model->__call()
#2 /var/www/dev.ramin.online/workspace/dashboard/system/CodeIgniter.php(928): App\Controllers\City->index()
#3 /var/www/dev.ramin.online/workspace/dashboard/system/CodeIgniter.php(436): CodeIgniter\CodeIgniter->runController()
#4 /var/www/dev.ramin.online/workspace/dashboard/system/CodeIgniter.php(336): CodeIgniter\CodeIgniter->handleRequest()
#5 /var/www/dev.ramin.online/workspace/dashboard/public/index.php(37): CodeIgniter\CodeIgniter->run()
#6 {main}
CRITICAL - 2021-08-04 08:42:51 --> Argument 2 passed to CodeIgniter\Database\BaseBuilder::like() must be of the type string, null given, called in /var/www/dev.ramin.online/workspace/dashboard/system/Model.php on line 800
#0 /var/www/dev.ramin.online/workspace/dashboard/system/Model.php(800): CodeIgniter\Database\BaseBuilder->like()
#1 /var/www/dev.ramin.online/workspace/dashboard/app/Controllers/City.php(14): CodeIgniter\Model->__call()
#2 /var/www/dev.ramin.online/workspace/dashboard/system/CodeIgniter.php(928): App\Controllers\City->index()
#3 /var/www/dev.ramin.online/workspace/dashboard/system/CodeIgniter.php(436): CodeIgniter\CodeIgniter->runController()
#4 /var/www/dev.ramin.online/workspace/dashboard/system/CodeIgniter.php(336): CodeIgniter\CodeIgniter->handleRequest()
#5 /var/www/dev.ramin.online/workspace/dashboard/public/index.php(37): CodeIgniter\CodeIgniter->run()
#6 {main}
CRITICAL - 2021-08-04 08:42:51 --> Argument 2 passed to CodeIgniter\Database\BaseBuilder::like() must be of the type string, null given, called in /var/www/dev.ramin.online/workspace/dashboard/system/Model.php on line 800
#0 /var/www/dev.ramin.online/workspace/dashboard/system/Model.php(800): CodeIgniter\Database\BaseBuilder->like()
#1 /var/www/dev.ramin.online/workspace/dashboard/app/Controllers/City.php(14): CodeIgniter\Model->__call()
#2 /var/www/dev.ramin.online/workspace/dashboard/system/CodeIgniter.php(928): App\Controllers\City->index()
#3 /var/www/dev.ramin.online/workspace/dashboard/system/CodeIgniter.php(436): CodeIgniter\CodeIgniter->runController()
#4 /var/www/dev.ramin.online/workspace/dashboard/system/CodeIgniter.php(336): CodeIgniter\CodeIgniter->handleRequest()
#5 /var/www/dev.ramin.online/workspace/dashboard/public/index.php(37): CodeIgniter\CodeIgniter->run()
#6 {main}
CRITICAL - 2021-08-04 08:42:51 --> Argument 2 passed to CodeIgniter\Database\BaseBuilder::like() must be of the type string, null given, called in /var/www/dev.ramin.online/workspace/dashboard/system/Model.php on line 800
#0 /var/www/dev.ramin.online/workspace/dashboard/system/Model.php(800): CodeIgniter\Database\BaseBuilder->like()
#1 /var/www/dev.ramin.online/workspace/dashboard/app/Controllers/City.php(14): CodeIgniter\Model->__call()
#2 /var/www/dev.ramin.online/workspace/dashboard/system/CodeIgniter.php(928): App\Controllers\City->index()
#3 /var/www/dev.ramin.online/workspace/dashboard/system/CodeIgniter.php(436): CodeIgniter\CodeIgniter->runController()
#4 /var/www/dev.ramin.online/workspace/dashboard/system/CodeIgniter.php(336): CodeIgniter\CodeIgniter->handleRequest()
#5 /var/www/dev.ramin.online/workspace/dashboard/public/index.php(37): CodeIgniter\CodeIgniter->run()
#6 {main}
CRITICAL - 2021-08-04 08:42:52 --> Argument 2 passed to CodeIgniter\Database\BaseBuilder::like() must be of the type string, null given, called in /var/www/dev.ramin.online/workspace/dashboard/system/Model.php on line 800
#0 /var/www/dev.ramin.online/workspace/dashboard/system/Model.php(800): CodeIgniter\Database\BaseBuilder->like()
#1 /var/www/dev.ramin.online/workspace/dashboard/app/Controllers/City.php(14): CodeIgniter\Model->__call()
#2 /var/www/dev.ramin.online/workspace/dashboard/system/CodeIgniter.php(928): App\Controllers\City->index()
#3 /var/www/dev.ramin.online/workspace/dashboard/system/CodeIgniter.php(436): CodeIgniter\CodeIgniter->runController()
#4 /var/www/dev.ramin.online/workspace/dashboard/system/CodeIgniter.php(336): CodeIgniter\CodeIgniter->handleRequest()
#5 /var/www/dev.ramin.online/workspace/dashboard/public/index.php(37): CodeIgniter\CodeIgniter->run()
#6 {main}
CRITICAL - 2021-08-04 08:42:55 --> Argument 2 passed to CodeIgniter\Database\BaseBuilder::like() must be of the type string, null given, called in /var/www/dev.ramin.online/workspace/dashboard/system/Model.php on line 800
#0 /var/www/dev.ramin.online/workspace/dashboard/system/Model.php(800): CodeIgniter\Database\BaseBuilder->like()
#1 /var/www/dev.ramin.online/workspace/dashboard/app/Controllers/City.php(14): CodeIgniter\Model->__call()
#2 /var/www/dev.ramin.online/workspace/dashboard/system/CodeIgniter.php(928): App\Controllers\City->index()
#3 /var/www/dev.ramin.online/workspace/dashboard/system/CodeIgniter.php(436): CodeIgniter\CodeIgniter->runController()
#4 /var/www/dev.ramin.online/workspace/dashboard/system/CodeIgniter.php(336): CodeIgniter\CodeIgniter->handleRequest()
#5 /var/www/dev.ramin.online/workspace/dashboard/public/index.php(37): CodeIgniter\CodeIgniter->run()
#6 {main}
CRITICAL - 2021-08-04 08:42:56 --> Argument 2 passed to CodeIgniter\Database\BaseBuilder::like() must be of the type string, null given, called in /var/www/dev.ramin.online/workspace/dashboard/system/Model.php on line 800
#0 /var/www/dev.ramin.online/workspace/dashboard/system/Model.php(800): CodeIgniter\Database\BaseBuilder->like()
#1 /var/www/dev.ramin.online/workspace/dashboard/app/Controllers/City.php(14): CodeIgniter\Model->__call()
#2 /var/www/dev.ramin.online/workspace/dashboard/system/CodeIgniter.php(928): App\Controllers\City->index()
#3 /var/www/dev.ramin.online/workspace/dashboard/system/CodeIgniter.php(436): CodeIgniter\CodeIgniter->runController()
#4 /var/www/dev.ramin.online/workspace/dashboard/system/CodeIgniter.php(336): CodeIgniter\CodeIgniter->handleRequest()
#5 /var/www/dev.ramin.online/workspace/dashboard/public/index.php(37): CodeIgniter\CodeIgniter->run()
#6 {main}
CRITICAL - 2021-08-04 08:43:16 --> Argument 2 passed to CodeIgniter\Database\BaseBuilder::like() must be of the type string, null given, called in /var/www/dev.ramin.online/workspace/dashboard/system/Model.php on line 800
#0 /var/www/dev.ramin.online/workspace/dashboard/system/Model.php(800): CodeIgniter\Database\BaseBuilder->like()
#1 /var/www/dev.ramin.online/workspace/dashboard/app/Controllers/City.php(14): CodeIgniter\Model->__call()
#2 /var/www/dev.ramin.online/workspace/dashboard/system/CodeIgniter.php(928): App\Controllers\City->index()
#3 /var/www/dev.ramin.online/workspace/dashboard/system/CodeIgniter.php(436): CodeIgniter\CodeIgniter->runController()
#4 /var/www/dev.ramin.online/workspace/dashboard/system/CodeIgniter.php(336): CodeIgniter\CodeIgniter->handleRequest()
#5 /var/www/dev.ramin.online/workspace/dashboard/public/index.php(37): CodeIgniter\CodeIgniter->run()
#6 {main}
CRITICAL - 2021-08-04 08:43:16 --> Argument 2 passed to CodeIgniter\Database\BaseBuilder::like() must be of the type string, null given, called in /var/www/dev.ramin.online/workspace/dashboard/system/Model.php on line 800
#0 /var/www/dev.ramin.online/workspace/dashboard/system/Model.php(800): CodeIgniter\Database\BaseBuilder->like()
#1 /var/www/dev.ramin.online/workspace/dashboard/app/Controllers/City.php(14): CodeIgniter\Model->__call()
#2 /var/www/dev.ramin.online/workspace/dashboard/system/CodeIgniter.php(928): App\Controllers\City->index()
#3 /var/www/dev.ramin.online/workspace/dashboard/system/CodeIgniter.php(436): CodeIgniter\CodeIgniter->runController()
#4 /var/www/dev.ramin.online/workspace/dashboard/system/CodeIgniter.php(336): CodeIgniter\CodeIgniter->handleRequest()
#5 /var/www/dev.ramin.online/workspace/dashboard/public/index.php(37): CodeIgniter\CodeIgniter->run()
#6 {main}
CRITICAL - 2021-08-04 08:43:54 --> Argument 2 passed to CodeIgniter\Database\BaseBuilder::like() must be of the type string, null given, called in /var/www/dev.ramin.online/workspace/dashboard/system/Model.php on line 800
#0 /var/www/dev.ramin.online/workspace/dashboard/system/Model.php(800): CodeIgniter\Database\BaseBuilder->like()
#1 /var/www/dev.ramin.online/workspace/dashboard/app/Controllers/City.php(14): CodeIgniter\Model->__call()
#2 /var/www/dev.ramin.online/workspace/dashboard/system/CodeIgniter.php(928): App\Controllers\City->index()
#3 /var/www/dev.ramin.online/workspace/dashboard/system/CodeIgniter.php(436): CodeIgniter\CodeIgniter->runController()
#4 /var/www/dev.ramin.online/workspace/dashboard/system/CodeIgniter.php(336): CodeIgniter\CodeIgniter->handleRequest()
#5 /var/www/dev.ramin.online/workspace/dashboard/public/index.php(37): CodeIgniter\CodeIgniter->run()
#6 {main}
CRITICAL - 2021-08-04 08:43:54 --> Argument 2 passed to CodeIgniter\Database\BaseBuilder::like() must be of the type string, null given, called in /var/www/dev.ramin.online/workspace/dashboard/system/Model.php on line 800
#0 /var/www/dev.ramin.online/workspace/dashboard/system/Model.php(800): CodeIgniter\Database\BaseBuilder->like()
#1 /var/www/dev.ramin.online/workspace/dashboard/app/Controllers/City.php(14): CodeIgniter\Model->__call()
#2 /var/www/dev.ramin.online/workspace/dashboard/system/CodeIgniter.php(928): App\Controllers\City->index()
#3 /var/www/dev.ramin.online/workspace/dashboard/system/CodeIgniter.php(436): CodeIgniter\CodeIgniter->runController()
#4 /var/www/dev.ramin.online/workspace/dashboard/system/CodeIgniter.php(336): CodeIgniter\CodeIgniter->handleRequest()
#5 /var/www/dev.ramin.online/workspace/dashboard/public/index.php(37): CodeIgniter\CodeIgniter->run()
#6 {main}
CRITICAL - 2021-08-04 08:43:54 --> Argument 2 passed to CodeIgniter\Database\BaseBuilder::like() must be of the type string, null given, called in /var/www/dev.ramin.online/workspace/dashboard/system/Model.php on line 800
#0 /var/www/dev.ramin.online/workspace/dashboard/system/Model.php(800): CodeIgniter\Database\BaseBuilder->like()
#1 /var/www/dev.ramin.online/workspace/dashboard/app/Controllers/City.php(14): CodeIgniter\Model->__call()
#2 /var/www/dev.ramin.online/workspace/dashboard/system/CodeIgniter.php(928): App\Controllers\City->index()
#3 /var/www/dev.ramin.online/workspace/dashboard/system/CodeIgniter.php(436): CodeIgniter\CodeIgniter->runController()
#4 /var/www/dev.ramin.online/workspace/dashboard/system/CodeIgniter.php(336): CodeIgniter\CodeIgniter->handleRequest()
#5 /var/www/dev.ramin.online/workspace/dashboard/public/index.php(37): CodeIgniter\CodeIgniter->run()
#6 {main}
CRITICAL - 2021-08-04 08:49:35 --> Argument 2 passed to CodeIgniter\Database\BaseBuilder::like() must be of the type string, null given, called in /var/www/dev.ramin.online/workspace/dashboard/system/Model.php on line 800
#0 /var/www/dev.ramin.online/workspace/dashboard/system/Model.php(800): CodeIgniter\Database\BaseBuilder->like()
#1 /var/www/dev.ramin.online/workspace/dashboard/app/Controllers/City.php(14): CodeIgniter\Model->__call()
#2 /var/www/dev.ramin.online/workspace/dashboard/system/CodeIgniter.php(928): App\Controllers\City->index()
#3 /var/www/dev.ramin.online/workspace/dashboard/system/CodeIgniter.php(436): CodeIgniter\CodeIgniter->runController()
#4 /var/www/dev.ramin.online/workspace/dashboard/system/CodeIgniter.php(336): CodeIgniter\CodeIgniter->handleRequest()
#5 /var/www/dev.ramin.online/workspace/dashboard/public/index.php(37): CodeIgniter\CodeIgniter->run()
#6 {main}
CRITICAL - 2021-08-04 08:49:35 --> Argument 2 passed to CodeIgniter\Database\BaseBuilder::like() must be of the type string, null given, called in /var/www/dev.ramin.online/workspace/dashboard/system/Model.php on line 800
#0 /var/www/dev.ramin.online/workspace/dashboard/system/Model.php(800): CodeIgniter\Database\BaseBuilder->like()
#1 /var/www/dev.ramin.online/workspace/dashboard/app/Controllers/City.php(14): CodeIgniter\Model->__call()
#2 /var/www/dev.ramin.online/workspace/dashboard/system/CodeIgniter.php(928): App\Controllers\City->index()
#3 /var/www/dev.ramin.online/workspace/dashboard/system/CodeIgniter.php(436): CodeIgniter\CodeIgniter->runController()
#4 /var/www/dev.ramin.online/workspace/dashboard/system/CodeIgniter.php(336): CodeIgniter\CodeIgniter->handleRequest()
#5 /var/www/dev.ramin.online/workspace/dashboard/public/index.php(37): CodeIgniter\CodeIgniter->run()
#6 {main}
CRITICAL - 2021-08-04 09:06:11 --> Argument 2 passed to CodeIgniter\Database\BaseBuilder::like() must be of the type string, null given, called in /var/www/dev.ramin.online/workspace/dashboard/system/Model.php on line 800
#0 /var/www/dev.ramin.online/workspace/dashboard/system/Model.php(800): CodeIgniter\Database\BaseBuilder->like()
#1 /var/www/dev.ramin.online/workspace/dashboard/app/Controllers/City.php(14): CodeIgniter\Model->__call()
#2 /var/www/dev.ramin.online/workspace/dashboard/system/CodeIgniter.php(928): App\Controllers\City->index()
#3 /var/www/dev.ramin.online/workspace/dashboard/system/CodeIgniter.php(436): CodeIgniter\CodeIgniter->runController()
#4 /var/www/dev.ramin.online/workspace/dashboard/system/CodeIgniter.php(336): CodeIgniter\CodeIgniter->handleRequest()
#5 /var/www/dev.ramin.online/workspace/dashboard/public/index.php(37): CodeIgniter\CodeIgniter->run()
#6 {main}
CRITICAL - 2021-08-04 09:06:16 --> Argument 2 passed to CodeIgniter\Database\BaseBuilder::like() must be of the type string, null given, called in /var/www/dev.ramin.online/workspace/dashboard/system/Model.php on line 800
#0 /var/www/dev.ramin.online/workspace/dashboard/system/Model.php(800): CodeIgniter\Database\BaseBuilder->like()
#1 /var/www/dev.ramin.online/workspace/dashboard/app/Controllers/City.php(14): CodeIgniter\Model->__call()
#2 /var/www/dev.ramin.online/workspace/dashboard/system/CodeIgniter.php(928): App\Controllers\City->index()
#3 /var/www/dev.ramin.online/workspace/dashboard/system/CodeIgniter.php(436): CodeIgniter\CodeIgniter->runController()
#4 /var/www/dev.ramin.online/workspace/dashboard/system/CodeIgniter.php(336): CodeIgniter\CodeIgniter->handleRequest()
#5 /var/www/dev.ramin.online/workspace/dashboard/public/index.php(37): CodeIgniter\CodeIgniter->run()
#6 {main}
CRITICAL - 2021-08-04 09:06:17 --> Argument 2 passed to CodeIgniter\Database\BaseBuilder::like() must be of the type string, null given, called in /var/www/dev.ramin.online/workspace/dashboard/system/Model.php on line 800
#0 /var/www/dev.ramin.online/workspace/dashboard/system/Model.php(800): CodeIgniter\Database\BaseBuilder->like()
#1 /var/www/dev.ramin.online/workspace/dashboard/app/Controllers/City.php(14): CodeIgniter\Model->__call()
#2 /var/www/dev.ramin.online/workspace/dashboard/system/CodeIgniter.php(928): App\Controllers\City->index()
#3 /var/www/dev.ramin.online/workspace/dashboard/system/CodeIgniter.php(436): CodeIgniter\CodeIgniter->runController()
#4 /var/www/dev.ramin.online/workspace/dashboard/system/CodeIgniter.php(336): CodeIgniter\CodeIgniter->handleRequest()
#5 /var/www/dev.ramin.online/workspace/dashboard/public/index.php(37): CodeIgniter\CodeIgniter->run()
#6 {main}
CRITICAL - 2021-08-04 09:18:58 --> Argument 2 passed to CodeIgniter\Database\BaseBuilder::like() must be of the type string, null given, called in /var/www/dev.ramin.online/workspace/dashboard/system/Model.php on line 800
#0 /var/www/dev.ramin.online/workspace/dashboard/system/Model.php(800): CodeIgniter\Database\BaseBuilder->like()
#1 /var/www/dev.ramin.online/workspace/dashboard/app/Controllers/City.php(14): CodeIgniter\Model->__call()
#2 /var/www/dev.ramin.online/workspace/dashboard/system/CodeIgniter.php(928): App\Controllers\City->index()
#3 /var/www/dev.ramin.online/workspace/dashboard/system/CodeIgniter.php(436): CodeIgniter\CodeIgniter->runController()
#4 /var/www/dev.ramin.online/workspace/dashboard/system/CodeIgniter.php(336): CodeIgniter\CodeIgniter->handleRequest()
#5 /var/www/dev.ramin.online/workspace/dashboard/public/index.php(37): CodeIgniter\CodeIgniter->run()
#6 {main}
CRITICAL - 2021-08-04 09:22:26 --> Argument 2 passed to CodeIgniter\Database\BaseBuilder::like() must be of the type string, null given, called in /var/www/dev.ramin.online/workspace/dashboard/system/Model.php on line 800
#0 /var/www/dev.ramin.online/workspace/dashboard/system/Model.php(800): CodeIgniter\Database\BaseBuilder->like()
#1 /var/www/dev.ramin.online/workspace/dashboard/app/Controllers/City.php(14): CodeIgniter\Model->__call()
#2 /var/www/dev.ramin.online/workspace/dashboard/system/CodeIgniter.php(928): App\Controllers\City->index()
#3 /var/www/dev.ramin.online/workspace/dashboard/system/CodeIgniter.php(436): CodeIgniter\CodeIgniter->runController()
#4 /var/www/dev.ramin.online/workspace/dashboard/system/CodeIgniter.php(336): CodeIgniter\CodeIgniter->handleRequest()
#5 /var/www/dev.ramin.online/workspace/dashboard/public/index.php(37): CodeIgniter\CodeIgniter->run()
#6 {main}
CRITICAL - 2021-08-04 09:23:19 --> Too few arguments to function App\Controllers\City::index(), 0 passed in /var/www/dev.ramin.online/workspace/dashboard/system/CodeIgniter.php on line 928 and exactly 1 expected
#0 /var/www/dev.ramin.online/workspace/dashboard/system/CodeIgniter.php(928): App\Controllers\City->index()
#1 /var/www/dev.ramin.online/workspace/dashboard/system/CodeIgniter.php(436): CodeIgniter\CodeIgniter->runController()
#2 /var/www/dev.ramin.online/workspace/dashboard/system/CodeIgniter.php(336): CodeIgniter\CodeIgniter->handleRequest()
#3 /var/www/dev.ramin.online/workspace/dashboard/public/index.php(37): CodeIgniter\CodeIgniter->run()
#4 {main}
CRITICAL - 2021-08-04 09:23:50 --> Too few arguments to function App\Controllers\City::index(), 0 passed in /var/www/dev.ramin.online/workspace/dashboard/system/CodeIgniter.php on line 928 and exactly 1 expected
#0 /var/www/dev.ramin.online/workspace/dashboard/system/CodeIgniter.php(928): App\Controllers\City->index()
#1 /var/www/dev.ramin.online/workspace/dashboard/system/CodeIgniter.php(436): CodeIgniter\CodeIgniter->runController()
#2 /var/www/dev.ramin.online/workspace/dashboard/system/CodeIgniter.php(336): CodeIgniter\CodeIgniter->handleRequest()
#3 /var/www/dev.ramin.online/workspace/dashboard/public/index.php(37): CodeIgniter\CodeIgniter->run()
#4 {main}
CRITICAL - 2021-08-04 09:26:21 --> Too few arguments to function App\Controllers\City::index(), 0 passed in /var/www/dev.ramin.online/workspace/dashboard/system/CodeIgniter.php on line 928 and exactly 1 expected
#0 /var/www/dev.ramin.online/workspace/dashboard/system/CodeIgniter.php(928): App\Controllers\City->index()
#1 /var/www/dev.ramin.online/workspace/dashboard/system/CodeIgniter.php(436): CodeIgniter\CodeIgniter->runController()
#2 /var/www/dev.ramin.online/workspace/dashboard/system/CodeIgniter.php(336): CodeIgniter\CodeIgniter->handleRequest()
#3 /var/www/dev.ramin.online/workspace/dashboard/public/index.php(37): CodeIgniter\CodeIgniter->run()
#4 {main}
CRITICAL - 2021-08-04 09:26:32 --> Too few arguments to function App\Controllers\City::index(), 0 passed in /var/www/dev.ramin.online/workspace/dashboard/system/CodeIgniter.php on line 928 and exactly 1 expected
#0 /var/www/dev.ramin.online/workspace/dashboard/system/CodeIgniter.php(928): App\Controllers\City->index()
#1 /var/www/dev.ramin.online/workspace/dashboard/system/CodeIgniter.php(436): CodeIgniter\CodeIgniter->runController()
#2 /var/www/dev.ramin.online/workspace/dashboard/system/CodeIgniter.php(336): CodeIgniter\CodeIgniter->handleRequest()
#3 /var/www/dev.ramin.online/workspace/dashboard/public/index.php(37): CodeIgniter\CodeIgniter->run()
#4 {main}
CRITICAL - 2021-08-04 09:27:05 --> Argument 2 passed to CodeIgniter\Database\BaseBuilder::like() must be of the type string, null given, called in /var/www/dev.ramin.online/workspace/dashboard/system/Model.php on line 800
#0 /var/www/dev.ramin.online/workspace/dashboard/system/Model.php(800): CodeIgniter\Database\BaseBuilder->like()
#1 /var/www/dev.ramin.online/workspace/dashboard/app/Controllers/City.php(14): CodeIgniter\Model->__call()
#2 /var/www/dev.ramin.online/workspace/dashboard/system/CodeIgniter.php(928): App\Controllers\City->index()
#3 /var/www/dev.ramin.online/workspace/dashboard/system/CodeIgniter.php(436): CodeIgniter\CodeIgniter->runController()
#4 /var/www/dev.ramin.online/workspace/dashboard/system/CodeIgniter.php(336): CodeIgniter\CodeIgniter->handleRequest()
#5 /var/www/dev.ramin.online/workspace/dashboard/public/index.php(37): CodeIgniter\CodeIgniter->run()
#6 {main}
CRITICAL - 2021-08-04 09:27:07 --> Argument 2 passed to CodeIgniter\Database\BaseBuilder::like() must be of the type string, null given, called in /var/www/dev.ramin.online/workspace/dashboard/system/Model.php on line 800
#0 /var/www/dev.ramin.online/workspace/dashboard/system/Model.php(800): CodeIgniter\Database\BaseBuilder->like()
#1 /var/www/dev.ramin.online/workspace/dashboard/app/Controllers/City.php(14): CodeIgniter\Model->__call()
#2 /var/www/dev.ramin.online/workspace/dashboard/system/CodeIgniter.php(928): App\Controllers\City->index()
#3 /var/www/dev.ramin.online/workspace/dashboard/system/CodeIgniter.php(436): CodeIgniter\CodeIgniter->runController()
#4 /var/www/dev.ramin.online/workspace/dashboard/system/CodeIgniter.php(336): CodeIgniter\CodeIgniter->handleRequest()
#5 /var/www/dev.ramin.online/workspace/dashboard/public/index.php(37): CodeIgniter\CodeIgniter->run()
#6 {main}
CRITICAL - 2021-08-04 09:27:58 --> Argument 2 passed to CodeIgniter\Database\BaseBuilder::like() must be of the type string, null given, called in /var/www/dev.ramin.online/workspace/dashboard/system/Model.php on line 800
#0 /var/www/dev.ramin.online/workspace/dashboard/system/Model.php(800): CodeIgniter\Database\BaseBuilder->like()
#1 /var/www/dev.ramin.online/workspace/dashboard/app/Controllers/City.php(14): CodeIgniter\Model->__call()
#2 /var/www/dev.ramin.online/workspace/dashboard/system/CodeIgniter.php(928): App\Controllers\City->index()
#3 /var/www/dev.ramin.online/workspace/dashboard/system/CodeIgniter.php(436): CodeIgniter\CodeIgniter->runController()
#4 /var/www/dev.ramin.online/workspace/dashboard/system/CodeIgniter.php(336): CodeIgniter\CodeIgniter->handleRequest()
#5 /var/www/dev.ramin.online/workspace/dashboard/public/index.php(37): CodeIgniter\CodeIgniter->run()
#6 {main}
CRITICAL - 2021-08-04 09:30:46 --> Argument 2 passed to CodeIgniter\Database\BaseBuilder::like() must be of the type string, null given, called in /var/www/dev.ramin.online/workspace/dashboard/system/Model.php on line 800
#0 /var/www/dev.ramin.online/workspace/dashboard/system/Model.php(800): CodeIgniter\Database\BaseBuilder->like()
#1 /var/www/dev.ramin.online/workspace/dashboard/app/Controllers/City.php(14): CodeIgniter\Model->__call()
#2 /var/www/dev.ramin.online/workspace/dashboard/system/CodeIgniter.php(928): App\Controllers\City->index()
#3 /var/www/dev.ramin.online/workspace/dashboard/system/CodeIgniter.php(436): CodeIgniter\CodeIgniter->runController()
#4 /var/www/dev.ramin.online/workspace/dashboard/system/CodeIgniter.php(336): CodeIgniter\CodeIgniter->handleRequest()
#5 /var/www/dev.ramin.online/workspace/dashboard/public/index.php(37): CodeIgniter\CodeIgniter->run()
#6 {main}
CRITICAL - 2021-08-04 09:37:15 --> Argument 2 passed to CodeIgniter\Database\BaseBuilder::like() must be of the type string, null given, called in /var/www/dev.ramin.online/workspace/dashboard/system/Model.php on line 800
#0 /var/www/dev.ramin.online/workspace/dashboard/system/Model.php(800): CodeIgniter\Database\BaseBuilder->like()
#1 /var/www/dev.ramin.online/workspace/dashboard/app/Controllers/City.php(14): CodeIgniter\Model->__call()
#2 /var/www/dev.ramin.online/workspace/dashboard/system/CodeIgniter.php(928): App\Controllers\City->index()
#3 /var/www/dev.ramin.online/workspace/dashboard/system/CodeIgniter.php(436): CodeIgniter\CodeIgniter->runController()
#4 /var/www/dev.ramin.online/workspace/dashboard/system/CodeIgniter.php(336): CodeIgniter\CodeIgniter->handleRequest()
#5 /var/www/dev.ramin.online/workspace/dashboard/public/index.php(37): CodeIgniter\CodeIgniter->run()
#6 {main}
CRITICAL - 2021-08-04 09:54:04 --> Call to a member function like() on null
#0 /var/www/dev.ramin.online/workspace/dashboard/system/CodeIgniter.php(928): App\Controllers\City->index()
#1 /var/www/dev.ramin.online/workspace/dashboard/system/CodeIgniter.php(436): CodeIgniter\CodeIgniter->runController()
#2 /var/www/dev.ramin.online/workspace/dashboard/system/CodeIgniter.php(336): CodeIgniter\CodeIgniter->handleRequest()
#3 /var/www/dev.ramin.online/workspace/dashboard/public/index.php(37): CodeIgniter\CodeIgniter->run()
#4 {main}
CRITICAL - 2021-08-04 09:54:07 --> Call to a member function like() on null
#0 /var/www/dev.ramin.online/workspace/dashboard/system/CodeIgniter.php(928): App\Controllers\City->index()
#1 /var/www/dev.ramin.online/workspace/dashboard/system/CodeIgniter.php(436): CodeIgniter\CodeIgniter->runController()
#2 /var/www/dev.ramin.online/workspace/dashboard/system/CodeIgniter.php(336): CodeIgniter\CodeIgniter->handleRequest()
#3 /var/www/dev.ramin.online/workspace/dashboard/public/index.php(37): CodeIgniter\CodeIgniter->run()
#4 {main}
CRITICAL - 2021-08-04 09:54:08 --> Call to a member function like() on null
#0 /var/www/dev.ramin.online/workspace/dashboard/system/CodeIgniter.php(928): App\Controllers\City->index()
#1 /var/www/dev.ramin.online/workspace/dashboard/system/CodeIgniter.php(436): CodeIgniter\CodeIgniter->runController()
#2 /var/www/dev.ramin.online/workspace/dashboard/system/CodeIgniter.php(336): CodeIgniter\CodeIgniter->handleRequest()
#3 /var/www/dev.ramin.online/workspace/dashboard/public/index.php(37): CodeIgniter\CodeIgniter->run()
#4 {main}
CRITICAL - 2021-08-04 09:58:55 --> Call to a member function like() on null
#0 /var/www/dev.ramin.online/workspace/dashboard/system/CodeIgniter.php(928): App\Controllers\City->index()
#1 /var/www/dev.ramin.online/workspace/dashboard/system/CodeIgniter.php(436): CodeIgniter\CodeIgniter->runController()
#2 /var/www/dev.ramin.online/workspace/dashboard/system/CodeIgniter.php(336): CodeIgniter\CodeIgniter->handleRequest()
#3 /var/www/dev.ramin.online/workspace/dashboard/public/index.php(37): CodeIgniter\CodeIgniter->run()
#4 {main}
CRITICAL - 2021-08-04 10:02:54 --> Call to a member function like() on null
#0 /var/www/dev.ramin.online/workspace/dashboard/system/CodeIgniter.php(928): App\Controllers\City->index()
#1 /var/www/dev.ramin.online/workspace/dashboard/system/CodeIgniter.php(436): CodeIgniter\CodeIgniter->runController()
#2 /var/www/dev.ramin.online/workspace/dashboard/system/CodeIgniter.php(336): CodeIgniter\CodeIgniter->handleRequest()
#3 /var/www/dev.ramin.online/workspace/dashboard/public/index.php(37): CodeIgniter\CodeIgniter->run()
#4 {main}
CRITICAL - 2021-08-04 10:04:13 --> Call to a member function like() on null
#0 /var/www/dev.ramin.online/workspace/dashboard/system/CodeIgniter.php(928): App\Controllers\City->index()
#1 /var/www/dev.ramin.online/workspace/dashboard/system/CodeIgniter.php(436): CodeIgniter\CodeIgniter->runController()
#2 /var/www/dev.ramin.online/workspace/dashboard/system/CodeIgniter.php(336): CodeIgniter\CodeIgniter->handleRequest()
#3 /var/www/dev.ramin.online/workspace/dashboard/public/index.php(37): CodeIgniter\CodeIgniter->run()
#4 {main}
CRITICAL - 2021-08-04 10:04:57 --> Call to a member function like() on null
#0 /var/www/dev.ramin.online/workspace/dashboard/system/CodeIgniter.php(928): App\Controllers\City->index()
#1 /var/www/dev.ramin.online/workspace/dashboard/system/CodeIgniter.php(436): CodeIgniter\CodeIgniter->runController()
#2 /var/www/dev.ramin.online/workspace/dashboard/system/CodeIgniter.php(336): CodeIgniter\CodeIgniter->handleRequest()
#3 /var/www/dev.ramin.online/workspace/dashboard/public/index.php(37): CodeIgniter\CodeIgniter->run()
#4 {main}
